ARM GAS  C:\Users\86184\AppData\Local\Temp\cc8EJF7V.s 			page 1


   1              		.cpu cortex-m3
   2              		.arch armv7-m
   3              		.fpu softvfp
   4              		.eabi_attribute 20, 1
   5              		.eabi_attribute 21, 1
   6              		.eabi_attribute 23, 3
   7              		.eabi_attribute 24, 1
   8              		.eabi_attribute 25, 1
   9              		.eabi_attribute 26, 1
  10              		.eabi_attribute 30, 2
  11              		.eabi_attribute 34, 1
  12              		.eabi_attribute 18, 4
  13              		.file	"main.c"
  14              		.text
  15              	.Ltext0:
  16              		.cfi_sections	.debug_frame
  17              		.file 1 "Src/main.c"
  18              		.section	.text.startup.main,"ax",%progbits
  19              		.align	1
  20              		.p2align 2,,3
  21              		.global	main
  22              		.syntax unified
  23              		.thumb
  24              		.thumb_func
  26              	main:
  27              	.LFB68:
   1:Src/main.c    **** #include "main.h"
   2:Src/main.c    **** 
   3:Src/main.c    **** int main(void)
   4:Src/main.c    **** {
  28              		.loc 1 4 1 view -0
  29              		.cfi_startproc
  30              		@ args = 0, pretend = 0, frame = 0
  31              		@ frame_needed = 0, uses_anonymous_args = 0
   5:Src/main.c    ****     HAL_Init();
  32              		.loc 1 5 5 view .LVU1
   4:Src/main.c    ****     HAL_Init();
  33              		.loc 1 4 1 is_stmt 0 view .LVU2
  34 0000 08B5     		push	{r3, lr}
  35              	.LCFI0:
  36              		.cfi_def_cfa_offset 8
  37              		.cfi_offset 3, -8
  38              		.cfi_offset 14, -4
  39              		.loc 1 5 5 view .LVU3
  40 0002 FFF7FEFF 		bl	HAL_Init
  41              	.LVL0:
   6:Src/main.c    ****     sys_stm32_clock_init(RCC_PLL_MUL9); /* 设置时钟,72M */
  42              		.loc 1 6 5 is_stmt 1 view .LVU4
  43 0006 4FF4E010 		mov	r0, #1835008
  44 000a FFF7FEFF 		bl	sys_stm32_clock_init
  45              	.LVL1:
   7:Src/main.c    ****     delay_init(72); /* 初始化延时函数 */
  46              		.loc 1 7 5 view .LVU5
  47 000e 4820     		movs	r0, #72
  48 0010 FFF7FEFF 		bl	delay_init
  49              	.LVL2:
   8:Src/main.c    ****     run();
ARM GAS  C:\Users\86184\AppData\Local\Temp\cc8EJF7V.s 			page 2


  50              		.loc 1 8 5 view .LVU6
  51 0014 FFF7FEFF 		bl	run
  52              	.LVL3:
   9:Src/main.c    **** }
  53              		.loc 1 9 1 is_stmt 0 view .LVU7
  54 0018 0020     		movs	r0, #0
  55 001a 08BD     		pop	{r3, pc}
  56              		.cfi_endproc
  57              	.LFE68:
  59              		.text
  60              	.Letext0:
  61              		.file 2 "d:\\appdev\\vsarm\\armcc\\arm-none-eabi\\include\\machine\\_default_types.h"
  62              		.file 3 "d:\\appdev\\vsarm\\armcc\\arm-none-eabi\\include\\sys\\_stdint.h"
  63              		.file 4 "Drivers/STM32F1xx_HAL_Driver/Inc/stm32f1xx_hal_def.h"
  64              		.file 5 "Drivers/./SYSTEM/delay/delay.h"
  65              		.file 6 "Drivers/./SYSTEM/sys/sys.h"
  66              		.file 7 "Inc/ex8.h"
  67              		.file 8 "Drivers/STM32F1xx_HAL_Driver/Inc/stm32f1xx_hal.h"
ARM GAS  C:\Users\86184\AppData\Local\Temp\cc8EJF7V.s 			page 3


DEFINED SYMBOLS
                            *ABS*:00000000 main.c
C:\Users\86184\AppData\Local\Temp\cc8EJF7V.s:19     .text.startup.main:00000000 $t
C:\Users\86184\AppData\Local\Temp\cc8EJF7V.s:26     .text.startup.main:00000000 main

UNDEFINED SYMBOLS
HAL_Init
sys_stm32_clock_init
delay_init
run
