ARM GAS  C:\Users\86184\AppData\Local\Temp\ccKec3LZ.s 			page 1


   1              		.cpu cortex-m3
   2              		.arch armv7-m
   3              		.fpu softvfp
   4              		.eabi_attribute 20, 1
   5              		.eabi_attribute 21, 1
   6              		.eabi_attribute 23, 3
   7              		.eabi_attribute 24, 1
   8              		.eabi_attribute 25, 1
   9              		.eabi_attribute 26, 1
  10              		.eabi_attribute 30, 2
  11              		.eabi_attribute 34, 1
  12              		.eabi_attribute 18, 4
  13              		.file	"stm32f1xx_hal_msp.c"
  14              		.text
  15              	.Ltext0:
  16              		.cfi_sections	.debug_frame
  17              		.file 1 "Src/stm32f1xx_hal_msp.c"
  18              		.section	.text.HAL_MspInit,"ax",%progbits
  19              		.align	1
  20              		.p2align 2,,3
  21              		.global	HAL_MspInit
  22              		.syntax unified
  23              		.thumb
  24              		.thumb_func
  26              	HAL_MspInit:
  27              	.LFB68:
   1:Src/stm32f1xx_hal_msp.c **** /* USER CODE BEGIN Header */
   2:Src/stm32f1xx_hal_msp.c **** /**
   3:Src/stm32f1xx_hal_msp.c ****   ******************************************************************************
   4:Src/stm32f1xx_hal_msp.c ****   * @file         stm32f1xx_hal_msp.c
   5:Src/stm32f1xx_hal_msp.c ****   * @brief        This file provides code for the MSP Initialization
   6:Src/stm32f1xx_hal_msp.c ****   *               and de-Initialization codes.
   7:Src/stm32f1xx_hal_msp.c ****   ******************************************************************************
   8:Src/stm32f1xx_hal_msp.c ****   * @attention
   9:Src/stm32f1xx_hal_msp.c ****   *
  10:Src/stm32f1xx_hal_msp.c ****   * Copyright (c) 2023 STMicroelectronics.
  11:Src/stm32f1xx_hal_msp.c ****   * All rights reserved.
  12:Src/stm32f1xx_hal_msp.c ****   *
  13:Src/stm32f1xx_hal_msp.c ****   * This software is licensed under terms that can be found in the LICENSE file
  14:Src/stm32f1xx_hal_msp.c ****   * in the root directory of this software component.
  15:Src/stm32f1xx_hal_msp.c ****   * If no LICENSE file comes with this software, it is provided AS-IS.
  16:Src/stm32f1xx_hal_msp.c ****   *
  17:Src/stm32f1xx_hal_msp.c ****   ******************************************************************************
  18:Src/stm32f1xx_hal_msp.c ****   */
  19:Src/stm32f1xx_hal_msp.c **** /* USER CODE END Header */
  20:Src/stm32f1xx_hal_msp.c **** 
  21:Src/stm32f1xx_hal_msp.c **** /* Includes ------------------------------------------------------------------*/
  22:Src/stm32f1xx_hal_msp.c **** #include "main.h"
  23:Src/stm32f1xx_hal_msp.c **** /* USER CODE BEGIN Includes */
  24:Src/stm32f1xx_hal_msp.c **** 
  25:Src/stm32f1xx_hal_msp.c **** /* USER CODE END Includes */
  26:Src/stm32f1xx_hal_msp.c **** 
  27:Src/stm32f1xx_hal_msp.c **** /* Private typedef -----------------------------------------------------------*/
  28:Src/stm32f1xx_hal_msp.c **** /* USER CODE BEGIN TD */
  29:Src/stm32f1xx_hal_msp.c **** 
  30:Src/stm32f1xx_hal_msp.c **** /* USER CODE END TD */
  31:Src/stm32f1xx_hal_msp.c **** 
ARM GAS  C:\Users\86184\AppData\Local\Temp\ccKec3LZ.s 			page 2


  32:Src/stm32f1xx_hal_msp.c **** /* Private define ------------------------------------------------------------*/
  33:Src/stm32f1xx_hal_msp.c **** /* USER CODE BEGIN Define */
  34:Src/stm32f1xx_hal_msp.c **** 
  35:Src/stm32f1xx_hal_msp.c **** /* USER CODE END Define */
  36:Src/stm32f1xx_hal_msp.c **** 
  37:Src/stm32f1xx_hal_msp.c **** /* Private macro -------------------------------------------------------------*/
  38:Src/stm32f1xx_hal_msp.c **** /* USER CODE BEGIN Macro */
  39:Src/stm32f1xx_hal_msp.c **** 
  40:Src/stm32f1xx_hal_msp.c **** /* USER CODE END Macro */
  41:Src/stm32f1xx_hal_msp.c **** 
  42:Src/stm32f1xx_hal_msp.c **** /* Private variables ---------------------------------------------------------*/
  43:Src/stm32f1xx_hal_msp.c **** /* USER CODE BEGIN PV */
  44:Src/stm32f1xx_hal_msp.c **** 
  45:Src/stm32f1xx_hal_msp.c **** /* USER CODE END PV */
  46:Src/stm32f1xx_hal_msp.c **** 
  47:Src/stm32f1xx_hal_msp.c **** /* Private function prototypes -----------------------------------------------*/
  48:Src/stm32f1xx_hal_msp.c **** /* USER CODE BEGIN PFP */
  49:Src/stm32f1xx_hal_msp.c **** 
  50:Src/stm32f1xx_hal_msp.c **** /* USER CODE END PFP */
  51:Src/stm32f1xx_hal_msp.c **** 
  52:Src/stm32f1xx_hal_msp.c **** /* External functions --------------------------------------------------------*/
  53:Src/stm32f1xx_hal_msp.c **** /* USER CODE BEGIN ExternalFunctions */
  54:Src/stm32f1xx_hal_msp.c **** 
  55:Src/stm32f1xx_hal_msp.c **** /* USER CODE END ExternalFunctions */
  56:Src/stm32f1xx_hal_msp.c **** 
  57:Src/stm32f1xx_hal_msp.c **** /* USER CODE BEGIN 0 */
  58:Src/stm32f1xx_hal_msp.c **** 
  59:Src/stm32f1xx_hal_msp.c **** /* USER CODE END 0 */
  60:Src/stm32f1xx_hal_msp.c **** /**
  61:Src/stm32f1xx_hal_msp.c ****   * Initializes the Global MSP.
  62:Src/stm32f1xx_hal_msp.c ****   */
  63:Src/stm32f1xx_hal_msp.c **** void HAL_MspInit(void)
  64:Src/stm32f1xx_hal_msp.c **** {
  28              		.loc 1 64 1 view -0
  29              		.cfi_startproc
  30              		@ args = 0, pretend = 0, frame = 8
  31              		@ frame_needed = 0, uses_anonymous_args = 0
  32              		@ link register save eliminated.
  65:Src/stm32f1xx_hal_msp.c ****   /* USER CODE BEGIN MspInit 0 */
  66:Src/stm32f1xx_hal_msp.c **** 
  67:Src/stm32f1xx_hal_msp.c ****   /* USER CODE END MspInit 0 */
  68:Src/stm32f1xx_hal_msp.c **** 
  69:Src/stm32f1xx_hal_msp.c ****   __HAL_RCC_AFIO_CLK_ENABLE();
  33              		.loc 1 69 3 view .LVU1
  34              	.LBB2:
  35              		.loc 1 69 3 view .LVU2
  36              		.loc 1 69 3 view .LVU3
  37 0000 0E4B     		ldr	r3, .L4
  38              	.LBE2:
  64:Src/stm32f1xx_hal_msp.c ****   /* USER CODE BEGIN MspInit 0 */
  39              		.loc 1 64 1 is_stmt 0 view .LVU4
  40 0002 82B0     		sub	sp, sp, #8
  41              	.LCFI0:
  42              		.cfi_def_cfa_offset 8
  43              	.LBB3:
  44              		.loc 1 69 3 view .LVU5
  45 0004 9A69     		ldr	r2, [r3, #24]
ARM GAS  C:\Users\86184\AppData\Local\Temp\ccKec3LZ.s 			page 3


  46              	.LBE3:
  47              	.LBB4:
  70:Src/stm32f1xx_hal_msp.c ****   __HAL_RCC_PWR_CLK_ENABLE();
  71:Src/stm32f1xx_hal_msp.c **** 
  72:Src/stm32f1xx_hal_msp.c ****   /* System interrupt init*/
  73:Src/stm32f1xx_hal_msp.c **** 
  74:Src/stm32f1xx_hal_msp.c ****   /** NONJTRST: Full SWJ (JTAG-DP + SW-DP) but without NJTRST
  75:Src/stm32f1xx_hal_msp.c ****   */
  76:Src/stm32f1xx_hal_msp.c ****   __HAL_AFIO_REMAP_SWJ_NONJTRST();
  48              		.loc 1 76 3 view .LVU6
  49 0006 0E49     		ldr	r1, .L4+4
  50              	.LBE4:
  51              	.LBB5:
  69:Src/stm32f1xx_hal_msp.c ****   __HAL_RCC_PWR_CLK_ENABLE();
  52              		.loc 1 69 3 view .LVU7
  53 0008 42F00102 		orr	r2, r2, #1
  54 000c 9A61     		str	r2, [r3, #24]
  69:Src/stm32f1xx_hal_msp.c ****   __HAL_RCC_PWR_CLK_ENABLE();
  55              		.loc 1 69 3 is_stmt 1 view .LVU8
  56 000e 9A69     		ldr	r2, [r3, #24]
  57 0010 02F00102 		and	r2, r2, #1
  58 0014 0092     		str	r2, [sp]
  69:Src/stm32f1xx_hal_msp.c ****   __HAL_RCC_PWR_CLK_ENABLE();
  59              		.loc 1 69 3 view .LVU9
  60 0016 009A     		ldr	r2, [sp]
  61              	.LBE5:
  69:Src/stm32f1xx_hal_msp.c ****   __HAL_RCC_PWR_CLK_ENABLE();
  62              		.loc 1 69 3 view .LVU10
  70:Src/stm32f1xx_hal_msp.c ****   __HAL_RCC_PWR_CLK_ENABLE();
  63              		.loc 1 70 3 view .LVU11
  64              	.LBB6:
  70:Src/stm32f1xx_hal_msp.c ****   __HAL_RCC_PWR_CLK_ENABLE();
  65              		.loc 1 70 3 view .LVU12
  70:Src/stm32f1xx_hal_msp.c ****   __HAL_RCC_PWR_CLK_ENABLE();
  66              		.loc 1 70 3 view .LVU13
  67 0018 DA69     		ldr	r2, [r3, #28]
  68 001a 42F08052 		orr	r2, r2, #268435456
  69 001e DA61     		str	r2, [r3, #28]
  70:Src/stm32f1xx_hal_msp.c ****   __HAL_RCC_PWR_CLK_ENABLE();
  70              		.loc 1 70 3 view .LVU14
  71 0020 DB69     		ldr	r3, [r3, #28]
  72 0022 03F08053 		and	r3, r3, #268435456
  73 0026 0193     		str	r3, [sp, #4]
  70:Src/stm32f1xx_hal_msp.c ****   __HAL_RCC_PWR_CLK_ENABLE();
  74              		.loc 1 70 3 view .LVU15
  75 0028 019B     		ldr	r3, [sp, #4]
  76              	.LBE6:
  70:Src/stm32f1xx_hal_msp.c ****   __HAL_RCC_PWR_CLK_ENABLE();
  77              		.loc 1 70 3 view .LVU16
  78              		.loc 1 76 3 view .LVU17
  79              	.LBB7:
  80              		.loc 1 76 3 view .LVU18
  81 002a 4B68     		ldr	r3, [r1, #4]
  82              	.LVL0:
  83              		.loc 1 76 3 view .LVU19
  84 002c 23F0E063 		bic	r3, r3, #117440512
  85              	.LVL1:
ARM GAS  C:\Users\86184\AppData\Local\Temp\ccKec3LZ.s 			page 4


  86              		.loc 1 76 3 view .LVU20
  87 0030 43F08073 		orr	r3, r3, #16777216
  88              	.LVL2:
  89              		.loc 1 76 3 view .LVU21
  90 0034 4B60     		str	r3, [r1, #4]
  91              	.LBE7:
  92              		.loc 1 76 3 view .LVU22
  77:Src/stm32f1xx_hal_msp.c **** 
  78:Src/stm32f1xx_hal_msp.c ****   /* USER CODE BEGIN MspInit 1 */
  79:Src/stm32f1xx_hal_msp.c **** 
  80:Src/stm32f1xx_hal_msp.c ****   /* USER CODE END MspInit 1 */
  81:Src/stm32f1xx_hal_msp.c **** }
  93              		.loc 1 81 1 is_stmt 0 view .LVU23
  94 0036 02B0     		add	sp, sp, #8
  95              	.LCFI1:
  96              		.cfi_def_cfa_offset 0
  97              		@ sp needed
  98 0038 7047     		bx	lr
  99              	.L5:
 100 003a 00BF     		.align	2
 101              	.L4:
 102 003c 00100240 		.word	1073876992
 103 0040 00000140 		.word	1073807360
 104              		.cfi_endproc
 105              	.LFE68:
 107              		.text
 108              	.Letext0:
 109              		.file 2 "d:\\appdev\\vsarm\\armcc\\arm-none-eabi\\include\\machine\\_default_types.h"
 110              		.file 3 "d:\\appdev\\vsarm\\armcc\\arm-none-eabi\\include\\sys\\_stdint.h"
 111              		.file 4 "Drivers/CMSIS/Device/ST/STM32F1xx/Include/stm32f103xe.h"
ARM GAS  C:\Users\86184\AppData\Local\Temp\ccKec3LZ.s 			page 5


DEFINED SYMBOLS
                            *ABS*:00000000 stm32f1xx_hal_msp.c
C:\Users\86184\AppData\Local\Temp\ccKec3LZ.s:19     .text.HAL_MspInit:00000000 $t
C:\Users\86184\AppData\Local\Temp\ccKec3LZ.s:26     .text.HAL_MspInit:00000000 HAL_MspInit
C:\Users\86184\AppData\Local\Temp\ccKec3LZ.s:102    .text.HAL_MspInit:0000003c $d

NO UNDEFINED SYMBOLS
