ARM GAS  C:\Users\86184\AppData\Local\Temp\cc6DTunZ.s 			page 1


   1              		.cpu cortex-m3
   2              		.arch armv7-m
   3              		.fpu softvfp
   4              		.eabi_attribute 20, 1
   5              		.eabi_attribute 21, 1
   6              		.eabi_attribute 23, 3
   7              		.eabi_attribute 24, 1
   8              		.eabi_attribute 25, 1
   9              		.eabi_attribute 26, 1
  10              		.eabi_attribute 30, 2
  11              		.eabi_attribute 34, 1
  12              		.eabi_attribute 18, 4
  13              		.file	"stm32f1xx_hal_wwdg.c"
  14              		.text
  15              	.Ltext0:
  16              		.cfi_sections	.debug_frame
  17              		.file 1 "Drivers/STM32F1xx_HAL_Driver/Src/stm32f1xx_hal_wwdg.c"
  18              		.section	.text.HAL_WWDG_MspInit,"ax",%progbits
  19              		.align	1
  20              		.p2align 2,,3
  21              		.weak	HAL_WWDG_MspInit
  22              		.syntax unified
  23              		.thumb
  24              		.thumb_func
  26              	HAL_WWDG_MspInit:
  27              	.LVL0:
  28              	.LFB66:
   1:Drivers/STM32F1xx_HAL_Driver/Src/stm32f1xx_hal_wwdg.c **** /**
   2:Drivers/STM32F1xx_HAL_Driver/Src/stm32f1xx_hal_wwdg.c ****   ******************************************************************************
   3:Drivers/STM32F1xx_HAL_Driver/Src/stm32f1xx_hal_wwdg.c ****   * @file    stm32f1xx_hal_wwdg.c
   4:Drivers/STM32F1xx_HAL_Driver/Src/stm32f1xx_hal_wwdg.c ****   * @author  MCD Application Team
   5:Drivers/STM32F1xx_HAL_Driver/Src/stm32f1xx_hal_wwdg.c ****   * @brief   WWDG HAL module driver.
   6:Drivers/STM32F1xx_HAL_Driver/Src/stm32f1xx_hal_wwdg.c ****   *          This file provides firmware functions to manage the following
   7:Drivers/STM32F1xx_HAL_Driver/Src/stm32f1xx_hal_wwdg.c ****   *          functionalities of the Window Watchdog (WWDG) peripheral:
   8:Drivers/STM32F1xx_HAL_Driver/Src/stm32f1xx_hal_wwdg.c ****   *           + Initialization and Configuration functions
   9:Drivers/STM32F1xx_HAL_Driver/Src/stm32f1xx_hal_wwdg.c ****   *           + IO operation functions
  10:Drivers/STM32F1xx_HAL_Driver/Src/stm32f1xx_hal_wwdg.c ****   @verbatim
  11:Drivers/STM32F1xx_HAL_Driver/Src/stm32f1xx_hal_wwdg.c ****   ==============================================================================
  12:Drivers/STM32F1xx_HAL_Driver/Src/stm32f1xx_hal_wwdg.c ****                       ##### WWDG Specific features #####
  13:Drivers/STM32F1xx_HAL_Driver/Src/stm32f1xx_hal_wwdg.c ****   ==============================================================================
  14:Drivers/STM32F1xx_HAL_Driver/Src/stm32f1xx_hal_wwdg.c ****   [..]
  15:Drivers/STM32F1xx_HAL_Driver/Src/stm32f1xx_hal_wwdg.c ****     Once enabled the WWDG generates a system reset on expiry of a programmed
  16:Drivers/STM32F1xx_HAL_Driver/Src/stm32f1xx_hal_wwdg.c ****     time period, unless the program refreshes the counter (T[6;0] downcounter)
  17:Drivers/STM32F1xx_HAL_Driver/Src/stm32f1xx_hal_wwdg.c ****     before reaching 0x3F value (i.e. a reset is generated when the counter
  18:Drivers/STM32F1xx_HAL_Driver/Src/stm32f1xx_hal_wwdg.c ****     value rolls down from 0x40 to 0x3F).
  19:Drivers/STM32F1xx_HAL_Driver/Src/stm32f1xx_hal_wwdg.c **** 
  20:Drivers/STM32F1xx_HAL_Driver/Src/stm32f1xx_hal_wwdg.c ****     (+) An MCU reset is also generated if the counter value is refreshed
  21:Drivers/STM32F1xx_HAL_Driver/Src/stm32f1xx_hal_wwdg.c ****         before the counter has reached the refresh window value. This
  22:Drivers/STM32F1xx_HAL_Driver/Src/stm32f1xx_hal_wwdg.c ****         implies that the counter must be refreshed in a limited window.
  23:Drivers/STM32F1xx_HAL_Driver/Src/stm32f1xx_hal_wwdg.c ****     (+) Once enabled the WWDG cannot be disabled except by a system reset.
  24:Drivers/STM32F1xx_HAL_Driver/Src/stm32f1xx_hal_wwdg.c ****     (+) If required by application, an Early Wakeup Interrupt can be triggered
  25:Drivers/STM32F1xx_HAL_Driver/Src/stm32f1xx_hal_wwdg.c ****         in order to be warned before WWDG expiration. The Early Wakeup Interrupt
  26:Drivers/STM32F1xx_HAL_Driver/Src/stm32f1xx_hal_wwdg.c ****         (EWI) can be used if specific safety operations or data logging must
  27:Drivers/STM32F1xx_HAL_Driver/Src/stm32f1xx_hal_wwdg.c ****         be performed before the actual reset is generated. When the downcounter
  28:Drivers/STM32F1xx_HAL_Driver/Src/stm32f1xx_hal_wwdg.c ****         reaches 0x40, interrupt occurs. This mechanism requires WWDG interrupt
  29:Drivers/STM32F1xx_HAL_Driver/Src/stm32f1xx_hal_wwdg.c ****         line to be enabled in NVIC. Once enabled, EWI interrupt cannot be
  30:Drivers/STM32F1xx_HAL_Driver/Src/stm32f1xx_hal_wwdg.c ****         disabled except by a system reset.
ARM GAS  C:\Users\86184\AppData\Local\Temp\cc6DTunZ.s 			page 2


  31:Drivers/STM32F1xx_HAL_Driver/Src/stm32f1xx_hal_wwdg.c ****     (+) WWDGRST flag in RCC CSR register can be used to inform when a WWDG
  32:Drivers/STM32F1xx_HAL_Driver/Src/stm32f1xx_hal_wwdg.c ****         reset occurs.
  33:Drivers/STM32F1xx_HAL_Driver/Src/stm32f1xx_hal_wwdg.c ****     (+) The WWDG counter input clock is derived from the APB clock divided
  34:Drivers/STM32F1xx_HAL_Driver/Src/stm32f1xx_hal_wwdg.c ****         by a programmable prescaler.
  35:Drivers/STM32F1xx_HAL_Driver/Src/stm32f1xx_hal_wwdg.c ****     (+) WWDG clock (Hz) = PCLK1 / (4096 * Prescaler)
  36:Drivers/STM32F1xx_HAL_Driver/Src/stm32f1xx_hal_wwdg.c ****     (+) WWDG timeout (mS) = 1000 * (T[5;0] + 1) / WWDG clock (Hz)
  37:Drivers/STM32F1xx_HAL_Driver/Src/stm32f1xx_hal_wwdg.c ****         where T[5;0] are the lowest 6 bits of Counter.
  38:Drivers/STM32F1xx_HAL_Driver/Src/stm32f1xx_hal_wwdg.c ****     (+) WWDG Counter refresh is allowed between the following limits :
  39:Drivers/STM32F1xx_HAL_Driver/Src/stm32f1xx_hal_wwdg.c ****         (++) min time (mS) = 1000 * (Counter - Window) / WWDG clock
  40:Drivers/STM32F1xx_HAL_Driver/Src/stm32f1xx_hal_wwdg.c ****         (++) max time (mS) = 1000 * (Counter - 0x40) / WWDG clock
  41:Drivers/STM32F1xx_HAL_Driver/Src/stm32f1xx_hal_wwdg.c ****     (+) Typical values:
  42:Drivers/STM32F1xx_HAL_Driver/Src/stm32f1xx_hal_wwdg.c ****         (++) Counter min (T[5;0] = 0x00) at 36MHz (PCLK1) with zero prescaler:
  43:Drivers/STM32F1xx_HAL_Driver/Src/stm32f1xx_hal_wwdg.c ****              max timeout before reset: approximately 910µs
  44:Drivers/STM32F1xx_HAL_Driver/Src/stm32f1xx_hal_wwdg.c ****         (++) Counter max (T[5;0] = 0x3F) at 36MHz (PCLK1) with prescaler
  45:Drivers/STM32F1xx_HAL_Driver/Src/stm32f1xx_hal_wwdg.c ****              dividing by 8:
  46:Drivers/STM32F1xx_HAL_Driver/Src/stm32f1xx_hal_wwdg.c ****              max timeout before reset: approximately 58.25ms
  47:Drivers/STM32F1xx_HAL_Driver/Src/stm32f1xx_hal_wwdg.c **** 
  48:Drivers/STM32F1xx_HAL_Driver/Src/stm32f1xx_hal_wwdg.c ****                      ##### How to use this driver #####
  49:Drivers/STM32F1xx_HAL_Driver/Src/stm32f1xx_hal_wwdg.c ****   ==============================================================================
  50:Drivers/STM32F1xx_HAL_Driver/Src/stm32f1xx_hal_wwdg.c **** 
  51:Drivers/STM32F1xx_HAL_Driver/Src/stm32f1xx_hal_wwdg.c ****     *** Common driver usage ***
  52:Drivers/STM32F1xx_HAL_Driver/Src/stm32f1xx_hal_wwdg.c ****     ===========================
  53:Drivers/STM32F1xx_HAL_Driver/Src/stm32f1xx_hal_wwdg.c **** 
  54:Drivers/STM32F1xx_HAL_Driver/Src/stm32f1xx_hal_wwdg.c ****   [..]
  55:Drivers/STM32F1xx_HAL_Driver/Src/stm32f1xx_hal_wwdg.c ****     (+) Enable WWDG APB1 clock using __HAL_RCC_WWDG_CLK_ENABLE().
  56:Drivers/STM32F1xx_HAL_Driver/Src/stm32f1xx_hal_wwdg.c ****     (+) Configure the WWDG prescaler, refresh window value, counter value and early
  57:Drivers/STM32F1xx_HAL_Driver/Src/stm32f1xx_hal_wwdg.c ****         interrupt status using HAL_WWDG_Init() function. This will automatically
  58:Drivers/STM32F1xx_HAL_Driver/Src/stm32f1xx_hal_wwdg.c ****         enable WWDG and start its downcounter. Time reference can be taken from 
  59:Drivers/STM32F1xx_HAL_Driver/Src/stm32f1xx_hal_wwdg.c ****         function exit. Care must be taken to provide a counter value
  60:Drivers/STM32F1xx_HAL_Driver/Src/stm32f1xx_hal_wwdg.c ****         greater than 0x40 to prevent generation of immediate reset.
  61:Drivers/STM32F1xx_HAL_Driver/Src/stm32f1xx_hal_wwdg.c ****     (+) If the Early Wakeup Interrupt (EWI) feature is enabled, an interrupt is
  62:Drivers/STM32F1xx_HAL_Driver/Src/stm32f1xx_hal_wwdg.c ****         generated when the counter reaches 0x40. When HAL_WWDG_IRQHandler is
  63:Drivers/STM32F1xx_HAL_Driver/Src/stm32f1xx_hal_wwdg.c ****         triggered by the interrupt service routine, flag will be automatically
  64:Drivers/STM32F1xx_HAL_Driver/Src/stm32f1xx_hal_wwdg.c ****         cleared and HAL_WWDG_WakeupCallback user callback will be executed. User
  65:Drivers/STM32F1xx_HAL_Driver/Src/stm32f1xx_hal_wwdg.c ****         can add his own code by customization of callback HAL_WWDG_WakeupCallback.
  66:Drivers/STM32F1xx_HAL_Driver/Src/stm32f1xx_hal_wwdg.c ****     (+) Then the application program must refresh the WWDG counter at regular
  67:Drivers/STM32F1xx_HAL_Driver/Src/stm32f1xx_hal_wwdg.c ****         intervals during normal operation to prevent an MCU reset, using
  68:Drivers/STM32F1xx_HAL_Driver/Src/stm32f1xx_hal_wwdg.c ****         HAL_WWDG_Refresh() function. This operation must occur only when
  69:Drivers/STM32F1xx_HAL_Driver/Src/stm32f1xx_hal_wwdg.c ****         the counter is lower than the refresh window value already programmed.
  70:Drivers/STM32F1xx_HAL_Driver/Src/stm32f1xx_hal_wwdg.c **** 
  71:Drivers/STM32F1xx_HAL_Driver/Src/stm32f1xx_hal_wwdg.c ****     *** Callback registration ***
  72:Drivers/STM32F1xx_HAL_Driver/Src/stm32f1xx_hal_wwdg.c ****     =============================
  73:Drivers/STM32F1xx_HAL_Driver/Src/stm32f1xx_hal_wwdg.c **** 
  74:Drivers/STM32F1xx_HAL_Driver/Src/stm32f1xx_hal_wwdg.c ****   [..]
  75:Drivers/STM32F1xx_HAL_Driver/Src/stm32f1xx_hal_wwdg.c ****     The compilation define USE_HAL_WWDG_REGISTER_CALLBACKS when set to 1 allows
  76:Drivers/STM32F1xx_HAL_Driver/Src/stm32f1xx_hal_wwdg.c ****     the user to configure dynamically the driver callbacks. Use Functions
  77:Drivers/STM32F1xx_HAL_Driver/Src/stm32f1xx_hal_wwdg.c ****     HAL_WWDG_RegisterCallback() to register a user callback.
  78:Drivers/STM32F1xx_HAL_Driver/Src/stm32f1xx_hal_wwdg.c **** 
  79:Drivers/STM32F1xx_HAL_Driver/Src/stm32f1xx_hal_wwdg.c ****     (+) Function HAL_WWDG_RegisterCallback() allows to register following
  80:Drivers/STM32F1xx_HAL_Driver/Src/stm32f1xx_hal_wwdg.c ****         callbacks:
  81:Drivers/STM32F1xx_HAL_Driver/Src/stm32f1xx_hal_wwdg.c ****         (++) EwiCallback : callback for Early WakeUp Interrupt.
  82:Drivers/STM32F1xx_HAL_Driver/Src/stm32f1xx_hal_wwdg.c ****         (++) MspInitCallback : WWDG MspInit.
  83:Drivers/STM32F1xx_HAL_Driver/Src/stm32f1xx_hal_wwdg.c ****     This function takes as parameters the HAL peripheral handle, the Callback ID
  84:Drivers/STM32F1xx_HAL_Driver/Src/stm32f1xx_hal_wwdg.c ****     and a pointer to the user callback function.
  85:Drivers/STM32F1xx_HAL_Driver/Src/stm32f1xx_hal_wwdg.c **** 
  86:Drivers/STM32F1xx_HAL_Driver/Src/stm32f1xx_hal_wwdg.c ****     (+) Use function HAL_WWDG_UnRegisterCallback() to reset a callback to
  87:Drivers/STM32F1xx_HAL_Driver/Src/stm32f1xx_hal_wwdg.c ****     the default weak (surcharged) function. HAL_WWDG_UnRegisterCallback()
ARM GAS  C:\Users\86184\AppData\Local\Temp\cc6DTunZ.s 			page 3


  88:Drivers/STM32F1xx_HAL_Driver/Src/stm32f1xx_hal_wwdg.c ****     takes as parameters the HAL peripheral handle and the Callback ID.
  89:Drivers/STM32F1xx_HAL_Driver/Src/stm32f1xx_hal_wwdg.c ****     This function allows to reset following callbacks:
  90:Drivers/STM32F1xx_HAL_Driver/Src/stm32f1xx_hal_wwdg.c ****         (++) EwiCallback : callback for  Early WakeUp Interrupt.
  91:Drivers/STM32F1xx_HAL_Driver/Src/stm32f1xx_hal_wwdg.c ****         (++) MspInitCallback : WWDG MspInit.
  92:Drivers/STM32F1xx_HAL_Driver/Src/stm32f1xx_hal_wwdg.c **** 
  93:Drivers/STM32F1xx_HAL_Driver/Src/stm32f1xx_hal_wwdg.c ****     [..]
  94:Drivers/STM32F1xx_HAL_Driver/Src/stm32f1xx_hal_wwdg.c ****     When calling HAL_WWDG_Init function, callbacks are reset to the
  95:Drivers/STM32F1xx_HAL_Driver/Src/stm32f1xx_hal_wwdg.c ****     corresponding legacy weak (surcharged) functions:
  96:Drivers/STM32F1xx_HAL_Driver/Src/stm32f1xx_hal_wwdg.c ****     HAL_WWDG_EarlyWakeupCallback() and HAL_WWDG_MspInit() only if they have
  97:Drivers/STM32F1xx_HAL_Driver/Src/stm32f1xx_hal_wwdg.c ****     not been registered before.
  98:Drivers/STM32F1xx_HAL_Driver/Src/stm32f1xx_hal_wwdg.c **** 
  99:Drivers/STM32F1xx_HAL_Driver/Src/stm32f1xx_hal_wwdg.c ****     [..]
 100:Drivers/STM32F1xx_HAL_Driver/Src/stm32f1xx_hal_wwdg.c ****     When compilation define USE_HAL_WWDG_REGISTER_CALLBACKS is set to 0 or
 101:Drivers/STM32F1xx_HAL_Driver/Src/stm32f1xx_hal_wwdg.c ****     not defined, the callback registering feature is not available
 102:Drivers/STM32F1xx_HAL_Driver/Src/stm32f1xx_hal_wwdg.c ****     and weak (surcharged) callbacks are used.
 103:Drivers/STM32F1xx_HAL_Driver/Src/stm32f1xx_hal_wwdg.c **** 
 104:Drivers/STM32F1xx_HAL_Driver/Src/stm32f1xx_hal_wwdg.c ****     *** WWDG HAL driver macros list ***
 105:Drivers/STM32F1xx_HAL_Driver/Src/stm32f1xx_hal_wwdg.c ****     ===================================
 106:Drivers/STM32F1xx_HAL_Driver/Src/stm32f1xx_hal_wwdg.c ****     [..]
 107:Drivers/STM32F1xx_HAL_Driver/Src/stm32f1xx_hal_wwdg.c ****       Below the list of available macros in WWDG HAL driver.
 108:Drivers/STM32F1xx_HAL_Driver/Src/stm32f1xx_hal_wwdg.c ****       (+) __HAL_WWDG_ENABLE: Enable the WWDG peripheral
 109:Drivers/STM32F1xx_HAL_Driver/Src/stm32f1xx_hal_wwdg.c ****       (+) __HAL_WWDG_GET_FLAG: Get the selected WWDG's flag status
 110:Drivers/STM32F1xx_HAL_Driver/Src/stm32f1xx_hal_wwdg.c ****       (+) __HAL_WWDG_CLEAR_FLAG: Clear the WWDG's pending flags
 111:Drivers/STM32F1xx_HAL_Driver/Src/stm32f1xx_hal_wwdg.c ****       (+) __HAL_WWDG_ENABLE_IT: Enable the WWDG early wakeup interrupt
 112:Drivers/STM32F1xx_HAL_Driver/Src/stm32f1xx_hal_wwdg.c **** 
 113:Drivers/STM32F1xx_HAL_Driver/Src/stm32f1xx_hal_wwdg.c ****   @endverbatim
 114:Drivers/STM32F1xx_HAL_Driver/Src/stm32f1xx_hal_wwdg.c ****   ******************************************************************************
 115:Drivers/STM32F1xx_HAL_Driver/Src/stm32f1xx_hal_wwdg.c ****   * @attention
 116:Drivers/STM32F1xx_HAL_Driver/Src/stm32f1xx_hal_wwdg.c ****   *
 117:Drivers/STM32F1xx_HAL_Driver/Src/stm32f1xx_hal_wwdg.c ****   * <h2><center>&copy; Copyright (c) 2016 STMicroelectronics.
 118:Drivers/STM32F1xx_HAL_Driver/Src/stm32f1xx_hal_wwdg.c ****   * All rights reserved.</center></h2>
 119:Drivers/STM32F1xx_HAL_Driver/Src/stm32f1xx_hal_wwdg.c ****   *
 120:Drivers/STM32F1xx_HAL_Driver/Src/stm32f1xx_hal_wwdg.c ****   * This software component is licensed by ST under BSD 3-Clause license,
 121:Drivers/STM32F1xx_HAL_Driver/Src/stm32f1xx_hal_wwdg.c ****   * the "License"; You may not use this file except in compliance with the
 122:Drivers/STM32F1xx_HAL_Driver/Src/stm32f1xx_hal_wwdg.c ****   * License. You may obtain a copy of the License at:
 123:Drivers/STM32F1xx_HAL_Driver/Src/stm32f1xx_hal_wwdg.c ****   *                        opensource.org/licenses/BSD-3-Clause
 124:Drivers/STM32F1xx_HAL_Driver/Src/stm32f1xx_hal_wwdg.c ****   *
 125:Drivers/STM32F1xx_HAL_Driver/Src/stm32f1xx_hal_wwdg.c ****   ******************************************************************************
 126:Drivers/STM32F1xx_HAL_Driver/Src/stm32f1xx_hal_wwdg.c ****   */
 127:Drivers/STM32F1xx_HAL_Driver/Src/stm32f1xx_hal_wwdg.c **** 
 128:Drivers/STM32F1xx_HAL_Driver/Src/stm32f1xx_hal_wwdg.c **** /* Includes ------------------------------------------------------------------*/
 129:Drivers/STM32F1xx_HAL_Driver/Src/stm32f1xx_hal_wwdg.c **** #include "stm32f1xx_hal.h"
 130:Drivers/STM32F1xx_HAL_Driver/Src/stm32f1xx_hal_wwdg.c **** 
 131:Drivers/STM32F1xx_HAL_Driver/Src/stm32f1xx_hal_wwdg.c **** /** @addtogroup STM32F1xx_HAL_Driver
 132:Drivers/STM32F1xx_HAL_Driver/Src/stm32f1xx_hal_wwdg.c ****   * @{
 133:Drivers/STM32F1xx_HAL_Driver/Src/stm32f1xx_hal_wwdg.c ****   */
 134:Drivers/STM32F1xx_HAL_Driver/Src/stm32f1xx_hal_wwdg.c **** 
 135:Drivers/STM32F1xx_HAL_Driver/Src/stm32f1xx_hal_wwdg.c **** #ifdef HAL_WWDG_MODULE_ENABLED
 136:Drivers/STM32F1xx_HAL_Driver/Src/stm32f1xx_hal_wwdg.c **** /** @defgroup WWDG WWDG
 137:Drivers/STM32F1xx_HAL_Driver/Src/stm32f1xx_hal_wwdg.c ****   * @brief WWDG HAL module driver.
 138:Drivers/STM32F1xx_HAL_Driver/Src/stm32f1xx_hal_wwdg.c ****   * @{
 139:Drivers/STM32F1xx_HAL_Driver/Src/stm32f1xx_hal_wwdg.c ****   */
 140:Drivers/STM32F1xx_HAL_Driver/Src/stm32f1xx_hal_wwdg.c **** 
 141:Drivers/STM32F1xx_HAL_Driver/Src/stm32f1xx_hal_wwdg.c **** /* Private typedef -----------------------------------------------------------*/
 142:Drivers/STM32F1xx_HAL_Driver/Src/stm32f1xx_hal_wwdg.c **** /* Private define ------------------------------------------------------------*/
 143:Drivers/STM32F1xx_HAL_Driver/Src/stm32f1xx_hal_wwdg.c **** /* Private macro -------------------------------------------------------------*/
 144:Drivers/STM32F1xx_HAL_Driver/Src/stm32f1xx_hal_wwdg.c **** /* Private variables ---------------------------------------------------------*/
ARM GAS  C:\Users\86184\AppData\Local\Temp\cc6DTunZ.s 			page 4


 145:Drivers/STM32F1xx_HAL_Driver/Src/stm32f1xx_hal_wwdg.c **** /* Private function prototypes -----------------------------------------------*/
 146:Drivers/STM32F1xx_HAL_Driver/Src/stm32f1xx_hal_wwdg.c **** /* Exported functions --------------------------------------------------------*/
 147:Drivers/STM32F1xx_HAL_Driver/Src/stm32f1xx_hal_wwdg.c **** 
 148:Drivers/STM32F1xx_HAL_Driver/Src/stm32f1xx_hal_wwdg.c **** /** @defgroup WWDG_Exported_Functions WWDG Exported Functions
 149:Drivers/STM32F1xx_HAL_Driver/Src/stm32f1xx_hal_wwdg.c ****   * @{
 150:Drivers/STM32F1xx_HAL_Driver/Src/stm32f1xx_hal_wwdg.c ****   */
 151:Drivers/STM32F1xx_HAL_Driver/Src/stm32f1xx_hal_wwdg.c **** 
 152:Drivers/STM32F1xx_HAL_Driver/Src/stm32f1xx_hal_wwdg.c **** /** @defgroup WWDG_Exported_Functions_Group1 Initialization and Configuration functions
 153:Drivers/STM32F1xx_HAL_Driver/Src/stm32f1xx_hal_wwdg.c ****   *  @brief    Initialization and Configuration functions.
 154:Drivers/STM32F1xx_HAL_Driver/Src/stm32f1xx_hal_wwdg.c ****   *
 155:Drivers/STM32F1xx_HAL_Driver/Src/stm32f1xx_hal_wwdg.c **** @verbatim
 156:Drivers/STM32F1xx_HAL_Driver/Src/stm32f1xx_hal_wwdg.c ****   ==============================================================================
 157:Drivers/STM32F1xx_HAL_Driver/Src/stm32f1xx_hal_wwdg.c ****           ##### Initialization and Configuration functions #####
 158:Drivers/STM32F1xx_HAL_Driver/Src/stm32f1xx_hal_wwdg.c ****   ==============================================================================
 159:Drivers/STM32F1xx_HAL_Driver/Src/stm32f1xx_hal_wwdg.c ****   [..]
 160:Drivers/STM32F1xx_HAL_Driver/Src/stm32f1xx_hal_wwdg.c ****     This section provides functions allowing to:
 161:Drivers/STM32F1xx_HAL_Driver/Src/stm32f1xx_hal_wwdg.c ****       (+) Initialize and start the WWDG according to the specified parameters
 162:Drivers/STM32F1xx_HAL_Driver/Src/stm32f1xx_hal_wwdg.c ****           in the WWDG_InitTypeDef of associated handle.
 163:Drivers/STM32F1xx_HAL_Driver/Src/stm32f1xx_hal_wwdg.c ****       (+) Initialize the WWDG MSP.
 164:Drivers/STM32F1xx_HAL_Driver/Src/stm32f1xx_hal_wwdg.c **** 
 165:Drivers/STM32F1xx_HAL_Driver/Src/stm32f1xx_hal_wwdg.c **** @endverbatim
 166:Drivers/STM32F1xx_HAL_Driver/Src/stm32f1xx_hal_wwdg.c ****   * @{
 167:Drivers/STM32F1xx_HAL_Driver/Src/stm32f1xx_hal_wwdg.c ****   */
 168:Drivers/STM32F1xx_HAL_Driver/Src/stm32f1xx_hal_wwdg.c **** 
 169:Drivers/STM32F1xx_HAL_Driver/Src/stm32f1xx_hal_wwdg.c **** /**
 170:Drivers/STM32F1xx_HAL_Driver/Src/stm32f1xx_hal_wwdg.c ****   * @brief  Initialize the WWDG according to the specified.
 171:Drivers/STM32F1xx_HAL_Driver/Src/stm32f1xx_hal_wwdg.c ****   *         parameters in the WWDG_InitTypeDef of  associated handle.
 172:Drivers/STM32F1xx_HAL_Driver/Src/stm32f1xx_hal_wwdg.c ****   * @param  hwwdg  pointer to a WWDG_HandleTypeDef structure that contains
 173:Drivers/STM32F1xx_HAL_Driver/Src/stm32f1xx_hal_wwdg.c ****   *                the configuration information for the specified WWDG module.
 174:Drivers/STM32F1xx_HAL_Driver/Src/stm32f1xx_hal_wwdg.c ****   * @retval HAL status
 175:Drivers/STM32F1xx_HAL_Driver/Src/stm32f1xx_hal_wwdg.c ****   */
 176:Drivers/STM32F1xx_HAL_Driver/Src/stm32f1xx_hal_wwdg.c **** HAL_StatusTypeDef HAL_WWDG_Init(WWDG_HandleTypeDef *hwwdg)
 177:Drivers/STM32F1xx_HAL_Driver/Src/stm32f1xx_hal_wwdg.c **** {
 178:Drivers/STM32F1xx_HAL_Driver/Src/stm32f1xx_hal_wwdg.c ****   /* Check the WWDG handle allocation */
 179:Drivers/STM32F1xx_HAL_Driver/Src/stm32f1xx_hal_wwdg.c ****   if (hwwdg == NULL)
 180:Drivers/STM32F1xx_HAL_Driver/Src/stm32f1xx_hal_wwdg.c ****   {
 181:Drivers/STM32F1xx_HAL_Driver/Src/stm32f1xx_hal_wwdg.c ****     return HAL_ERROR;
 182:Drivers/STM32F1xx_HAL_Driver/Src/stm32f1xx_hal_wwdg.c ****   }
 183:Drivers/STM32F1xx_HAL_Driver/Src/stm32f1xx_hal_wwdg.c **** 
 184:Drivers/STM32F1xx_HAL_Driver/Src/stm32f1xx_hal_wwdg.c ****   /* Check the parameters */
 185:Drivers/STM32F1xx_HAL_Driver/Src/stm32f1xx_hal_wwdg.c ****   assert_param(IS_WWDG_ALL_INSTANCE(hwwdg->Instance));
 186:Drivers/STM32F1xx_HAL_Driver/Src/stm32f1xx_hal_wwdg.c ****   assert_param(IS_WWDG_PRESCALER(hwwdg->Init.Prescaler));
 187:Drivers/STM32F1xx_HAL_Driver/Src/stm32f1xx_hal_wwdg.c ****   assert_param(IS_WWDG_WINDOW(hwwdg->Init.Window));
 188:Drivers/STM32F1xx_HAL_Driver/Src/stm32f1xx_hal_wwdg.c ****   assert_param(IS_WWDG_COUNTER(hwwdg->Init.Counter));
 189:Drivers/STM32F1xx_HAL_Driver/Src/stm32f1xx_hal_wwdg.c ****   assert_param(IS_WWDG_EWI_MODE(hwwdg->Init.EWIMode));
 190:Drivers/STM32F1xx_HAL_Driver/Src/stm32f1xx_hal_wwdg.c **** 
 191:Drivers/STM32F1xx_HAL_Driver/Src/stm32f1xx_hal_wwdg.c **** #if (USE_HAL_WWDG_REGISTER_CALLBACKS == 1)
 192:Drivers/STM32F1xx_HAL_Driver/Src/stm32f1xx_hal_wwdg.c ****   /* Reset Callback pointers */
 193:Drivers/STM32F1xx_HAL_Driver/Src/stm32f1xx_hal_wwdg.c ****   if (hwwdg->EwiCallback == NULL)
 194:Drivers/STM32F1xx_HAL_Driver/Src/stm32f1xx_hal_wwdg.c ****   {
 195:Drivers/STM32F1xx_HAL_Driver/Src/stm32f1xx_hal_wwdg.c ****     hwwdg->EwiCallback = HAL_WWDG_EarlyWakeupCallback;
 196:Drivers/STM32F1xx_HAL_Driver/Src/stm32f1xx_hal_wwdg.c ****   }
 197:Drivers/STM32F1xx_HAL_Driver/Src/stm32f1xx_hal_wwdg.c **** 
 198:Drivers/STM32F1xx_HAL_Driver/Src/stm32f1xx_hal_wwdg.c ****   if (hwwdg->MspInitCallback == NULL)
 199:Drivers/STM32F1xx_HAL_Driver/Src/stm32f1xx_hal_wwdg.c ****   {
 200:Drivers/STM32F1xx_HAL_Driver/Src/stm32f1xx_hal_wwdg.c ****     hwwdg->MspInitCallback = HAL_WWDG_MspInit;
 201:Drivers/STM32F1xx_HAL_Driver/Src/stm32f1xx_hal_wwdg.c ****   }
ARM GAS  C:\Users\86184\AppData\Local\Temp\cc6DTunZ.s 			page 5


 202:Drivers/STM32F1xx_HAL_Driver/Src/stm32f1xx_hal_wwdg.c **** 
 203:Drivers/STM32F1xx_HAL_Driver/Src/stm32f1xx_hal_wwdg.c ****   /* Init the low level hardware */
 204:Drivers/STM32F1xx_HAL_Driver/Src/stm32f1xx_hal_wwdg.c ****   hwwdg->MspInitCallback(hwwdg);
 205:Drivers/STM32F1xx_HAL_Driver/Src/stm32f1xx_hal_wwdg.c **** #else
 206:Drivers/STM32F1xx_HAL_Driver/Src/stm32f1xx_hal_wwdg.c ****   /* Init the low level hardware */
 207:Drivers/STM32F1xx_HAL_Driver/Src/stm32f1xx_hal_wwdg.c ****   HAL_WWDG_MspInit(hwwdg);
 208:Drivers/STM32F1xx_HAL_Driver/Src/stm32f1xx_hal_wwdg.c **** #endif /* USE_HAL_WWDG_REGISTER_CALLBACKS */
 209:Drivers/STM32F1xx_HAL_Driver/Src/stm32f1xx_hal_wwdg.c **** 
 210:Drivers/STM32F1xx_HAL_Driver/Src/stm32f1xx_hal_wwdg.c ****   /* Set WWDG Counter */
 211:Drivers/STM32F1xx_HAL_Driver/Src/stm32f1xx_hal_wwdg.c ****   WRITE_REG(hwwdg->Instance->CR, (WWDG_CR_WDGA | hwwdg->Init.Counter));
 212:Drivers/STM32F1xx_HAL_Driver/Src/stm32f1xx_hal_wwdg.c **** 
 213:Drivers/STM32F1xx_HAL_Driver/Src/stm32f1xx_hal_wwdg.c ****   /* Set WWDG Prescaler and Window */
 214:Drivers/STM32F1xx_HAL_Driver/Src/stm32f1xx_hal_wwdg.c ****   WRITE_REG(hwwdg->Instance->CFR, (hwwdg->Init.EWIMode | hwwdg->Init.Prescaler | hwwdg->Init.Window
 215:Drivers/STM32F1xx_HAL_Driver/Src/stm32f1xx_hal_wwdg.c **** 
 216:Drivers/STM32F1xx_HAL_Driver/Src/stm32f1xx_hal_wwdg.c ****   /* Return function status */
 217:Drivers/STM32F1xx_HAL_Driver/Src/stm32f1xx_hal_wwdg.c ****   return HAL_OK;
 218:Drivers/STM32F1xx_HAL_Driver/Src/stm32f1xx_hal_wwdg.c **** }
 219:Drivers/STM32F1xx_HAL_Driver/Src/stm32f1xx_hal_wwdg.c **** 
 220:Drivers/STM32F1xx_HAL_Driver/Src/stm32f1xx_hal_wwdg.c **** 
 221:Drivers/STM32F1xx_HAL_Driver/Src/stm32f1xx_hal_wwdg.c **** /**
 222:Drivers/STM32F1xx_HAL_Driver/Src/stm32f1xx_hal_wwdg.c ****   * @brief  Initialize the WWDG MSP.
 223:Drivers/STM32F1xx_HAL_Driver/Src/stm32f1xx_hal_wwdg.c ****   * @param  hwwdg  pointer to a WWDG_HandleTypeDef structure that contains
 224:Drivers/STM32F1xx_HAL_Driver/Src/stm32f1xx_hal_wwdg.c ****   *                the configuration information for the specified WWDG module.
 225:Drivers/STM32F1xx_HAL_Driver/Src/stm32f1xx_hal_wwdg.c ****   * @note   When rewriting this function in user file, mechanism may be added
 226:Drivers/STM32F1xx_HAL_Driver/Src/stm32f1xx_hal_wwdg.c ****   *         to avoid multiple initialize when HAL_WWDG_Init function is called
 227:Drivers/STM32F1xx_HAL_Driver/Src/stm32f1xx_hal_wwdg.c ****   *         again to change parameters.
 228:Drivers/STM32F1xx_HAL_Driver/Src/stm32f1xx_hal_wwdg.c ****   * @retval None
 229:Drivers/STM32F1xx_HAL_Driver/Src/stm32f1xx_hal_wwdg.c ****   */
 230:Drivers/STM32F1xx_HAL_Driver/Src/stm32f1xx_hal_wwdg.c **** __weak void HAL_WWDG_MspInit(WWDG_HandleTypeDef *hwwdg)
 231:Drivers/STM32F1xx_HAL_Driver/Src/stm32f1xx_hal_wwdg.c **** {
  29              		.loc 1 231 1 view -0
  30              		.cfi_startproc
  31              		@ args = 0, pretend = 0, frame = 0
  32              		@ frame_needed = 0, uses_anonymous_args = 0
  33              		@ link register save eliminated.
 232:Drivers/STM32F1xx_HAL_Driver/Src/stm32f1xx_hal_wwdg.c ****   /* Prevent unused argument(s) compilation warning */
 233:Drivers/STM32F1xx_HAL_Driver/Src/stm32f1xx_hal_wwdg.c ****   UNUSED(hwwdg);
  34              		.loc 1 233 3 view .LVU1
 234:Drivers/STM32F1xx_HAL_Driver/Src/stm32f1xx_hal_wwdg.c **** 
 235:Drivers/STM32F1xx_HAL_Driver/Src/stm32f1xx_hal_wwdg.c ****   /* NOTE: This function should not be modified, when the callback is needed,
 236:Drivers/STM32F1xx_HAL_Driver/Src/stm32f1xx_hal_wwdg.c ****            the HAL_WWDG_MspInit could be implemented in the user file
 237:Drivers/STM32F1xx_HAL_Driver/Src/stm32f1xx_hal_wwdg.c ****    */
 238:Drivers/STM32F1xx_HAL_Driver/Src/stm32f1xx_hal_wwdg.c **** }
  35              		.loc 1 238 1 is_stmt 0 view .LVU2
  36 0000 7047     		bx	lr
  37              		.cfi_endproc
  38              	.LFE66:
  40 0002 00BF     		.section	.text.HAL_WWDG_Init,"ax",%progbits
  41              		.align	1
  42              		.p2align 2,,3
  43              		.global	HAL_WWDG_Init
  44              		.syntax unified
  45              		.thumb
  46              		.thumb_func
  48              	HAL_WWDG_Init:
  49              	.LVL1:
  50              	.LFB65:
ARM GAS  C:\Users\86184\AppData\Local\Temp\cc6DTunZ.s 			page 6


 177:Drivers/STM32F1xx_HAL_Driver/Src/stm32f1xx_hal_wwdg.c ****   /* Check the WWDG handle allocation */
  51              		.loc 1 177 1 is_stmt 1 view -0
  52              		.cfi_startproc
  53              		@ args = 0, pretend = 0, frame = 0
  54              		@ frame_needed = 0, uses_anonymous_args = 0
 179:Drivers/STM32F1xx_HAL_Driver/Src/stm32f1xx_hal_wwdg.c ****   {
  55              		.loc 1 179 3 view .LVU4
 179:Drivers/STM32F1xx_HAL_Driver/Src/stm32f1xx_hal_wwdg.c ****   {
  56              		.loc 1 179 6 is_stmt 0 view .LVU5
  57 0000 80B1     		cbz	r0, .L5
 177:Drivers/STM32F1xx_HAL_Driver/Src/stm32f1xx_hal_wwdg.c ****   /* Check the WWDG handle allocation */
  58              		.loc 1 177 1 view .LVU6
  59 0002 38B5     		push	{r3, r4, r5, lr}
  60              	.LCFI0:
  61              		.cfi_def_cfa_offset 16
  62              		.cfi_offset 3, -16
  63              		.cfi_offset 4, -12
  64              		.cfi_offset 5, -8
  65              		.cfi_offset 14, -4
  66 0004 0446     		mov	r4, r0
 185:Drivers/STM32F1xx_HAL_Driver/Src/stm32f1xx_hal_wwdg.c ****   assert_param(IS_WWDG_PRESCALER(hwwdg->Init.Prescaler));
  67              		.loc 1 185 3 is_stmt 1 view .LVU7
 186:Drivers/STM32F1xx_HAL_Driver/Src/stm32f1xx_hal_wwdg.c ****   assert_param(IS_WWDG_WINDOW(hwwdg->Init.Window));
  68              		.loc 1 186 3 view .LVU8
 187:Drivers/STM32F1xx_HAL_Driver/Src/stm32f1xx_hal_wwdg.c ****   assert_param(IS_WWDG_COUNTER(hwwdg->Init.Counter));
  69              		.loc 1 187 3 view .LVU9
 188:Drivers/STM32F1xx_HAL_Driver/Src/stm32f1xx_hal_wwdg.c ****   assert_param(IS_WWDG_EWI_MODE(hwwdg->Init.EWIMode));
  70              		.loc 1 188 3 view .LVU10
 189:Drivers/STM32F1xx_HAL_Driver/Src/stm32f1xx_hal_wwdg.c **** 
  71              		.loc 1 189 3 view .LVU11
 207:Drivers/STM32F1xx_HAL_Driver/Src/stm32f1xx_hal_wwdg.c **** #endif /* USE_HAL_WWDG_REGISTER_CALLBACKS */
  72              		.loc 1 207 3 view .LVU12
  73 0006 FFF7FEFF 		bl	HAL_WWDG_MspInit
  74              	.LVL2:
 211:Drivers/STM32F1xx_HAL_Driver/Src/stm32f1xx_hal_wwdg.c **** 
  75              		.loc 1 211 3 view .LVU13
 214:Drivers/STM32F1xx_HAL_Driver/Src/stm32f1xx_hal_wwdg.c **** 
  76              		.loc 1 214 3 is_stmt 0 view .LVU14
  77 000a D4E90202 		ldrd	r0, r2, [r4, #8]
  78 000e 2369     		ldr	r3, [r4, #16]
  79 0010 6568     		ldr	r5, [r4, #4]
 211:Drivers/STM32F1xx_HAL_Driver/Src/stm32f1xx_hal_wwdg.c **** 
  80              		.loc 1 211 3 view .LVU15
  81 0012 2168     		ldr	r1, [r4]
 214:Drivers/STM32F1xx_HAL_Driver/Src/stm32f1xx_hal_wwdg.c **** 
  82              		.loc 1 214 3 view .LVU16
  83 0014 2B43     		orrs	r3, r3, r5
  84 0016 0343     		orrs	r3, r3, r0
 211:Drivers/STM32F1xx_HAL_Driver/Src/stm32f1xx_hal_wwdg.c **** 
  85              		.loc 1 211 3 view .LVU17
  86 0018 42F08002 		orr	r2, r2, #128
  87 001c 0A60     		str	r2, [r1]
 214:Drivers/STM32F1xx_HAL_Driver/Src/stm32f1xx_hal_wwdg.c **** 
  88              		.loc 1 214 3 is_stmt 1 view .LVU18
 217:Drivers/STM32F1xx_HAL_Driver/Src/stm32f1xx_hal_wwdg.c **** }
  89              		.loc 1 217 10 is_stmt 0 view .LVU19
  90 001e 0020     		movs	r0, #0
ARM GAS  C:\Users\86184\AppData\Local\Temp\cc6DTunZ.s 			page 7


 214:Drivers/STM32F1xx_HAL_Driver/Src/stm32f1xx_hal_wwdg.c **** 
  91              		.loc 1 214 3 view .LVU20
  92 0020 4B60     		str	r3, [r1, #4]
 217:Drivers/STM32F1xx_HAL_Driver/Src/stm32f1xx_hal_wwdg.c **** }
  93              		.loc 1 217 3 is_stmt 1 view .LVU21
 218:Drivers/STM32F1xx_HAL_Driver/Src/stm32f1xx_hal_wwdg.c **** 
  94              		.loc 1 218 1 is_stmt 0 view .LVU22
  95 0022 38BD     		pop	{r3, r4, r5, pc}
  96              	.LVL3:
  97              	.L5:
  98              	.LCFI1:
  99              		.cfi_def_cfa_offset 0
 100              		.cfi_restore 3
 101              		.cfi_restore 4
 102              		.cfi_restore 5
 103              		.cfi_restore 14
 181:Drivers/STM32F1xx_HAL_Driver/Src/stm32f1xx_hal_wwdg.c ****   }
 104              		.loc 1 181 12 view .LVU23
 105 0024 0120     		movs	r0, #1
 106              	.LVL4:
 218:Drivers/STM32F1xx_HAL_Driver/Src/stm32f1xx_hal_wwdg.c **** 
 107              		.loc 1 218 1 view .LVU24
 108 0026 7047     		bx	lr
 109              		.cfi_endproc
 110              	.LFE65:
 112              		.section	.text.HAL_WWDG_Refresh,"ax",%progbits
 113              		.align	1
 114              		.p2align 2,,3
 115              		.global	HAL_WWDG_Refresh
 116              		.syntax unified
 117              		.thumb
 118              		.thumb_func
 120              	HAL_WWDG_Refresh:
 121              	.LVL5:
 122              	.LFB67:
 239:Drivers/STM32F1xx_HAL_Driver/Src/stm32f1xx_hal_wwdg.c **** 
 240:Drivers/STM32F1xx_HAL_Driver/Src/stm32f1xx_hal_wwdg.c **** 
 241:Drivers/STM32F1xx_HAL_Driver/Src/stm32f1xx_hal_wwdg.c **** #if (USE_HAL_WWDG_REGISTER_CALLBACKS == 1)
 242:Drivers/STM32F1xx_HAL_Driver/Src/stm32f1xx_hal_wwdg.c **** /**
 243:Drivers/STM32F1xx_HAL_Driver/Src/stm32f1xx_hal_wwdg.c ****   * @brief  Register a User WWDG Callback
 244:Drivers/STM32F1xx_HAL_Driver/Src/stm32f1xx_hal_wwdg.c ****   *         To be used instead of the weak (surcharged) predefined callback
 245:Drivers/STM32F1xx_HAL_Driver/Src/stm32f1xx_hal_wwdg.c ****   * @param  hwwdg WWDG handle
 246:Drivers/STM32F1xx_HAL_Driver/Src/stm32f1xx_hal_wwdg.c ****   * @param  CallbackID ID of the callback to be registered
 247:Drivers/STM32F1xx_HAL_Driver/Src/stm32f1xx_hal_wwdg.c ****   *         This parameter can be one of the following values:
 248:Drivers/STM32F1xx_HAL_Driver/Src/stm32f1xx_hal_wwdg.c ****   *           @arg @ref HAL_WWDG_EWI_CB_ID Early WakeUp Interrupt Callback ID
 249:Drivers/STM32F1xx_HAL_Driver/Src/stm32f1xx_hal_wwdg.c ****   *           @arg @ref HAL_WWDG_MSPINIT_CB_ID MspInit callback ID
 250:Drivers/STM32F1xx_HAL_Driver/Src/stm32f1xx_hal_wwdg.c ****   * @param  pCallback pointer to the Callback function
 251:Drivers/STM32F1xx_HAL_Driver/Src/stm32f1xx_hal_wwdg.c ****   * @retval status
 252:Drivers/STM32F1xx_HAL_Driver/Src/stm32f1xx_hal_wwdg.c ****   */
 253:Drivers/STM32F1xx_HAL_Driver/Src/stm32f1xx_hal_wwdg.c **** HAL_StatusTypeDef HAL_WWDG_RegisterCallback(WWDG_HandleTypeDef *hwwdg, HAL_WWDG_CallbackIDTypeDef C
 254:Drivers/STM32F1xx_HAL_Driver/Src/stm32f1xx_hal_wwdg.c ****                                             pWWDG_CallbackTypeDef pCallback)
 255:Drivers/STM32F1xx_HAL_Driver/Src/stm32f1xx_hal_wwdg.c **** {
 256:Drivers/STM32F1xx_HAL_Driver/Src/stm32f1xx_hal_wwdg.c ****   HAL_StatusTypeDef status = HAL_OK;
 257:Drivers/STM32F1xx_HAL_Driver/Src/stm32f1xx_hal_wwdg.c **** 
 258:Drivers/STM32F1xx_HAL_Driver/Src/stm32f1xx_hal_wwdg.c ****   if (pCallback == NULL)
 259:Drivers/STM32F1xx_HAL_Driver/Src/stm32f1xx_hal_wwdg.c ****   {
 260:Drivers/STM32F1xx_HAL_Driver/Src/stm32f1xx_hal_wwdg.c ****     status = HAL_ERROR;
ARM GAS  C:\Users\86184\AppData\Local\Temp\cc6DTunZ.s 			page 8


 261:Drivers/STM32F1xx_HAL_Driver/Src/stm32f1xx_hal_wwdg.c ****   }
 262:Drivers/STM32F1xx_HAL_Driver/Src/stm32f1xx_hal_wwdg.c ****   else
 263:Drivers/STM32F1xx_HAL_Driver/Src/stm32f1xx_hal_wwdg.c ****   {
 264:Drivers/STM32F1xx_HAL_Driver/Src/stm32f1xx_hal_wwdg.c ****     switch (CallbackID)
 265:Drivers/STM32F1xx_HAL_Driver/Src/stm32f1xx_hal_wwdg.c ****     {
 266:Drivers/STM32F1xx_HAL_Driver/Src/stm32f1xx_hal_wwdg.c ****       case HAL_WWDG_EWI_CB_ID:
 267:Drivers/STM32F1xx_HAL_Driver/Src/stm32f1xx_hal_wwdg.c ****         hwwdg->EwiCallback = pCallback;
 268:Drivers/STM32F1xx_HAL_Driver/Src/stm32f1xx_hal_wwdg.c ****         break;
 269:Drivers/STM32F1xx_HAL_Driver/Src/stm32f1xx_hal_wwdg.c **** 
 270:Drivers/STM32F1xx_HAL_Driver/Src/stm32f1xx_hal_wwdg.c ****       case HAL_WWDG_MSPINIT_CB_ID:
 271:Drivers/STM32F1xx_HAL_Driver/Src/stm32f1xx_hal_wwdg.c ****         hwwdg->MspInitCallback = pCallback;
 272:Drivers/STM32F1xx_HAL_Driver/Src/stm32f1xx_hal_wwdg.c ****         break;
 273:Drivers/STM32F1xx_HAL_Driver/Src/stm32f1xx_hal_wwdg.c **** 
 274:Drivers/STM32F1xx_HAL_Driver/Src/stm32f1xx_hal_wwdg.c ****       default:
 275:Drivers/STM32F1xx_HAL_Driver/Src/stm32f1xx_hal_wwdg.c ****         status = HAL_ERROR;
 276:Drivers/STM32F1xx_HAL_Driver/Src/stm32f1xx_hal_wwdg.c ****         break;
 277:Drivers/STM32F1xx_HAL_Driver/Src/stm32f1xx_hal_wwdg.c ****     }
 278:Drivers/STM32F1xx_HAL_Driver/Src/stm32f1xx_hal_wwdg.c ****   }
 279:Drivers/STM32F1xx_HAL_Driver/Src/stm32f1xx_hal_wwdg.c **** 
 280:Drivers/STM32F1xx_HAL_Driver/Src/stm32f1xx_hal_wwdg.c ****   return status;
 281:Drivers/STM32F1xx_HAL_Driver/Src/stm32f1xx_hal_wwdg.c **** }
 282:Drivers/STM32F1xx_HAL_Driver/Src/stm32f1xx_hal_wwdg.c **** 
 283:Drivers/STM32F1xx_HAL_Driver/Src/stm32f1xx_hal_wwdg.c **** 
 284:Drivers/STM32F1xx_HAL_Driver/Src/stm32f1xx_hal_wwdg.c **** /**
 285:Drivers/STM32F1xx_HAL_Driver/Src/stm32f1xx_hal_wwdg.c ****   * @brief  Unregister a WWDG Callback
 286:Drivers/STM32F1xx_HAL_Driver/Src/stm32f1xx_hal_wwdg.c ****   *         WWDG Callback is redirected to the weak (surcharged) predefined callback
 287:Drivers/STM32F1xx_HAL_Driver/Src/stm32f1xx_hal_wwdg.c ****   * @param  hwwdg WWDG handle
 288:Drivers/STM32F1xx_HAL_Driver/Src/stm32f1xx_hal_wwdg.c ****   * @param  CallbackID ID of the callback to be registered
 289:Drivers/STM32F1xx_HAL_Driver/Src/stm32f1xx_hal_wwdg.c ****   *         This parameter can be one of the following values:
 290:Drivers/STM32F1xx_HAL_Driver/Src/stm32f1xx_hal_wwdg.c ****   *           @arg @ref HAL_WWDG_EWI_CB_ID Early WakeUp Interrupt Callback ID
 291:Drivers/STM32F1xx_HAL_Driver/Src/stm32f1xx_hal_wwdg.c ****   *           @arg @ref HAL_WWDG_MSPINIT_CB_ID MspInit callback ID
 292:Drivers/STM32F1xx_HAL_Driver/Src/stm32f1xx_hal_wwdg.c ****   * @retval status
 293:Drivers/STM32F1xx_HAL_Driver/Src/stm32f1xx_hal_wwdg.c ****   */
 294:Drivers/STM32F1xx_HAL_Driver/Src/stm32f1xx_hal_wwdg.c **** HAL_StatusTypeDef HAL_WWDG_UnRegisterCallback(WWDG_HandleTypeDef *hwwdg, HAL_WWDG_CallbackIDTypeDef
 295:Drivers/STM32F1xx_HAL_Driver/Src/stm32f1xx_hal_wwdg.c **** {
 296:Drivers/STM32F1xx_HAL_Driver/Src/stm32f1xx_hal_wwdg.c ****   HAL_StatusTypeDef status = HAL_OK;
 297:Drivers/STM32F1xx_HAL_Driver/Src/stm32f1xx_hal_wwdg.c **** 
 298:Drivers/STM32F1xx_HAL_Driver/Src/stm32f1xx_hal_wwdg.c ****   switch (CallbackID)
 299:Drivers/STM32F1xx_HAL_Driver/Src/stm32f1xx_hal_wwdg.c ****   {
 300:Drivers/STM32F1xx_HAL_Driver/Src/stm32f1xx_hal_wwdg.c ****     case HAL_WWDG_EWI_CB_ID:
 301:Drivers/STM32F1xx_HAL_Driver/Src/stm32f1xx_hal_wwdg.c ****       hwwdg->EwiCallback = HAL_WWDG_EarlyWakeupCallback;
 302:Drivers/STM32F1xx_HAL_Driver/Src/stm32f1xx_hal_wwdg.c ****       break;
 303:Drivers/STM32F1xx_HAL_Driver/Src/stm32f1xx_hal_wwdg.c **** 
 304:Drivers/STM32F1xx_HAL_Driver/Src/stm32f1xx_hal_wwdg.c ****     case HAL_WWDG_MSPINIT_CB_ID:
 305:Drivers/STM32F1xx_HAL_Driver/Src/stm32f1xx_hal_wwdg.c ****       hwwdg->MspInitCallback = HAL_WWDG_MspInit;
 306:Drivers/STM32F1xx_HAL_Driver/Src/stm32f1xx_hal_wwdg.c ****       break;
 307:Drivers/STM32F1xx_HAL_Driver/Src/stm32f1xx_hal_wwdg.c **** 
 308:Drivers/STM32F1xx_HAL_Driver/Src/stm32f1xx_hal_wwdg.c ****     default:
 309:Drivers/STM32F1xx_HAL_Driver/Src/stm32f1xx_hal_wwdg.c ****       status = HAL_ERROR;
 310:Drivers/STM32F1xx_HAL_Driver/Src/stm32f1xx_hal_wwdg.c ****       break;
 311:Drivers/STM32F1xx_HAL_Driver/Src/stm32f1xx_hal_wwdg.c ****   }
 312:Drivers/STM32F1xx_HAL_Driver/Src/stm32f1xx_hal_wwdg.c **** 
 313:Drivers/STM32F1xx_HAL_Driver/Src/stm32f1xx_hal_wwdg.c ****   return status;
 314:Drivers/STM32F1xx_HAL_Driver/Src/stm32f1xx_hal_wwdg.c **** }
 315:Drivers/STM32F1xx_HAL_Driver/Src/stm32f1xx_hal_wwdg.c **** #endif /* USE_HAL_WWDG_REGISTER_CALLBACKS */
 316:Drivers/STM32F1xx_HAL_Driver/Src/stm32f1xx_hal_wwdg.c **** 
 317:Drivers/STM32F1xx_HAL_Driver/Src/stm32f1xx_hal_wwdg.c **** /**
ARM GAS  C:\Users\86184\AppData\Local\Temp\cc6DTunZ.s 			page 9


 318:Drivers/STM32F1xx_HAL_Driver/Src/stm32f1xx_hal_wwdg.c ****   * @}
 319:Drivers/STM32F1xx_HAL_Driver/Src/stm32f1xx_hal_wwdg.c ****   */
 320:Drivers/STM32F1xx_HAL_Driver/Src/stm32f1xx_hal_wwdg.c **** 
 321:Drivers/STM32F1xx_HAL_Driver/Src/stm32f1xx_hal_wwdg.c **** /** @defgroup WWDG_Exported_Functions_Group2 IO operation functions
 322:Drivers/STM32F1xx_HAL_Driver/Src/stm32f1xx_hal_wwdg.c ****   *  @brief    IO operation functions
 323:Drivers/STM32F1xx_HAL_Driver/Src/stm32f1xx_hal_wwdg.c ****   *
 324:Drivers/STM32F1xx_HAL_Driver/Src/stm32f1xx_hal_wwdg.c **** @verbatim
 325:Drivers/STM32F1xx_HAL_Driver/Src/stm32f1xx_hal_wwdg.c ****   ==============================================================================
 326:Drivers/STM32F1xx_HAL_Driver/Src/stm32f1xx_hal_wwdg.c ****                       ##### IO operation functions #####
 327:Drivers/STM32F1xx_HAL_Driver/Src/stm32f1xx_hal_wwdg.c ****   ==============================================================================
 328:Drivers/STM32F1xx_HAL_Driver/Src/stm32f1xx_hal_wwdg.c ****   [..]
 329:Drivers/STM32F1xx_HAL_Driver/Src/stm32f1xx_hal_wwdg.c ****     This section provides functions allowing to:
 330:Drivers/STM32F1xx_HAL_Driver/Src/stm32f1xx_hal_wwdg.c ****     (+) Refresh the WWDG.
 331:Drivers/STM32F1xx_HAL_Driver/Src/stm32f1xx_hal_wwdg.c ****     (+) Handle WWDG interrupt request and associated function callback.
 332:Drivers/STM32F1xx_HAL_Driver/Src/stm32f1xx_hal_wwdg.c **** 
 333:Drivers/STM32F1xx_HAL_Driver/Src/stm32f1xx_hal_wwdg.c **** @endverbatim
 334:Drivers/STM32F1xx_HAL_Driver/Src/stm32f1xx_hal_wwdg.c ****   * @{
 335:Drivers/STM32F1xx_HAL_Driver/Src/stm32f1xx_hal_wwdg.c ****   */
 336:Drivers/STM32F1xx_HAL_Driver/Src/stm32f1xx_hal_wwdg.c **** 
 337:Drivers/STM32F1xx_HAL_Driver/Src/stm32f1xx_hal_wwdg.c **** /**
 338:Drivers/STM32F1xx_HAL_Driver/Src/stm32f1xx_hal_wwdg.c ****   * @brief  Refresh the WWDG.
 339:Drivers/STM32F1xx_HAL_Driver/Src/stm32f1xx_hal_wwdg.c ****   * @param  hwwdg  pointer to a WWDG_HandleTypeDef structure that contains
 340:Drivers/STM32F1xx_HAL_Driver/Src/stm32f1xx_hal_wwdg.c ****   *                the configuration information for the specified WWDG module.
 341:Drivers/STM32F1xx_HAL_Driver/Src/stm32f1xx_hal_wwdg.c ****   * @retval HAL status
 342:Drivers/STM32F1xx_HAL_Driver/Src/stm32f1xx_hal_wwdg.c ****   */
 343:Drivers/STM32F1xx_HAL_Driver/Src/stm32f1xx_hal_wwdg.c **** HAL_StatusTypeDef HAL_WWDG_Refresh(WWDG_HandleTypeDef *hwwdg)
 344:Drivers/STM32F1xx_HAL_Driver/Src/stm32f1xx_hal_wwdg.c **** {
 123              		.loc 1 344 1 is_stmt 1 view -0
 124              		.cfi_startproc
 125              		@ args = 0, pretend = 0, frame = 0
 126              		@ frame_needed = 0, uses_anonymous_args = 0
 127              		@ link register save eliminated.
 345:Drivers/STM32F1xx_HAL_Driver/Src/stm32f1xx_hal_wwdg.c ****   /* Write to WWDG CR the WWDG Counter value to refresh with */
 346:Drivers/STM32F1xx_HAL_Driver/Src/stm32f1xx_hal_wwdg.c ****   WRITE_REG(hwwdg->Instance->CR, (hwwdg->Init.Counter));
 128              		.loc 1 346 3 view .LVU26
 344:Drivers/STM32F1xx_HAL_Driver/Src/stm32f1xx_hal_wwdg.c ****   /* Write to WWDG CR the WWDG Counter value to refresh with */
 129              		.loc 1 344 1 is_stmt 0 view .LVU27
 130 0000 0346     		mov	r3, r0
 131              		.loc 1 346 3 view .LVU28
 132 0002 1A68     		ldr	r2, [r3]
 133 0004 DB68     		ldr	r3, [r3, #12]
 347:Drivers/STM32F1xx_HAL_Driver/Src/stm32f1xx_hal_wwdg.c **** 
 348:Drivers/STM32F1xx_HAL_Driver/Src/stm32f1xx_hal_wwdg.c ****   /* Return function status */
 349:Drivers/STM32F1xx_HAL_Driver/Src/stm32f1xx_hal_wwdg.c ****   return HAL_OK;
 350:Drivers/STM32F1xx_HAL_Driver/Src/stm32f1xx_hal_wwdg.c **** }
 134              		.loc 1 350 1 view .LVU29
 135 0006 0020     		movs	r0, #0
 136              	.LVL6:
 346:Drivers/STM32F1xx_HAL_Driver/Src/stm32f1xx_hal_wwdg.c **** 
 137              		.loc 1 346 3 view .LVU30
 138 0008 1360     		str	r3, [r2]
 349:Drivers/STM32F1xx_HAL_Driver/Src/stm32f1xx_hal_wwdg.c **** }
 139              		.loc 1 349 3 is_stmt 1 view .LVU31
 140              		.loc 1 350 1 is_stmt 0 view .LVU32
 141 000a 7047     		bx	lr
 142              		.cfi_endproc
 143              	.LFE67:
ARM GAS  C:\Users\86184\AppData\Local\Temp\cc6DTunZ.s 			page 10


 145              		.section	.text.HAL_WWDG_EarlyWakeupCallback,"ax",%progbits
 146              		.align	1
 147              		.p2align 2,,3
 148              		.weak	HAL_WWDG_EarlyWakeupCallback
 149              		.syntax unified
 150              		.thumb
 151              		.thumb_func
 153              	HAL_WWDG_EarlyWakeupCallback:
 154              	.LFB71:
 155              		.cfi_startproc
 351:Drivers/STM32F1xx_HAL_Driver/Src/stm32f1xx_hal_wwdg.c **** 
 352:Drivers/STM32F1xx_HAL_Driver/Src/stm32f1xx_hal_wwdg.c **** /**
 353:Drivers/STM32F1xx_HAL_Driver/Src/stm32f1xx_hal_wwdg.c ****   * @brief  Handle WWDG interrupt request.
 354:Drivers/STM32F1xx_HAL_Driver/Src/stm32f1xx_hal_wwdg.c ****   * @note   The Early Wakeup Interrupt (EWI) can be used if specific safety operations
 355:Drivers/STM32F1xx_HAL_Driver/Src/stm32f1xx_hal_wwdg.c ****   *         or data logging must be performed before the actual reset is generated.
 356:Drivers/STM32F1xx_HAL_Driver/Src/stm32f1xx_hal_wwdg.c ****   *         The EWI interrupt is enabled by calling HAL_WWDG_Init function with
 357:Drivers/STM32F1xx_HAL_Driver/Src/stm32f1xx_hal_wwdg.c ****   *         EWIMode set to WWDG_EWI_ENABLE.
 358:Drivers/STM32F1xx_HAL_Driver/Src/stm32f1xx_hal_wwdg.c ****   *         When the downcounter reaches the value 0x40, and EWI interrupt is
 359:Drivers/STM32F1xx_HAL_Driver/Src/stm32f1xx_hal_wwdg.c ****   *         generated and the corresponding Interrupt Service Routine (ISR) can
 360:Drivers/STM32F1xx_HAL_Driver/Src/stm32f1xx_hal_wwdg.c ****   *         be used to trigger specific actions (such as communications or data
 361:Drivers/STM32F1xx_HAL_Driver/Src/stm32f1xx_hal_wwdg.c ****   *         logging), before resetting the device.
 362:Drivers/STM32F1xx_HAL_Driver/Src/stm32f1xx_hal_wwdg.c ****   * @param  hwwdg  pointer to a WWDG_HandleTypeDef structure that contains
 363:Drivers/STM32F1xx_HAL_Driver/Src/stm32f1xx_hal_wwdg.c ****   *                the configuration information for the specified WWDG module.
 364:Drivers/STM32F1xx_HAL_Driver/Src/stm32f1xx_hal_wwdg.c ****   * @retval None
 365:Drivers/STM32F1xx_HAL_Driver/Src/stm32f1xx_hal_wwdg.c ****   */
 366:Drivers/STM32F1xx_HAL_Driver/Src/stm32f1xx_hal_wwdg.c **** void HAL_WWDG_IRQHandler(WWDG_HandleTypeDef *hwwdg)
 367:Drivers/STM32F1xx_HAL_Driver/Src/stm32f1xx_hal_wwdg.c **** {
 368:Drivers/STM32F1xx_HAL_Driver/Src/stm32f1xx_hal_wwdg.c ****   /* Check if Early Wakeup Interrupt is enable */
 369:Drivers/STM32F1xx_HAL_Driver/Src/stm32f1xx_hal_wwdg.c ****   if (__HAL_WWDG_GET_IT_SOURCE(hwwdg, WWDG_IT_EWI) != RESET)
 370:Drivers/STM32F1xx_HAL_Driver/Src/stm32f1xx_hal_wwdg.c ****   {
 371:Drivers/STM32F1xx_HAL_Driver/Src/stm32f1xx_hal_wwdg.c ****     /* Check if WWDG Early Wakeup Interrupt occurred */
 372:Drivers/STM32F1xx_HAL_Driver/Src/stm32f1xx_hal_wwdg.c ****     if (__HAL_WWDG_GET_FLAG(hwwdg, WWDG_FLAG_EWIF) != RESET)
 373:Drivers/STM32F1xx_HAL_Driver/Src/stm32f1xx_hal_wwdg.c ****     {
 374:Drivers/STM32F1xx_HAL_Driver/Src/stm32f1xx_hal_wwdg.c ****       /* Clear the WWDG Early Wakeup flag */
 375:Drivers/STM32F1xx_HAL_Driver/Src/stm32f1xx_hal_wwdg.c ****       __HAL_WWDG_CLEAR_FLAG(hwwdg, WWDG_FLAG_EWIF);
 376:Drivers/STM32F1xx_HAL_Driver/Src/stm32f1xx_hal_wwdg.c **** 
 377:Drivers/STM32F1xx_HAL_Driver/Src/stm32f1xx_hal_wwdg.c **** #if (USE_HAL_WWDG_REGISTER_CALLBACKS == 1)
 378:Drivers/STM32F1xx_HAL_Driver/Src/stm32f1xx_hal_wwdg.c ****       /* Early Wakeup registered callback */
 379:Drivers/STM32F1xx_HAL_Driver/Src/stm32f1xx_hal_wwdg.c ****       hwwdg->EwiCallback(hwwdg);
 380:Drivers/STM32F1xx_HAL_Driver/Src/stm32f1xx_hal_wwdg.c **** #else
 381:Drivers/STM32F1xx_HAL_Driver/Src/stm32f1xx_hal_wwdg.c ****       /* Early Wakeup callback */
 382:Drivers/STM32F1xx_HAL_Driver/Src/stm32f1xx_hal_wwdg.c ****       HAL_WWDG_EarlyWakeupCallback(hwwdg);
 383:Drivers/STM32F1xx_HAL_Driver/Src/stm32f1xx_hal_wwdg.c **** #endif /* USE_HAL_WWDG_REGISTER_CALLBACKS */
 384:Drivers/STM32F1xx_HAL_Driver/Src/stm32f1xx_hal_wwdg.c ****     }
 385:Drivers/STM32F1xx_HAL_Driver/Src/stm32f1xx_hal_wwdg.c ****   }
 386:Drivers/STM32F1xx_HAL_Driver/Src/stm32f1xx_hal_wwdg.c **** }
 387:Drivers/STM32F1xx_HAL_Driver/Src/stm32f1xx_hal_wwdg.c **** 
 388:Drivers/STM32F1xx_HAL_Driver/Src/stm32f1xx_hal_wwdg.c **** 
 389:Drivers/STM32F1xx_HAL_Driver/Src/stm32f1xx_hal_wwdg.c **** /**
 390:Drivers/STM32F1xx_HAL_Driver/Src/stm32f1xx_hal_wwdg.c ****   * @brief  WWDG Early Wakeup callback.
 391:Drivers/STM32F1xx_HAL_Driver/Src/stm32f1xx_hal_wwdg.c ****   * @param  hwwdg  pointer to a WWDG_HandleTypeDef structure that contains
 392:Drivers/STM32F1xx_HAL_Driver/Src/stm32f1xx_hal_wwdg.c ****   *                the configuration information for the specified WWDG module.
 393:Drivers/STM32F1xx_HAL_Driver/Src/stm32f1xx_hal_wwdg.c ****   * @retval None
 394:Drivers/STM32F1xx_HAL_Driver/Src/stm32f1xx_hal_wwdg.c ****   */
 395:Drivers/STM32F1xx_HAL_Driver/Src/stm32f1xx_hal_wwdg.c **** __weak void HAL_WWDG_EarlyWakeupCallback(WWDG_HandleTypeDef *hwwdg)
 156              		.loc 1 395 13 is_stmt 1 view -0
 157              		@ args = 0, pretend = 0, frame = 0
ARM GAS  C:\Users\86184\AppData\Local\Temp\cc6DTunZ.s 			page 11


 158              		@ frame_needed = 0, uses_anonymous_args = 0
 159              		@ link register save eliminated.
 160 0000 7047     		bx	lr
 161              		.cfi_endproc
 162              	.LFE71:
 164 0002 00BF     		.section	.text.HAL_WWDG_IRQHandler,"ax",%progbits
 165              		.align	1
 166              		.p2align 2,,3
 167              		.global	HAL_WWDG_IRQHandler
 168              		.syntax unified
 169              		.thumb
 170              		.thumb_func
 172              	HAL_WWDG_IRQHandler:
 173              	.LVL7:
 174              	.LFB68:
 367:Drivers/STM32F1xx_HAL_Driver/Src/stm32f1xx_hal_wwdg.c ****   /* Check if Early Wakeup Interrupt is enable */
 175              		.loc 1 367 1 view -0
 176              		.cfi_startproc
 177              		@ args = 0, pretend = 0, frame = 0
 178              		@ frame_needed = 0, uses_anonymous_args = 0
 369:Drivers/STM32F1xx_HAL_Driver/Src/stm32f1xx_hal_wwdg.c ****   {
 179              		.loc 1 369 3 view .LVU35
 367:Drivers/STM32F1xx_HAL_Driver/Src/stm32f1xx_hal_wwdg.c ****   /* Check if Early Wakeup Interrupt is enable */
 180              		.loc 1 367 1 is_stmt 0 view .LVU36
 181 0000 08B5     		push	{r3, lr}
 182              	.LCFI2:
 183              		.cfi_def_cfa_offset 8
 184              		.cfi_offset 3, -8
 185              		.cfi_offset 14, -4
 369:Drivers/STM32F1xx_HAL_Driver/Src/stm32f1xx_hal_wwdg.c ****   {
 186              		.loc 1 369 7 view .LVU37
 187 0002 0368     		ldr	r3, [r0]
 188 0004 5A68     		ldr	r2, [r3, #4]
 369:Drivers/STM32F1xx_HAL_Driver/Src/stm32f1xx_hal_wwdg.c ****   {
 189              		.loc 1 369 6 view .LVU38
 190 0006 9105     		lsls	r1, r2, #22
 191 0008 02D5     		bpl	.L12
 372:Drivers/STM32F1xx_HAL_Driver/Src/stm32f1xx_hal_wwdg.c ****     {
 192              		.loc 1 372 5 is_stmt 1 view .LVU39
 372:Drivers/STM32F1xx_HAL_Driver/Src/stm32f1xx_hal_wwdg.c ****     {
 193              		.loc 1 372 9 is_stmt 0 view .LVU40
 194 000a 9A68     		ldr	r2, [r3, #8]
 372:Drivers/STM32F1xx_HAL_Driver/Src/stm32f1xx_hal_wwdg.c ****     {
 195              		.loc 1 372 8 view .LVU41
 196 000c D207     		lsls	r2, r2, #31
 197 000e 00D4     		bmi	.L21
 198              	.L12:
 386:Drivers/STM32F1xx_HAL_Driver/Src/stm32f1xx_hal_wwdg.c **** 
 199              		.loc 1 386 1 view .LVU42
 200 0010 08BD     		pop	{r3, pc}
 201              	.L21:
 375:Drivers/STM32F1xx_HAL_Driver/Src/stm32f1xx_hal_wwdg.c **** 
 202              		.loc 1 375 7 is_stmt 1 view .LVU43
 203 0012 6FF00102 		mvn	r2, #1
 204 0016 9A60     		str	r2, [r3, #8]
 382:Drivers/STM32F1xx_HAL_Driver/Src/stm32f1xx_hal_wwdg.c **** #endif /* USE_HAL_WWDG_REGISTER_CALLBACKS */
 205              		.loc 1 382 7 view .LVU44
ARM GAS  C:\Users\86184\AppData\Local\Temp\cc6DTunZ.s 			page 12


 206 0018 FFF7FEFF 		bl	HAL_WWDG_EarlyWakeupCallback
 207              	.LVL8:
 386:Drivers/STM32F1xx_HAL_Driver/Src/stm32f1xx_hal_wwdg.c **** 
 208              		.loc 1 386 1 is_stmt 0 view .LVU45
 209 001c 08BD     		pop	{r3, pc}
 210              		.cfi_endproc
 211              	.LFE68:
 213 001e 00BF     		.text
 214              	.Letext0:
 215              		.file 2 "d:\\appdev\\vsarm\\armcc\\arm-none-eabi\\include\\machine\\_default_types.h"
 216              		.file 3 "d:\\appdev\\vsarm\\armcc\\arm-none-eabi\\include\\sys\\_stdint.h"
 217              		.file 4 "Drivers/CMSIS/Device/ST/STM32F1xx/Include/stm32f103xe.h"
 218              		.file 5 "Drivers/CMSIS/Device/ST/STM32F1xx/Include/stm32f1xx.h"
 219              		.file 6 "Drivers/STM32F1xx_HAL_Driver/Inc/stm32f1xx_hal_def.h"
 220              		.file 7 "Drivers/STM32F1xx_HAL_Driver/Inc/stm32f1xx_hal_wwdg.h"
ARM GAS  C:\Users\86184\AppData\Local\Temp\cc6DTunZ.s 			page 13


DEFINED SYMBOLS
                            *ABS*:00000000 stm32f1xx_hal_wwdg.c
C:\Users\86184\AppData\Local\Temp\cc6DTunZ.s:19     .text.HAL_WWDG_MspInit:00000000 $t
C:\Users\86184\AppData\Local\Temp\cc6DTunZ.s:26     .text.HAL_WWDG_MspInit:00000000 HAL_WWDG_MspInit
C:\Users\86184\AppData\Local\Temp\cc6DTunZ.s:41     .text.HAL_WWDG_Init:00000000 $t
C:\Users\86184\AppData\Local\Temp\cc6DTunZ.s:48     .text.HAL_WWDG_Init:00000000 HAL_WWDG_Init
C:\Users\86184\AppData\Local\Temp\cc6DTunZ.s:113    .text.HAL_WWDG_Refresh:00000000 $t
C:\Users\86184\AppData\Local\Temp\cc6DTunZ.s:120    .text.HAL_WWDG_Refresh:00000000 HAL_WWDG_Refresh
C:\Users\86184\AppData\Local\Temp\cc6DTunZ.s:146    .text.HAL_WWDG_EarlyWakeupCallback:00000000 $t
C:\Users\86184\AppData\Local\Temp\cc6DTunZ.s:153    .text.HAL_WWDG_EarlyWakeupCallback:00000000 HAL_WWDG_EarlyWakeupCallback
C:\Users\86184\AppData\Local\Temp\cc6DTunZ.s:165    .text.HAL_WWDG_IRQHandler:00000000 $t
C:\Users\86184\AppData\Local\Temp\cc6DTunZ.s:172    .text.HAL_WWDG_IRQHandler:00000000 HAL_WWDG_IRQHandler

NO UNDEFINED SYMBOLS
