ARM GAS  C:\Users\86184\AppData\Local\Temp\cckBqJiP.s 			page 1


   1              		.cpu cortex-m3
   2              		.arch armv7-m
   3              		.fpu softvfp
   4              		.eabi_attribute 20, 1
   5              		.eabi_attribute 21, 1
   6              		.eabi_attribute 23, 3
   7              		.eabi_attribute 24, 1
   8              		.eabi_attribute 25, 1
   9              		.eabi_attribute 26, 1
  10              		.eabi_attribute 30, 2
  11              		.eabi_attribute 34, 1
  12              		.eabi_attribute 18, 4
  13              		.file	"stm32f1xx_hal_iwdg.c"
  14              		.text
  15              	.Ltext0:
  16              		.cfi_sections	.debug_frame
  17              		.file 1 "Drivers/STM32F1xx_HAL_Driver/Src/stm32f1xx_hal_iwdg.c"
  18              		.section	.text.HAL_IWDG_Init,"ax",%progbits
  19              		.align	1
  20              		.p2align 2,,3
  21              		.global	HAL_IWDG_Init
  22              		.syntax unified
  23              		.thumb
  24              		.thumb_func
  26              	HAL_IWDG_Init:
  27              	.LVL0:
  28              	.LFB65:
   1:Drivers/STM32F1xx_HAL_Driver/Src/stm32f1xx_hal_iwdg.c **** /**
   2:Drivers/STM32F1xx_HAL_Driver/Src/stm32f1xx_hal_iwdg.c ****   ******************************************************************************
   3:Drivers/STM32F1xx_HAL_Driver/Src/stm32f1xx_hal_iwdg.c ****   * @file    stm32f1xx_hal_iwdg.c
   4:Drivers/STM32F1xx_HAL_Driver/Src/stm32f1xx_hal_iwdg.c ****   * @author  MCD Application Team
   5:Drivers/STM32F1xx_HAL_Driver/Src/stm32f1xx_hal_iwdg.c ****   * @brief   IWDG HAL module driver.
   6:Drivers/STM32F1xx_HAL_Driver/Src/stm32f1xx_hal_iwdg.c ****   *          This file provides firmware functions to manage the following
   7:Drivers/STM32F1xx_HAL_Driver/Src/stm32f1xx_hal_iwdg.c ****   *          functionalities of the Independent Watchdog (IWDG) peripheral:
   8:Drivers/STM32F1xx_HAL_Driver/Src/stm32f1xx_hal_iwdg.c ****   *           + Initialization and Start functions
   9:Drivers/STM32F1xx_HAL_Driver/Src/stm32f1xx_hal_iwdg.c ****   *           + IO operation functions
  10:Drivers/STM32F1xx_HAL_Driver/Src/stm32f1xx_hal_iwdg.c ****   *
  11:Drivers/STM32F1xx_HAL_Driver/Src/stm32f1xx_hal_iwdg.c ****   @verbatim
  12:Drivers/STM32F1xx_HAL_Driver/Src/stm32f1xx_hal_iwdg.c ****   ==============================================================================
  13:Drivers/STM32F1xx_HAL_Driver/Src/stm32f1xx_hal_iwdg.c ****                     ##### IWDG Generic features #####
  14:Drivers/STM32F1xx_HAL_Driver/Src/stm32f1xx_hal_iwdg.c ****   ==============================================================================
  15:Drivers/STM32F1xx_HAL_Driver/Src/stm32f1xx_hal_iwdg.c ****   [..]
  16:Drivers/STM32F1xx_HAL_Driver/Src/stm32f1xx_hal_iwdg.c ****     (+) The IWDG can be started by either software or hardware (configurable
  17:Drivers/STM32F1xx_HAL_Driver/Src/stm32f1xx_hal_iwdg.c ****         through option byte).
  18:Drivers/STM32F1xx_HAL_Driver/Src/stm32f1xx_hal_iwdg.c **** 
  19:Drivers/STM32F1xx_HAL_Driver/Src/stm32f1xx_hal_iwdg.c ****     (+) The IWDG is clocked by the Low-Speed Internal clock (LSI) and thus stays
  20:Drivers/STM32F1xx_HAL_Driver/Src/stm32f1xx_hal_iwdg.c ****         active even if the main clock fails.
  21:Drivers/STM32F1xx_HAL_Driver/Src/stm32f1xx_hal_iwdg.c **** 
  22:Drivers/STM32F1xx_HAL_Driver/Src/stm32f1xx_hal_iwdg.c ****     (+) Once the IWDG is started, the LSI is forced ON and both cannot be
  23:Drivers/STM32F1xx_HAL_Driver/Src/stm32f1xx_hal_iwdg.c ****         disabled. The counter starts counting down from the reset value (0xFFF).
  24:Drivers/STM32F1xx_HAL_Driver/Src/stm32f1xx_hal_iwdg.c ****         When it reaches the end of count value (0x000) a reset signal is
  25:Drivers/STM32F1xx_HAL_Driver/Src/stm32f1xx_hal_iwdg.c ****         generated (IWDG reset).
  26:Drivers/STM32F1xx_HAL_Driver/Src/stm32f1xx_hal_iwdg.c **** 
  27:Drivers/STM32F1xx_HAL_Driver/Src/stm32f1xx_hal_iwdg.c ****     (+) Whenever the key value 0x0000 AAAA is written in the IWDG_KR register,
  28:Drivers/STM32F1xx_HAL_Driver/Src/stm32f1xx_hal_iwdg.c ****         the IWDG_RLR value is reloaded into the counter and the watchdog reset
  29:Drivers/STM32F1xx_HAL_Driver/Src/stm32f1xx_hal_iwdg.c ****         is prevented.
  30:Drivers/STM32F1xx_HAL_Driver/Src/stm32f1xx_hal_iwdg.c **** 
ARM GAS  C:\Users\86184\AppData\Local\Temp\cckBqJiP.s 			page 2


  31:Drivers/STM32F1xx_HAL_Driver/Src/stm32f1xx_hal_iwdg.c ****     (+) The IWDG is implemented in the VDD voltage domain that is still functional
  32:Drivers/STM32F1xx_HAL_Driver/Src/stm32f1xx_hal_iwdg.c ****         in STOP and STANDBY mode (IWDG reset can wake up the CPU from STANDBY).
  33:Drivers/STM32F1xx_HAL_Driver/Src/stm32f1xx_hal_iwdg.c ****         IWDGRST flag in RCC_CSR register can be used to inform when an IWDG
  34:Drivers/STM32F1xx_HAL_Driver/Src/stm32f1xx_hal_iwdg.c ****         reset occurs.
  35:Drivers/STM32F1xx_HAL_Driver/Src/stm32f1xx_hal_iwdg.c **** 
  36:Drivers/STM32F1xx_HAL_Driver/Src/stm32f1xx_hal_iwdg.c ****     (+) Debug mode: When the microcontroller enters debug mode (core halted),
  37:Drivers/STM32F1xx_HAL_Driver/Src/stm32f1xx_hal_iwdg.c ****         the IWDG counter either continues to work normally or stops, depending
  38:Drivers/STM32F1xx_HAL_Driver/Src/stm32f1xx_hal_iwdg.c ****         on DBG_IWDG_STOP configuration bit in DBG module, accessible through
  39:Drivers/STM32F1xx_HAL_Driver/Src/stm32f1xx_hal_iwdg.c ****         __HAL_DBGMCU_FREEZE_IWDG() and __HAL_DBGMCU_UNFREEZE_IWDG() macros.
  40:Drivers/STM32F1xx_HAL_Driver/Src/stm32f1xx_hal_iwdg.c **** 
  41:Drivers/STM32F1xx_HAL_Driver/Src/stm32f1xx_hal_iwdg.c ****     [..] Min-max timeout value @32KHz (LSI): ~125us / ~32.7s
  42:Drivers/STM32F1xx_HAL_Driver/Src/stm32f1xx_hal_iwdg.c ****          The IWDG timeout may vary due to LSI clock frequency dispersion.
  43:Drivers/STM32F1xx_HAL_Driver/Src/stm32f1xx_hal_iwdg.c ****          STM32F1xx devices provide the capability to measure the LSI clock
  44:Drivers/STM32F1xx_HAL_Driver/Src/stm32f1xx_hal_iwdg.c ****          frequency (LSI clock is internally connected to TIM5 CH4 input capture).
  45:Drivers/STM32F1xx_HAL_Driver/Src/stm32f1xx_hal_iwdg.c ****          The measured value can be used to have an IWDG timeout with an
  46:Drivers/STM32F1xx_HAL_Driver/Src/stm32f1xx_hal_iwdg.c ****          acceptable accuracy.
  47:Drivers/STM32F1xx_HAL_Driver/Src/stm32f1xx_hal_iwdg.c **** 
  48:Drivers/STM32F1xx_HAL_Driver/Src/stm32f1xx_hal_iwdg.c ****     [..] Default timeout value (necessary for IWDG_SR status register update):
  49:Drivers/STM32F1xx_HAL_Driver/Src/stm32f1xx_hal_iwdg.c ****          Constant LSI_VALUE is defined based on the nominal LSI clock frequency.
  50:Drivers/STM32F1xx_HAL_Driver/Src/stm32f1xx_hal_iwdg.c ****          This frequency being subject to variations as mentioned above, the
  51:Drivers/STM32F1xx_HAL_Driver/Src/stm32f1xx_hal_iwdg.c ****          default timeout value (defined through constant HAL_IWDG_DEFAULT_TIMEOUT
  52:Drivers/STM32F1xx_HAL_Driver/Src/stm32f1xx_hal_iwdg.c ****          below) may become too short or too long.
  53:Drivers/STM32F1xx_HAL_Driver/Src/stm32f1xx_hal_iwdg.c ****          In such cases, this default timeout value can be tuned by redefining
  54:Drivers/STM32F1xx_HAL_Driver/Src/stm32f1xx_hal_iwdg.c ****          the constant LSI_VALUE at user-application level (based, for instance,
  55:Drivers/STM32F1xx_HAL_Driver/Src/stm32f1xx_hal_iwdg.c ****          on the measured LSI clock frequency as explained above).
  56:Drivers/STM32F1xx_HAL_Driver/Src/stm32f1xx_hal_iwdg.c **** 
  57:Drivers/STM32F1xx_HAL_Driver/Src/stm32f1xx_hal_iwdg.c ****                      ##### How to use this driver #####
  58:Drivers/STM32F1xx_HAL_Driver/Src/stm32f1xx_hal_iwdg.c ****   ==============================================================================
  59:Drivers/STM32F1xx_HAL_Driver/Src/stm32f1xx_hal_iwdg.c ****   [..]
  60:Drivers/STM32F1xx_HAL_Driver/Src/stm32f1xx_hal_iwdg.c ****     (#) Use IWDG using HAL_IWDG_Init() function to :
  61:Drivers/STM32F1xx_HAL_Driver/Src/stm32f1xx_hal_iwdg.c ****       (++) Enable instance by writing Start keyword in IWDG_KEY register. LSI
  62:Drivers/STM32F1xx_HAL_Driver/Src/stm32f1xx_hal_iwdg.c ****            clock is forced ON and IWDG counter starts counting down.
  63:Drivers/STM32F1xx_HAL_Driver/Src/stm32f1xx_hal_iwdg.c ****       (++) Enable write access to configuration registers:
  64:Drivers/STM32F1xx_HAL_Driver/Src/stm32f1xx_hal_iwdg.c ****           IWDG_PR and IWDG_RLR.
  65:Drivers/STM32F1xx_HAL_Driver/Src/stm32f1xx_hal_iwdg.c ****       (++) Configure the IWDG prescaler and counter reload value. This reload
  66:Drivers/STM32F1xx_HAL_Driver/Src/stm32f1xx_hal_iwdg.c ****            value will be loaded in the IWDG counter each time the watchdog is
  67:Drivers/STM32F1xx_HAL_Driver/Src/stm32f1xx_hal_iwdg.c ****            reloaded, then the IWDG will start counting down from this value.
  68:Drivers/STM32F1xx_HAL_Driver/Src/stm32f1xx_hal_iwdg.c ****       (++) Wait for status flags to be reset.
  69:Drivers/STM32F1xx_HAL_Driver/Src/stm32f1xx_hal_iwdg.c **** 
  70:Drivers/STM32F1xx_HAL_Driver/Src/stm32f1xx_hal_iwdg.c ****     (#) Then the application program must refresh the IWDG counter at regular
  71:Drivers/STM32F1xx_HAL_Driver/Src/stm32f1xx_hal_iwdg.c ****         intervals during normal operation to prevent an MCU reset, using
  72:Drivers/STM32F1xx_HAL_Driver/Src/stm32f1xx_hal_iwdg.c ****         HAL_IWDG_Refresh() function.
  73:Drivers/STM32F1xx_HAL_Driver/Src/stm32f1xx_hal_iwdg.c **** 
  74:Drivers/STM32F1xx_HAL_Driver/Src/stm32f1xx_hal_iwdg.c ****      *** IWDG HAL driver macros list ***
  75:Drivers/STM32F1xx_HAL_Driver/Src/stm32f1xx_hal_iwdg.c ****      ====================================
  76:Drivers/STM32F1xx_HAL_Driver/Src/stm32f1xx_hal_iwdg.c ****      [..]
  77:Drivers/STM32F1xx_HAL_Driver/Src/stm32f1xx_hal_iwdg.c ****        Below the list of most used macros in IWDG HAL driver:
  78:Drivers/STM32F1xx_HAL_Driver/Src/stm32f1xx_hal_iwdg.c ****       (+) __HAL_IWDG_START: Enable the IWDG peripheral
  79:Drivers/STM32F1xx_HAL_Driver/Src/stm32f1xx_hal_iwdg.c ****       (+) __HAL_IWDG_RELOAD_COUNTER: Reloads IWDG counter with value defined in
  80:Drivers/STM32F1xx_HAL_Driver/Src/stm32f1xx_hal_iwdg.c ****           the reload register
  81:Drivers/STM32F1xx_HAL_Driver/Src/stm32f1xx_hal_iwdg.c **** 
  82:Drivers/STM32F1xx_HAL_Driver/Src/stm32f1xx_hal_iwdg.c ****   @endverbatim
  83:Drivers/STM32F1xx_HAL_Driver/Src/stm32f1xx_hal_iwdg.c ****   ******************************************************************************
  84:Drivers/STM32F1xx_HAL_Driver/Src/stm32f1xx_hal_iwdg.c ****   * @attention
  85:Drivers/STM32F1xx_HAL_Driver/Src/stm32f1xx_hal_iwdg.c ****   *
  86:Drivers/STM32F1xx_HAL_Driver/Src/stm32f1xx_hal_iwdg.c ****   * <h2><center>&copy; Copyright (c) 2016 STMicroelectronics.
  87:Drivers/STM32F1xx_HAL_Driver/Src/stm32f1xx_hal_iwdg.c ****   * All rights reserved.</center></h2>
ARM GAS  C:\Users\86184\AppData\Local\Temp\cckBqJiP.s 			page 3


  88:Drivers/STM32F1xx_HAL_Driver/Src/stm32f1xx_hal_iwdg.c ****   *
  89:Drivers/STM32F1xx_HAL_Driver/Src/stm32f1xx_hal_iwdg.c ****   * This software component is licensed by ST under BSD 3-Clause license,
  90:Drivers/STM32F1xx_HAL_Driver/Src/stm32f1xx_hal_iwdg.c ****   * the "License"; You may not use this file except in compliance with the
  91:Drivers/STM32F1xx_HAL_Driver/Src/stm32f1xx_hal_iwdg.c ****   * License. You may obtain a copy of the License at:
  92:Drivers/STM32F1xx_HAL_Driver/Src/stm32f1xx_hal_iwdg.c ****   *                        opensource.org/licenses/BSD-3-Clause
  93:Drivers/STM32F1xx_HAL_Driver/Src/stm32f1xx_hal_iwdg.c ****   *
  94:Drivers/STM32F1xx_HAL_Driver/Src/stm32f1xx_hal_iwdg.c ****   ******************************************************************************
  95:Drivers/STM32F1xx_HAL_Driver/Src/stm32f1xx_hal_iwdg.c ****   */
  96:Drivers/STM32F1xx_HAL_Driver/Src/stm32f1xx_hal_iwdg.c **** 
  97:Drivers/STM32F1xx_HAL_Driver/Src/stm32f1xx_hal_iwdg.c **** /* Includes ------------------------------------------------------------------*/
  98:Drivers/STM32F1xx_HAL_Driver/Src/stm32f1xx_hal_iwdg.c **** #include "stm32f1xx_hal.h"
  99:Drivers/STM32F1xx_HAL_Driver/Src/stm32f1xx_hal_iwdg.c **** 
 100:Drivers/STM32F1xx_HAL_Driver/Src/stm32f1xx_hal_iwdg.c **** /** @addtogroup STM32F1xx_HAL_Driver
 101:Drivers/STM32F1xx_HAL_Driver/Src/stm32f1xx_hal_iwdg.c ****   * @{
 102:Drivers/STM32F1xx_HAL_Driver/Src/stm32f1xx_hal_iwdg.c ****   */
 103:Drivers/STM32F1xx_HAL_Driver/Src/stm32f1xx_hal_iwdg.c **** 
 104:Drivers/STM32F1xx_HAL_Driver/Src/stm32f1xx_hal_iwdg.c **** #ifdef HAL_IWDG_MODULE_ENABLED
 105:Drivers/STM32F1xx_HAL_Driver/Src/stm32f1xx_hal_iwdg.c **** /** @addtogroup IWDG
 106:Drivers/STM32F1xx_HAL_Driver/Src/stm32f1xx_hal_iwdg.c ****   * @brief IWDG HAL module driver.
 107:Drivers/STM32F1xx_HAL_Driver/Src/stm32f1xx_hal_iwdg.c ****   * @{
 108:Drivers/STM32F1xx_HAL_Driver/Src/stm32f1xx_hal_iwdg.c ****   */
 109:Drivers/STM32F1xx_HAL_Driver/Src/stm32f1xx_hal_iwdg.c **** 
 110:Drivers/STM32F1xx_HAL_Driver/Src/stm32f1xx_hal_iwdg.c **** /* Private typedef -----------------------------------------------------------*/
 111:Drivers/STM32F1xx_HAL_Driver/Src/stm32f1xx_hal_iwdg.c **** /* Private define ------------------------------------------------------------*/
 112:Drivers/STM32F1xx_HAL_Driver/Src/stm32f1xx_hal_iwdg.c **** /** @defgroup IWDG_Private_Defines IWDG Private Defines
 113:Drivers/STM32F1xx_HAL_Driver/Src/stm32f1xx_hal_iwdg.c ****   * @{
 114:Drivers/STM32F1xx_HAL_Driver/Src/stm32f1xx_hal_iwdg.c ****   */
 115:Drivers/STM32F1xx_HAL_Driver/Src/stm32f1xx_hal_iwdg.c **** /* Status register needs up to 5 LSI clock periods divided by the clock
 116:Drivers/STM32F1xx_HAL_Driver/Src/stm32f1xx_hal_iwdg.c ****    prescaler to be updated. The number of LSI clock periods is upper-rounded to
 117:Drivers/STM32F1xx_HAL_Driver/Src/stm32f1xx_hal_iwdg.c ****    6 for the timeout value calculation.
 118:Drivers/STM32F1xx_HAL_Driver/Src/stm32f1xx_hal_iwdg.c ****    The timeout value is also calculated using the highest prescaler (256) and
 119:Drivers/STM32F1xx_HAL_Driver/Src/stm32f1xx_hal_iwdg.c ****    the LSI_VALUE constant. The value of this constant can be changed by the user
 120:Drivers/STM32F1xx_HAL_Driver/Src/stm32f1xx_hal_iwdg.c ****    to take into account possible LSI clock period variations.
 121:Drivers/STM32F1xx_HAL_Driver/Src/stm32f1xx_hal_iwdg.c ****    The timeout value is multiplied by 1000 to be converted in milliseconds. */
 122:Drivers/STM32F1xx_HAL_Driver/Src/stm32f1xx_hal_iwdg.c **** #define HAL_IWDG_DEFAULT_TIMEOUT ((6UL * 256UL * 1000UL) / LSI_VALUE)
 123:Drivers/STM32F1xx_HAL_Driver/Src/stm32f1xx_hal_iwdg.c **** /**
 124:Drivers/STM32F1xx_HAL_Driver/Src/stm32f1xx_hal_iwdg.c ****   * @}
 125:Drivers/STM32F1xx_HAL_Driver/Src/stm32f1xx_hal_iwdg.c ****   */
 126:Drivers/STM32F1xx_HAL_Driver/Src/stm32f1xx_hal_iwdg.c **** 
 127:Drivers/STM32F1xx_HAL_Driver/Src/stm32f1xx_hal_iwdg.c **** /* Private macro -------------------------------------------------------------*/
 128:Drivers/STM32F1xx_HAL_Driver/Src/stm32f1xx_hal_iwdg.c **** /* Private variables ---------------------------------------------------------*/
 129:Drivers/STM32F1xx_HAL_Driver/Src/stm32f1xx_hal_iwdg.c **** /* Private function prototypes -----------------------------------------------*/
 130:Drivers/STM32F1xx_HAL_Driver/Src/stm32f1xx_hal_iwdg.c **** /* Exported functions --------------------------------------------------------*/
 131:Drivers/STM32F1xx_HAL_Driver/Src/stm32f1xx_hal_iwdg.c **** 
 132:Drivers/STM32F1xx_HAL_Driver/Src/stm32f1xx_hal_iwdg.c **** /** @addtogroup IWDG_Exported_Functions
 133:Drivers/STM32F1xx_HAL_Driver/Src/stm32f1xx_hal_iwdg.c ****   * @{
 134:Drivers/STM32F1xx_HAL_Driver/Src/stm32f1xx_hal_iwdg.c ****   */
 135:Drivers/STM32F1xx_HAL_Driver/Src/stm32f1xx_hal_iwdg.c **** 
 136:Drivers/STM32F1xx_HAL_Driver/Src/stm32f1xx_hal_iwdg.c **** /** @addtogroup IWDG_Exported_Functions_Group1
 137:Drivers/STM32F1xx_HAL_Driver/Src/stm32f1xx_hal_iwdg.c ****   *  @brief    Initialization and Start functions.
 138:Drivers/STM32F1xx_HAL_Driver/Src/stm32f1xx_hal_iwdg.c ****   *
 139:Drivers/STM32F1xx_HAL_Driver/Src/stm32f1xx_hal_iwdg.c **** @verbatim
 140:Drivers/STM32F1xx_HAL_Driver/Src/stm32f1xx_hal_iwdg.c ****  ===============================================================================
 141:Drivers/STM32F1xx_HAL_Driver/Src/stm32f1xx_hal_iwdg.c ****           ##### Initialization and Start functions #####
 142:Drivers/STM32F1xx_HAL_Driver/Src/stm32f1xx_hal_iwdg.c ****  ===============================================================================
 143:Drivers/STM32F1xx_HAL_Driver/Src/stm32f1xx_hal_iwdg.c ****  [..]  This section provides functions allowing to:
 144:Drivers/STM32F1xx_HAL_Driver/Src/stm32f1xx_hal_iwdg.c ****       (+) Initialize the IWDG according to the specified parameters in the
ARM GAS  C:\Users\86184\AppData\Local\Temp\cckBqJiP.s 			page 4


 145:Drivers/STM32F1xx_HAL_Driver/Src/stm32f1xx_hal_iwdg.c ****           IWDG_InitTypeDef of associated handle.
 146:Drivers/STM32F1xx_HAL_Driver/Src/stm32f1xx_hal_iwdg.c ****       (+) Once initialization is performed in HAL_IWDG_Init function, Watchdog
 147:Drivers/STM32F1xx_HAL_Driver/Src/stm32f1xx_hal_iwdg.c ****           is reloaded in order to exit function with correct time base.
 148:Drivers/STM32F1xx_HAL_Driver/Src/stm32f1xx_hal_iwdg.c **** 
 149:Drivers/STM32F1xx_HAL_Driver/Src/stm32f1xx_hal_iwdg.c **** @endverbatim
 150:Drivers/STM32F1xx_HAL_Driver/Src/stm32f1xx_hal_iwdg.c ****   * @{
 151:Drivers/STM32F1xx_HAL_Driver/Src/stm32f1xx_hal_iwdg.c ****   */
 152:Drivers/STM32F1xx_HAL_Driver/Src/stm32f1xx_hal_iwdg.c **** 
 153:Drivers/STM32F1xx_HAL_Driver/Src/stm32f1xx_hal_iwdg.c **** /**
 154:Drivers/STM32F1xx_HAL_Driver/Src/stm32f1xx_hal_iwdg.c ****   * @brief  Initialize the IWDG according to the specified parameters in the
 155:Drivers/STM32F1xx_HAL_Driver/Src/stm32f1xx_hal_iwdg.c ****   *         IWDG_InitTypeDef and start watchdog. Before exiting function,
 156:Drivers/STM32F1xx_HAL_Driver/Src/stm32f1xx_hal_iwdg.c ****   *         watchdog is refreshed in order to have correct time base.
 157:Drivers/STM32F1xx_HAL_Driver/Src/stm32f1xx_hal_iwdg.c ****   * @param  hiwdg  pointer to a IWDG_HandleTypeDef structure that contains
 158:Drivers/STM32F1xx_HAL_Driver/Src/stm32f1xx_hal_iwdg.c ****   *                the configuration information for the specified IWDG module.
 159:Drivers/STM32F1xx_HAL_Driver/Src/stm32f1xx_hal_iwdg.c ****   * @retval HAL status
 160:Drivers/STM32F1xx_HAL_Driver/Src/stm32f1xx_hal_iwdg.c ****   */
 161:Drivers/STM32F1xx_HAL_Driver/Src/stm32f1xx_hal_iwdg.c **** HAL_StatusTypeDef HAL_IWDG_Init(IWDG_HandleTypeDef *hiwdg)
 162:Drivers/STM32F1xx_HAL_Driver/Src/stm32f1xx_hal_iwdg.c **** {
  29              		.loc 1 162 1 view -0
  30              		.cfi_startproc
  31              		@ args = 0, pretend = 0, frame = 0
  32              		@ frame_needed = 0, uses_anonymous_args = 0
 163:Drivers/STM32F1xx_HAL_Driver/Src/stm32f1xx_hal_iwdg.c ****   uint32_t tickstart;
  33              		.loc 1 163 3 view .LVU1
 164:Drivers/STM32F1xx_HAL_Driver/Src/stm32f1xx_hal_iwdg.c **** 
 165:Drivers/STM32F1xx_HAL_Driver/Src/stm32f1xx_hal_iwdg.c ****   /* Check the IWDG handle allocation */
 166:Drivers/STM32F1xx_HAL_Driver/Src/stm32f1xx_hal_iwdg.c ****   if (hiwdg == NULL)
  34              		.loc 1 166 3 view .LVU2
  35              		.loc 1 166 6 is_stmt 0 view .LVU3
  36 0000 F8B1     		cbz	r0, .L5
 162:Drivers/STM32F1xx_HAL_Driver/Src/stm32f1xx_hal_iwdg.c ****   uint32_t tickstart;
  37              		.loc 1 162 1 view .LVU4
  38 0002 38B5     		push	{r3, r4, r5, lr}
  39              	.LCFI0:
  40              		.cfi_def_cfa_offset 16
  41              		.cfi_offset 3, -16
  42              		.cfi_offset 4, -12
  43              		.cfi_offset 5, -8
  44              		.cfi_offset 14, -4
  45 0004 0446     		mov	r4, r0
 167:Drivers/STM32F1xx_HAL_Driver/Src/stm32f1xx_hal_iwdg.c ****   {
 168:Drivers/STM32F1xx_HAL_Driver/Src/stm32f1xx_hal_iwdg.c ****     return HAL_ERROR;
 169:Drivers/STM32F1xx_HAL_Driver/Src/stm32f1xx_hal_iwdg.c ****   }
 170:Drivers/STM32F1xx_HAL_Driver/Src/stm32f1xx_hal_iwdg.c **** 
 171:Drivers/STM32F1xx_HAL_Driver/Src/stm32f1xx_hal_iwdg.c ****   /* Check the parameters */
 172:Drivers/STM32F1xx_HAL_Driver/Src/stm32f1xx_hal_iwdg.c ****   assert_param(IS_IWDG_ALL_INSTANCE(hiwdg->Instance));
  46              		.loc 1 172 3 is_stmt 1 view .LVU5
 173:Drivers/STM32F1xx_HAL_Driver/Src/stm32f1xx_hal_iwdg.c ****   assert_param(IS_IWDG_PRESCALER(hiwdg->Init.Prescaler));
  47              		.loc 1 173 3 view .LVU6
 174:Drivers/STM32F1xx_HAL_Driver/Src/stm32f1xx_hal_iwdg.c ****   assert_param(IS_IWDG_RELOAD(hiwdg->Init.Reload));
  48              		.loc 1 174 3 view .LVU7
 175:Drivers/STM32F1xx_HAL_Driver/Src/stm32f1xx_hal_iwdg.c **** 
 176:Drivers/STM32F1xx_HAL_Driver/Src/stm32f1xx_hal_iwdg.c ****   /* Enable IWDG. LSI is turned on automatically */
 177:Drivers/STM32F1xx_HAL_Driver/Src/stm32f1xx_hal_iwdg.c ****   __HAL_IWDG_START(hiwdg);
  49              		.loc 1 177 3 view .LVU8
  50 0006 4CF6CC45 		movw	r5, #52428
 178:Drivers/STM32F1xx_HAL_Driver/Src/stm32f1xx_hal_iwdg.c **** 
ARM GAS  C:\Users\86184\AppData\Local\Temp\cckBqJiP.s 			page 5


 179:Drivers/STM32F1xx_HAL_Driver/Src/stm32f1xx_hal_iwdg.c ****   /* Enable write access to IWDG_PR and IWDG_RLR registers by writing
 180:Drivers/STM32F1xx_HAL_Driver/Src/stm32f1xx_hal_iwdg.c ****   0x5555 in KR */
 181:Drivers/STM32F1xx_HAL_Driver/Src/stm32f1xx_hal_iwdg.c ****   IWDG_ENABLE_WRITE_ACCESS(hiwdg);
 182:Drivers/STM32F1xx_HAL_Driver/Src/stm32f1xx_hal_iwdg.c **** 
 183:Drivers/STM32F1xx_HAL_Driver/Src/stm32f1xx_hal_iwdg.c ****   /* Write to IWDG registers the Prescaler & Reload values to work with */
 184:Drivers/STM32F1xx_HAL_Driver/Src/stm32f1xx_hal_iwdg.c ****   hiwdg->Instance->PR = hiwdg->Init.Prescaler;
  51              		.loc 1 184 36 is_stmt 0 view .LVU9
  52 000a D4E90031 		ldrd	r3, r1, [r4]
 181:Drivers/STM32F1xx_HAL_Driver/Src/stm32f1xx_hal_iwdg.c **** 
  53              		.loc 1 181 3 view .LVU10
  54 000e 45F25550 		movw	r0, #21845
  55              	.LVL1:
 185:Drivers/STM32F1xx_HAL_Driver/Src/stm32f1xx_hal_iwdg.c ****   hiwdg->Instance->RLR = hiwdg->Init.Reload;
  56              		.loc 1 185 37 view .LVU11
  57 0012 A268     		ldr	r2, [r4, #8]
 177:Drivers/STM32F1xx_HAL_Driver/Src/stm32f1xx_hal_iwdg.c **** 
  58              		.loc 1 177 3 view .LVU12
  59 0014 1D60     		str	r5, [r3]
 181:Drivers/STM32F1xx_HAL_Driver/Src/stm32f1xx_hal_iwdg.c **** 
  60              		.loc 1 181 3 is_stmt 1 view .LVU13
  61 0016 1860     		str	r0, [r3]
 184:Drivers/STM32F1xx_HAL_Driver/Src/stm32f1xx_hal_iwdg.c ****   hiwdg->Instance->RLR = hiwdg->Init.Reload;
  62              		.loc 1 184 3 view .LVU14
 184:Drivers/STM32F1xx_HAL_Driver/Src/stm32f1xx_hal_iwdg.c ****   hiwdg->Instance->RLR = hiwdg->Init.Reload;
  63              		.loc 1 184 23 is_stmt 0 view .LVU15
  64 0018 5960     		str	r1, [r3, #4]
  65              		.loc 1 185 3 is_stmt 1 view .LVU16
  66              		.loc 1 185 24 is_stmt 0 view .LVU17
  67 001a 9A60     		str	r2, [r3, #8]
 186:Drivers/STM32F1xx_HAL_Driver/Src/stm32f1xx_hal_iwdg.c **** 
 187:Drivers/STM32F1xx_HAL_Driver/Src/stm32f1xx_hal_iwdg.c ****   /* Check pending flag, if previous update not done, return timeout */
 188:Drivers/STM32F1xx_HAL_Driver/Src/stm32f1xx_hal_iwdg.c ****   tickstart = HAL_GetTick();
  68              		.loc 1 188 3 is_stmt 1 view .LVU18
  69              		.loc 1 188 15 is_stmt 0 view .LVU19
  70 001c FFF7FEFF 		bl	HAL_GetTick
  71              	.LVL2:
  72 0020 0546     		mov	r5, r0
  73              	.LVL3:
 189:Drivers/STM32F1xx_HAL_Driver/Src/stm32f1xx_hal_iwdg.c **** 
 190:Drivers/STM32F1xx_HAL_Driver/Src/stm32f1xx_hal_iwdg.c ****   /* Wait for register to be updated */
 191:Drivers/STM32F1xx_HAL_Driver/Src/stm32f1xx_hal_iwdg.c ****   while (hiwdg->Instance->SR != 0x00u)
  74              		.loc 1 191 3 is_stmt 1 view .LVU20
  75              		.loc 1 191 9 is_stmt 0 view .LVU21
  76 0022 04E0     		b	.L3
  77              	.LVL4:
  78              	.L4:
 192:Drivers/STM32F1xx_HAL_Driver/Src/stm32f1xx_hal_iwdg.c ****   {
 193:Drivers/STM32F1xx_HAL_Driver/Src/stm32f1xx_hal_iwdg.c ****     if ((HAL_GetTick() - tickstart) > HAL_IWDG_DEFAULT_TIMEOUT)
  79              		.loc 1 193 10 view .LVU22
  80 0024 FFF7FEFF 		bl	HAL_GetTick
  81              	.LVL5:
  82              		.loc 1 193 24 view .LVU23
  83 0028 431B     		subs	r3, r0, r5
  84              		.loc 1 193 8 view .LVU24
  85 002a 262B     		cmp	r3, #38
  86 002c 07D8     		bhi	.L6
  87              	.L3:
ARM GAS  C:\Users\86184\AppData\Local\Temp\cckBqJiP.s 			page 6


  88              		.loc 1 193 5 is_stmt 1 view .LVU25
 191:Drivers/STM32F1xx_HAL_Driver/Src/stm32f1xx_hal_iwdg.c ****   {
  89              		.loc 1 191 30 view .LVU26
 191:Drivers/STM32F1xx_HAL_Driver/Src/stm32f1xx_hal_iwdg.c ****   {
  90              		.loc 1 191 15 is_stmt 0 view .LVU27
  91 002e 2268     		ldr	r2, [r4]
 191:Drivers/STM32F1xx_HAL_Driver/Src/stm32f1xx_hal_iwdg.c ****   {
  92              		.loc 1 191 25 view .LVU28
  93 0030 D068     		ldr	r0, [r2, #12]
 191:Drivers/STM32F1xx_HAL_Driver/Src/stm32f1xx_hal_iwdg.c ****   {
  94              		.loc 1 191 30 view .LVU29
  95 0032 0028     		cmp	r0, #0
  96 0034 F6D1     		bne	.L4
 194:Drivers/STM32F1xx_HAL_Driver/Src/stm32f1xx_hal_iwdg.c ****     {
 195:Drivers/STM32F1xx_HAL_Driver/Src/stm32f1xx_hal_iwdg.c ****       return HAL_TIMEOUT;
 196:Drivers/STM32F1xx_HAL_Driver/Src/stm32f1xx_hal_iwdg.c ****     }
 197:Drivers/STM32F1xx_HAL_Driver/Src/stm32f1xx_hal_iwdg.c ****   }
 198:Drivers/STM32F1xx_HAL_Driver/Src/stm32f1xx_hal_iwdg.c **** 
 199:Drivers/STM32F1xx_HAL_Driver/Src/stm32f1xx_hal_iwdg.c ****   /* Reload IWDG counter with value defined in the reload register */
 200:Drivers/STM32F1xx_HAL_Driver/Src/stm32f1xx_hal_iwdg.c ****   __HAL_IWDG_RELOAD_COUNTER(hiwdg);
  97              		.loc 1 200 3 is_stmt 1 view .LVU30
  98 0036 4AF6AA21 		movw	r1, #43690
  99 003a 1160     		str	r1, [r2]
 201:Drivers/STM32F1xx_HAL_Driver/Src/stm32f1xx_hal_iwdg.c **** 
 202:Drivers/STM32F1xx_HAL_Driver/Src/stm32f1xx_hal_iwdg.c ****   /* Return function status */
 203:Drivers/STM32F1xx_HAL_Driver/Src/stm32f1xx_hal_iwdg.c ****   return HAL_OK;
 100              		.loc 1 203 3 view .LVU31
 204:Drivers/STM32F1xx_HAL_Driver/Src/stm32f1xx_hal_iwdg.c **** }
 101              		.loc 1 204 1 is_stmt 0 view .LVU32
 102 003c 38BD     		pop	{r3, r4, r5, pc}
 103              	.LVL6:
 104              	.L6:
 195:Drivers/STM32F1xx_HAL_Driver/Src/stm32f1xx_hal_iwdg.c ****     }
 105              		.loc 1 195 14 view .LVU33
 106 003e 0320     		movs	r0, #3
 107              		.loc 1 204 1 view .LVU34
 108 0040 38BD     		pop	{r3, r4, r5, pc}
 109              	.LVL7:
 110              	.L5:
 111              	.LCFI1:
 112              		.cfi_def_cfa_offset 0
 113              		.cfi_restore 3
 114              		.cfi_restore 4
 115              		.cfi_restore 5
 116              		.cfi_restore 14
 168:Drivers/STM32F1xx_HAL_Driver/Src/stm32f1xx_hal_iwdg.c ****   }
 117              		.loc 1 168 12 view .LVU35
 118 0042 0120     		movs	r0, #1
 119              	.LVL8:
 120              		.loc 1 204 1 view .LVU36
 121 0044 7047     		bx	lr
 122              		.cfi_endproc
 123              	.LFE65:
 125 0046 00BF     		.section	.text.HAL_IWDG_Refresh,"ax",%progbits
 126              		.align	1
 127              		.p2align 2,,3
 128              		.global	HAL_IWDG_Refresh
ARM GAS  C:\Users\86184\AppData\Local\Temp\cckBqJiP.s 			page 7


 129              		.syntax unified
 130              		.thumb
 131              		.thumb_func
 133              	HAL_IWDG_Refresh:
 134              	.LVL9:
 135              	.LFB66:
 205:Drivers/STM32F1xx_HAL_Driver/Src/stm32f1xx_hal_iwdg.c **** 
 206:Drivers/STM32F1xx_HAL_Driver/Src/stm32f1xx_hal_iwdg.c **** /**
 207:Drivers/STM32F1xx_HAL_Driver/Src/stm32f1xx_hal_iwdg.c ****   * @}
 208:Drivers/STM32F1xx_HAL_Driver/Src/stm32f1xx_hal_iwdg.c ****   */
 209:Drivers/STM32F1xx_HAL_Driver/Src/stm32f1xx_hal_iwdg.c **** 
 210:Drivers/STM32F1xx_HAL_Driver/Src/stm32f1xx_hal_iwdg.c **** 
 211:Drivers/STM32F1xx_HAL_Driver/Src/stm32f1xx_hal_iwdg.c **** /** @addtogroup IWDG_Exported_Functions_Group2
 212:Drivers/STM32F1xx_HAL_Driver/Src/stm32f1xx_hal_iwdg.c ****   *  @brief   IO operation functions
 213:Drivers/STM32F1xx_HAL_Driver/Src/stm32f1xx_hal_iwdg.c ****   *
 214:Drivers/STM32F1xx_HAL_Driver/Src/stm32f1xx_hal_iwdg.c **** @verbatim
 215:Drivers/STM32F1xx_HAL_Driver/Src/stm32f1xx_hal_iwdg.c ****  ===============================================================================
 216:Drivers/STM32F1xx_HAL_Driver/Src/stm32f1xx_hal_iwdg.c ****                       ##### IO operation functions #####
 217:Drivers/STM32F1xx_HAL_Driver/Src/stm32f1xx_hal_iwdg.c ****  ===============================================================================
 218:Drivers/STM32F1xx_HAL_Driver/Src/stm32f1xx_hal_iwdg.c ****  [..]  This section provides functions allowing to:
 219:Drivers/STM32F1xx_HAL_Driver/Src/stm32f1xx_hal_iwdg.c ****       (+) Refresh the IWDG.
 220:Drivers/STM32F1xx_HAL_Driver/Src/stm32f1xx_hal_iwdg.c **** 
 221:Drivers/STM32F1xx_HAL_Driver/Src/stm32f1xx_hal_iwdg.c **** @endverbatim
 222:Drivers/STM32F1xx_HAL_Driver/Src/stm32f1xx_hal_iwdg.c ****   * @{
 223:Drivers/STM32F1xx_HAL_Driver/Src/stm32f1xx_hal_iwdg.c ****   */
 224:Drivers/STM32F1xx_HAL_Driver/Src/stm32f1xx_hal_iwdg.c **** 
 225:Drivers/STM32F1xx_HAL_Driver/Src/stm32f1xx_hal_iwdg.c **** 
 226:Drivers/STM32F1xx_HAL_Driver/Src/stm32f1xx_hal_iwdg.c **** /**
 227:Drivers/STM32F1xx_HAL_Driver/Src/stm32f1xx_hal_iwdg.c ****   * @brief  Refresh the IWDG.
 228:Drivers/STM32F1xx_HAL_Driver/Src/stm32f1xx_hal_iwdg.c ****   * @param  hiwdg  pointer to a IWDG_HandleTypeDef structure that contains
 229:Drivers/STM32F1xx_HAL_Driver/Src/stm32f1xx_hal_iwdg.c ****   *                the configuration information for the specified IWDG module.
 230:Drivers/STM32F1xx_HAL_Driver/Src/stm32f1xx_hal_iwdg.c ****   * @retval HAL status
 231:Drivers/STM32F1xx_HAL_Driver/Src/stm32f1xx_hal_iwdg.c ****   */
 232:Drivers/STM32F1xx_HAL_Driver/Src/stm32f1xx_hal_iwdg.c **** HAL_StatusTypeDef HAL_IWDG_Refresh(IWDG_HandleTypeDef *hiwdg)
 233:Drivers/STM32F1xx_HAL_Driver/Src/stm32f1xx_hal_iwdg.c **** {
 136              		.loc 1 233 1 is_stmt 1 view -0
 137              		.cfi_startproc
 138              		@ args = 0, pretend = 0, frame = 0
 139              		@ frame_needed = 0, uses_anonymous_args = 0
 140              		@ link register save eliminated.
 234:Drivers/STM32F1xx_HAL_Driver/Src/stm32f1xx_hal_iwdg.c ****   /* Reload IWDG counter with value defined in the reload register */
 235:Drivers/STM32F1xx_HAL_Driver/Src/stm32f1xx_hal_iwdg.c ****   __HAL_IWDG_RELOAD_COUNTER(hiwdg);
 141              		.loc 1 235 3 view .LVU38
 233:Drivers/STM32F1xx_HAL_Driver/Src/stm32f1xx_hal_iwdg.c ****   /* Reload IWDG counter with value defined in the reload register */
 142              		.loc 1 233 1 is_stmt 0 view .LVU39
 143 0000 0346     		mov	r3, r0
 144              		.loc 1 235 3 view .LVU40
 145 0002 4AF6AA22 		movw	r2, #43690
 146 0006 1B68     		ldr	r3, [r3]
 236:Drivers/STM32F1xx_HAL_Driver/Src/stm32f1xx_hal_iwdg.c **** 
 237:Drivers/STM32F1xx_HAL_Driver/Src/stm32f1xx_hal_iwdg.c ****   /* Return function status */
 238:Drivers/STM32F1xx_HAL_Driver/Src/stm32f1xx_hal_iwdg.c ****   return HAL_OK;
 239:Drivers/STM32F1xx_HAL_Driver/Src/stm32f1xx_hal_iwdg.c **** }
 147              		.loc 1 239 1 view .LVU41
 148 0008 0020     		movs	r0, #0
 149              	.LVL10:
 235:Drivers/STM32F1xx_HAL_Driver/Src/stm32f1xx_hal_iwdg.c **** 
ARM GAS  C:\Users\86184\AppData\Local\Temp\cckBqJiP.s 			page 8


 150              		.loc 1 235 3 view .LVU42
 151 000a 1A60     		str	r2, [r3]
 238:Drivers/STM32F1xx_HAL_Driver/Src/stm32f1xx_hal_iwdg.c **** }
 152              		.loc 1 238 3 is_stmt 1 view .LVU43
 153              		.loc 1 239 1 is_stmt 0 view .LVU44
 154 000c 7047     		bx	lr
 155              		.cfi_endproc
 156              	.LFE66:
 158 000e 00BF     		.text
 159              	.Letext0:
 160              		.file 2 "d:\\appdev\\vsarm\\armcc\\arm-none-eabi\\include\\machine\\_default_types.h"
 161              		.file 3 "d:\\appdev\\vsarm\\armcc\\arm-none-eabi\\include\\sys\\_stdint.h"
 162              		.file 4 "Drivers/CMSIS/Device/ST/STM32F1xx/Include/stm32f103xe.h"
 163              		.file 5 "Drivers/STM32F1xx_HAL_Driver/Inc/stm32f1xx_hal_def.h"
 164              		.file 6 "Drivers/STM32F1xx_HAL_Driver/Inc/stm32f1xx_hal_iwdg.h"
 165              		.file 7 "Drivers/STM32F1xx_HAL_Driver/Inc/stm32f1xx_hal.h"
ARM GAS  C:\Users\86184\AppData\Local\Temp\cckBqJiP.s 			page 9


DEFINED SYMBOLS
                            *ABS*:00000000 stm32f1xx_hal_iwdg.c
C:\Users\86184\AppData\Local\Temp\cckBqJiP.s:19     .text.HAL_IWDG_Init:00000000 $t
C:\Users\86184\AppData\Local\Temp\cckBqJiP.s:26     .text.HAL_IWDG_Init:00000000 HAL_IWDG_Init
C:\Users\86184\AppData\Local\Temp\cckBqJiP.s:126    .text.HAL_IWDG_Refresh:00000000 $t
C:\Users\86184\AppData\Local\Temp\cckBqJiP.s:133    .text.HAL_IWDG_Refresh:00000000 HAL_IWDG_Refresh

UNDEFINED SYMBOLS
HAL_GetTick
