ARM GAS  C:\Users\86184\AppData\Local\Temp\ccOcpvU5.s 			page 1


   1              		.cpu cortex-m3
   2              		.arch armv7-m
   3              		.fpu softvfp
   4              		.eabi_attribute 20, 1
   5              		.eabi_attribute 21, 1
   6              		.eabi_attribute 23, 3
   7              		.eabi_attribute 24, 1
   8              		.eabi_attribute 25, 1
   9              		.eabi_attribute 26, 1
  10              		.eabi_attribute 30, 2
  11              		.eabi_attribute 34, 1
  12              		.eabi_attribute 18, 4
  13              		.file	"system_stm32f1xx.c"
  14              		.text
  15              	.Ltext0:
  16              		.cfi_sections	.debug_frame
  17              		.file 1 "Src/system_stm32f1xx.c"
  18              		.section	.text.SystemInit,"ax",%progbits
  19              		.align	1
  20              		.p2align 2,,3
  21              		.global	SystemInit
  22              		.syntax unified
  23              		.thumb
  24              		.thumb_func
  26              	SystemInit:
  27              	.LFB65:
   1:Src/system_stm32f1xx.c **** /**
   2:Src/system_stm32f1xx.c ****   ******************************************************************************
   3:Src/system_stm32f1xx.c ****   * @file    system_stm32f1xx.c
   4:Src/system_stm32f1xx.c ****   * @author  MCD Application Team
   5:Src/system_stm32f1xx.c ****   * @brief   CMSIS Cortex-M3 Device Peripheral Access Layer System Source File.
   6:Src/system_stm32f1xx.c ****   * 
   7:Src/system_stm32f1xx.c ****   * 1.  This file provides two functions and one global variable to be called from 
   8:Src/system_stm32f1xx.c ****   *     user application:
   9:Src/system_stm32f1xx.c ****   *      - SystemInit(): Setups the system clock (System clock source, PLL Multiplier
  10:Src/system_stm32f1xx.c ****   *                      factors, AHB/APBx prescalers and Flash settings). 
  11:Src/system_stm32f1xx.c ****   *                      This function is called at startup just after reset and 
  12:Src/system_stm32f1xx.c ****   *                      before branch to main program. This call is made inside
  13:Src/system_stm32f1xx.c ****   *                      the "startup_stm32f1xx_xx.s" file.
  14:Src/system_stm32f1xx.c ****   *
  15:Src/system_stm32f1xx.c ****   *      - SystemCoreClock variable: Contains the core clock (HCLK), it can be used
  16:Src/system_stm32f1xx.c ****   *                                  by the user application to setup the SysTick 
  17:Src/system_stm32f1xx.c ****   *                                  timer or configure other parameters.
  18:Src/system_stm32f1xx.c ****   *                                     
  19:Src/system_stm32f1xx.c ****   *      - SystemCoreClockUpdate(): Updates the variable SystemCoreClock and must
  20:Src/system_stm32f1xx.c ****   *                                 be called whenever the core clock is changed
  21:Src/system_stm32f1xx.c ****   *                                 during program execution.
  22:Src/system_stm32f1xx.c ****   *
  23:Src/system_stm32f1xx.c ****   * 2. After each device reset the HSI (8 MHz) is used as system clock source.
  24:Src/system_stm32f1xx.c ****   *    Then SystemInit() function is called, in "startup_stm32f1xx_xx.s" file, to
  25:Src/system_stm32f1xx.c ****   *    configure the system clock before to branch to main program.
  26:Src/system_stm32f1xx.c ****   *
  27:Src/system_stm32f1xx.c ****   * 4. The default value of HSE crystal is set to 8 MHz (or 25 MHz, depending on
  28:Src/system_stm32f1xx.c ****   *    the product used), refer to "HSE_VALUE". 
  29:Src/system_stm32f1xx.c ****   *    When HSE is used as system clock source, directly or through PLL, and you
  30:Src/system_stm32f1xx.c ****   *    are using different crystal you have to adapt the HSE value to your own
  31:Src/system_stm32f1xx.c ****   *    configuration.
ARM GAS  C:\Users\86184\AppData\Local\Temp\ccOcpvU5.s 			page 2


  32:Src/system_stm32f1xx.c ****   *        
  33:Src/system_stm32f1xx.c ****   ******************************************************************************
  34:Src/system_stm32f1xx.c ****   * @attention
  35:Src/system_stm32f1xx.c ****   *
  36:Src/system_stm32f1xx.c ****   * <h2><center>&copy; Copyright (c) 2017 STMicroelectronics.
  37:Src/system_stm32f1xx.c ****   * All rights reserved.</center></h2>
  38:Src/system_stm32f1xx.c ****   *
  39:Src/system_stm32f1xx.c ****   * This software component is licensed by ST under BSD 3-Clause license,
  40:Src/system_stm32f1xx.c ****   * the "License"; You may not use this file except in compliance with the
  41:Src/system_stm32f1xx.c ****   * License. You may obtain a copy of the License at:
  42:Src/system_stm32f1xx.c ****   *                        opensource.org/licenses/BSD-3-Clause
  43:Src/system_stm32f1xx.c ****   *
  44:Src/system_stm32f1xx.c ****   ******************************************************************************
  45:Src/system_stm32f1xx.c ****   */
  46:Src/system_stm32f1xx.c **** 
  47:Src/system_stm32f1xx.c **** /** @addtogroup CMSIS
  48:Src/system_stm32f1xx.c ****   * @{
  49:Src/system_stm32f1xx.c ****   */
  50:Src/system_stm32f1xx.c **** 
  51:Src/system_stm32f1xx.c **** /** @addtogroup stm32f1xx_system
  52:Src/system_stm32f1xx.c ****   * @{
  53:Src/system_stm32f1xx.c ****   */  
  54:Src/system_stm32f1xx.c ****   
  55:Src/system_stm32f1xx.c **** /** @addtogroup STM32F1xx_System_Private_Includes
  56:Src/system_stm32f1xx.c ****   * @{
  57:Src/system_stm32f1xx.c ****   */
  58:Src/system_stm32f1xx.c **** 
  59:Src/system_stm32f1xx.c **** #include "stm32f1xx.h"
  60:Src/system_stm32f1xx.c **** 
  61:Src/system_stm32f1xx.c **** /**
  62:Src/system_stm32f1xx.c ****   * @}
  63:Src/system_stm32f1xx.c ****   */
  64:Src/system_stm32f1xx.c **** 
  65:Src/system_stm32f1xx.c **** /** @addtogroup STM32F1xx_System_Private_TypesDefinitions
  66:Src/system_stm32f1xx.c ****   * @{
  67:Src/system_stm32f1xx.c ****   */
  68:Src/system_stm32f1xx.c **** 
  69:Src/system_stm32f1xx.c **** /**
  70:Src/system_stm32f1xx.c ****   * @}
  71:Src/system_stm32f1xx.c ****   */
  72:Src/system_stm32f1xx.c **** 
  73:Src/system_stm32f1xx.c **** /** @addtogroup STM32F1xx_System_Private_Defines
  74:Src/system_stm32f1xx.c ****   * @{
  75:Src/system_stm32f1xx.c ****   */
  76:Src/system_stm32f1xx.c **** 
  77:Src/system_stm32f1xx.c **** #if !defined  (HSE_VALUE) 
  78:Src/system_stm32f1xx.c ****   #define HSE_VALUE               8000000U /*!< Default value of the External oscillator in Hz.
  79:Src/system_stm32f1xx.c ****                                                 This value can be provided and adapted by the user 
  80:Src/system_stm32f1xx.c **** #endif /* HSE_VALUE */
  81:Src/system_stm32f1xx.c **** 
  82:Src/system_stm32f1xx.c **** #if !defined  (HSI_VALUE)
  83:Src/system_stm32f1xx.c ****   #define HSI_VALUE               8000000U /*!< Default value of the Internal oscillator in Hz.
  84:Src/system_stm32f1xx.c ****                                                 This value can be provided and adapted by the user 
  85:Src/system_stm32f1xx.c **** #endif /* HSI_VALUE */
  86:Src/system_stm32f1xx.c **** 
  87:Src/system_stm32f1xx.c **** /*!< Uncomment the following line if you need to use external SRAM  */ 
  88:Src/system_stm32f1xx.c **** #if defined(STM32F100xE) || defined(STM32F101xE) || defined(STM32F101xG) || defined(STM32F103xE) ||
ARM GAS  C:\Users\86184\AppData\Local\Temp\ccOcpvU5.s 			page 3


  89:Src/system_stm32f1xx.c **** /* #define DATA_IN_ExtSRAM */
  90:Src/system_stm32f1xx.c **** #endif /* STM32F100xE || STM32F101xE || STM32F101xG || STM32F103xE || STM32F103xG */
  91:Src/system_stm32f1xx.c **** 
  92:Src/system_stm32f1xx.c **** /* Note: Following vector table addresses must be defined in line with linker
  93:Src/system_stm32f1xx.c ****          configuration. */
  94:Src/system_stm32f1xx.c **** /*!< Uncomment the following line if you need to relocate the vector table
  95:Src/system_stm32f1xx.c ****      anywhere in Flash or Sram, else the vector table is kept at the automatic
  96:Src/system_stm32f1xx.c ****      remap of boot address selected */
  97:Src/system_stm32f1xx.c **** /* #define USER_VECT_TAB_ADDRESS */
  98:Src/system_stm32f1xx.c **** 
  99:Src/system_stm32f1xx.c **** #if defined(USER_VECT_TAB_ADDRESS)
 100:Src/system_stm32f1xx.c **** /*!< Uncomment the following line if you need to relocate your vector Table
 101:Src/system_stm32f1xx.c ****      in Sram else user remap will be done in Flash. */
 102:Src/system_stm32f1xx.c **** /* #define VECT_TAB_SRAM */
 103:Src/system_stm32f1xx.c **** #if defined(VECT_TAB_SRAM)
 104:Src/system_stm32f1xx.c **** #define VECT_TAB_BASE_ADDRESS   SRAM_BASE       /*!< Vector Table base address field.
 105:Src/system_stm32f1xx.c ****                                                      This value must be a multiple of 0x200. */
 106:Src/system_stm32f1xx.c **** #define VECT_TAB_OFFSET         0x00000000U     /*!< Vector Table base offset field.
 107:Src/system_stm32f1xx.c ****                                                      This value must be a multiple of 0x200. */
 108:Src/system_stm32f1xx.c **** #else
 109:Src/system_stm32f1xx.c **** #define VECT_TAB_BASE_ADDRESS   FLASH_BASE      /*!< Vector Table base address field.
 110:Src/system_stm32f1xx.c ****                                                      This value must be a multiple of 0x200. */
 111:Src/system_stm32f1xx.c **** #define VECT_TAB_OFFSET         0x00000000U     /*!< Vector Table base offset field.
 112:Src/system_stm32f1xx.c ****                                                      This value must be a multiple of 0x200. */
 113:Src/system_stm32f1xx.c **** #endif /* VECT_TAB_SRAM */
 114:Src/system_stm32f1xx.c **** #endif /* USER_VECT_TAB_ADDRESS */
 115:Src/system_stm32f1xx.c **** 
 116:Src/system_stm32f1xx.c **** /******************************************************************************/
 117:Src/system_stm32f1xx.c **** 
 118:Src/system_stm32f1xx.c **** /**
 119:Src/system_stm32f1xx.c ****   * @}
 120:Src/system_stm32f1xx.c ****   */
 121:Src/system_stm32f1xx.c **** 
 122:Src/system_stm32f1xx.c **** /** @addtogroup STM32F1xx_System_Private_Macros
 123:Src/system_stm32f1xx.c ****   * @{
 124:Src/system_stm32f1xx.c ****   */
 125:Src/system_stm32f1xx.c **** 
 126:Src/system_stm32f1xx.c **** /**
 127:Src/system_stm32f1xx.c ****   * @}
 128:Src/system_stm32f1xx.c ****   */
 129:Src/system_stm32f1xx.c **** 
 130:Src/system_stm32f1xx.c **** /** @addtogroup STM32F1xx_System_Private_Variables
 131:Src/system_stm32f1xx.c ****   * @{
 132:Src/system_stm32f1xx.c ****   */
 133:Src/system_stm32f1xx.c **** 
 134:Src/system_stm32f1xx.c ****   /* This variable is updated in three ways:
 135:Src/system_stm32f1xx.c ****       1) by calling CMSIS function SystemCoreClockUpdate()
 136:Src/system_stm32f1xx.c ****       2) by calling HAL API function HAL_RCC_GetHCLKFreq()
 137:Src/system_stm32f1xx.c ****       3) each time HAL_RCC_ClockConfig() is called to configure the system clock frequency 
 138:Src/system_stm32f1xx.c ****          Note: If you use this function to configure the system clock; then there
 139:Src/system_stm32f1xx.c ****                is no need to call the 2 first functions listed above, since SystemCoreClock
 140:Src/system_stm32f1xx.c ****                variable is updated automatically.
 141:Src/system_stm32f1xx.c ****   */
 142:Src/system_stm32f1xx.c **** uint32_t SystemCoreClock = 16000000;
 143:Src/system_stm32f1xx.c **** const uint8_t AHBPrescTable[16U] = {0, 0, 0, 0, 0, 0, 0, 0, 1, 2, 3, 4, 6, 7, 8, 9};
 144:Src/system_stm32f1xx.c **** const uint8_t APBPrescTable[8U] =  {0, 0, 0, 0, 1, 2, 3, 4};
 145:Src/system_stm32f1xx.c **** 
ARM GAS  C:\Users\86184\AppData\Local\Temp\ccOcpvU5.s 			page 4


 146:Src/system_stm32f1xx.c **** /**
 147:Src/system_stm32f1xx.c ****   * @}
 148:Src/system_stm32f1xx.c ****   */
 149:Src/system_stm32f1xx.c **** 
 150:Src/system_stm32f1xx.c **** /** @addtogroup STM32F1xx_System_Private_FunctionPrototypes
 151:Src/system_stm32f1xx.c ****   * @{
 152:Src/system_stm32f1xx.c ****   */
 153:Src/system_stm32f1xx.c **** 
 154:Src/system_stm32f1xx.c **** #if defined(STM32F100xE) || defined(STM32F101xE) || defined(STM32F101xG) || defined(STM32F103xE) ||
 155:Src/system_stm32f1xx.c **** #ifdef DATA_IN_ExtSRAM
 156:Src/system_stm32f1xx.c ****   static void SystemInit_ExtMemCtl(void); 
 157:Src/system_stm32f1xx.c **** #endif /* DATA_IN_ExtSRAM */
 158:Src/system_stm32f1xx.c **** #endif /* STM32F100xE || STM32F101xE || STM32F101xG || STM32F103xE || STM32F103xG */
 159:Src/system_stm32f1xx.c **** 
 160:Src/system_stm32f1xx.c **** /**
 161:Src/system_stm32f1xx.c ****   * @}
 162:Src/system_stm32f1xx.c ****   */
 163:Src/system_stm32f1xx.c **** 
 164:Src/system_stm32f1xx.c **** /** @addtogroup STM32F1xx_System_Private_Functions
 165:Src/system_stm32f1xx.c ****   * @{
 166:Src/system_stm32f1xx.c ****   */
 167:Src/system_stm32f1xx.c **** 
 168:Src/system_stm32f1xx.c **** /**
 169:Src/system_stm32f1xx.c ****   * @brief  Setup the microcontroller system
 170:Src/system_stm32f1xx.c ****   *         Initialize the Embedded Flash Interface, the PLL and update the 
 171:Src/system_stm32f1xx.c ****   *         SystemCoreClock variable.
 172:Src/system_stm32f1xx.c ****   * @note   This function should be used only after reset.
 173:Src/system_stm32f1xx.c ****   * @param  None
 174:Src/system_stm32f1xx.c ****   * @retval None
 175:Src/system_stm32f1xx.c ****   */
 176:Src/system_stm32f1xx.c **** void SystemInit (void)
 177:Src/system_stm32f1xx.c **** {
  28              		.loc 1 177 1 view -0
  29              		.cfi_startproc
  30              		@ args = 0, pretend = 0, frame = 0
  31              		@ frame_needed = 0, uses_anonymous_args = 0
  32              		@ link register save eliminated.
 178:Src/system_stm32f1xx.c **** #if defined(STM32F100xE) || defined(STM32F101xE) || defined(STM32F101xG) || defined(STM32F103xE) ||
 179:Src/system_stm32f1xx.c ****   #ifdef DATA_IN_ExtSRAM
 180:Src/system_stm32f1xx.c ****     SystemInit_ExtMemCtl(); 
 181:Src/system_stm32f1xx.c ****   #endif /* DATA_IN_ExtSRAM */
 182:Src/system_stm32f1xx.c **** #endif 
 183:Src/system_stm32f1xx.c **** 
 184:Src/system_stm32f1xx.c ****   /* Configure the Vector Table location -------------------------------------*/
 185:Src/system_stm32f1xx.c **** #if defined(USER_VECT_TAB_ADDRESS)
 186:Src/system_stm32f1xx.c ****   SCB->VTOR = VECT_TAB_BASE_ADDRESS | VECT_TAB_OFFSET; /* Vector Table Relocation in Internal SRAM.
 187:Src/system_stm32f1xx.c **** #endif /* USER_VECT_TAB_ADDRESS */
 188:Src/system_stm32f1xx.c **** }
  33              		.loc 1 188 1 view .LVU1
  34 0000 7047     		bx	lr
  35              		.cfi_endproc
  36              	.LFE65:
  38 0002 00BF     		.section	.text.SystemCoreClockUpdate,"ax",%progbits
  39              		.align	1
  40              		.p2align 2,,3
  41              		.global	SystemCoreClockUpdate
  42              		.syntax unified
ARM GAS  C:\Users\86184\AppData\Local\Temp\ccOcpvU5.s 			page 5


  43              		.thumb
  44              		.thumb_func
  46              	SystemCoreClockUpdate:
  47              	.LFB66:
 189:Src/system_stm32f1xx.c **** 
 190:Src/system_stm32f1xx.c **** /**
 191:Src/system_stm32f1xx.c ****   * @brief  Update SystemCoreClock variable according to Clock Register Values.
 192:Src/system_stm32f1xx.c ****   *         The SystemCoreClock variable contains the core clock (HCLK), it can
 193:Src/system_stm32f1xx.c ****   *         be used by the user application to setup the SysTick timer or configure
 194:Src/system_stm32f1xx.c ****   *         other parameters.
 195:Src/system_stm32f1xx.c ****   *           
 196:Src/system_stm32f1xx.c ****   * @note   Each time the core clock (HCLK) changes, this function must be called
 197:Src/system_stm32f1xx.c ****   *         to update SystemCoreClock variable value. Otherwise, any configuration
 198:Src/system_stm32f1xx.c ****   *         based on this variable will be incorrect.         
 199:Src/system_stm32f1xx.c ****   *     
 200:Src/system_stm32f1xx.c ****   * @note   - The system frequency computed by this function is not the real 
 201:Src/system_stm32f1xx.c ****   *           frequency in the chip. It is calculated based on the predefined 
 202:Src/system_stm32f1xx.c ****   *           constant and the selected clock source:
 203:Src/system_stm32f1xx.c ****   *             
 204:Src/system_stm32f1xx.c ****   *           - If SYSCLK source is HSI, SystemCoreClock will contain the HSI_VALUE(*)
 205:Src/system_stm32f1xx.c ****   *                                              
 206:Src/system_stm32f1xx.c ****   *           - If SYSCLK source is HSE, SystemCoreClock will contain the HSE_VALUE(**)
 207:Src/system_stm32f1xx.c ****   *                          
 208:Src/system_stm32f1xx.c ****   *           - If SYSCLK source is PLL, SystemCoreClock will contain the HSE_VALUE(**) 
 209:Src/system_stm32f1xx.c ****   *             or HSI_VALUE(*) multiplied by the PLL factors.
 210:Src/system_stm32f1xx.c ****   *         
 211:Src/system_stm32f1xx.c ****   *         (*) HSI_VALUE is a constant defined in stm32f1xx.h file (default value
 212:Src/system_stm32f1xx.c ****   *             8 MHz) but the real value may vary depending on the variations
 213:Src/system_stm32f1xx.c ****   *             in voltage and temperature.   
 214:Src/system_stm32f1xx.c ****   *    
 215:Src/system_stm32f1xx.c ****   *         (**) HSE_VALUE is a constant defined in stm32f1xx.h file (default value
 216:Src/system_stm32f1xx.c ****   *              8 MHz or 25 MHz, depending on the product used), user has to ensure
 217:Src/system_stm32f1xx.c ****   *              that HSE_VALUE is same as the real frequency of the crystal used.
 218:Src/system_stm32f1xx.c ****   *              Otherwise, this function may have wrong result.
 219:Src/system_stm32f1xx.c ****   *                
 220:Src/system_stm32f1xx.c ****   *         - The result of this function could be not correct when using fractional
 221:Src/system_stm32f1xx.c ****   *           value for HSE crystal.
 222:Src/system_stm32f1xx.c ****   * @param  None
 223:Src/system_stm32f1xx.c ****   * @retval None
 224:Src/system_stm32f1xx.c ****   */
 225:Src/system_stm32f1xx.c **** void SystemCoreClockUpdate (void)
 226:Src/system_stm32f1xx.c **** {
  48              		.loc 1 226 1 view -0
  49              		.cfi_startproc
  50              		@ args = 0, pretend = 0, frame = 0
  51              		@ frame_needed = 0, uses_anonymous_args = 0
  52              		@ link register save eliminated.
 227:Src/system_stm32f1xx.c ****   uint32_t tmp = 0U, pllmull = 0U, pllsource = 0U;
  53              		.loc 1 227 3 view .LVU3
  54              	.LVL0:
 228:Src/system_stm32f1xx.c **** 
 229:Src/system_stm32f1xx.c **** #if defined(STM32F105xC) || defined(STM32F107xC)
 230:Src/system_stm32f1xx.c ****   uint32_t prediv1source = 0U, prediv1factor = 0U, prediv2factor = 0U, pll2mull = 0U;
 231:Src/system_stm32f1xx.c **** #endif /* STM32F105xC */
 232:Src/system_stm32f1xx.c **** 
 233:Src/system_stm32f1xx.c **** #if defined(STM32F100xB) || defined(STM32F100xE)
 234:Src/system_stm32f1xx.c ****   uint32_t prediv1factor = 0U;
ARM GAS  C:\Users\86184\AppData\Local\Temp\ccOcpvU5.s 			page 6


 235:Src/system_stm32f1xx.c **** #endif /* STM32F100xB or STM32F100xE */
 236:Src/system_stm32f1xx.c ****     
 237:Src/system_stm32f1xx.c ****   /* Get SYSCLK source -------------------------------------------------------*/
 238:Src/system_stm32f1xx.c ****   tmp = RCC->CFGR & RCC_CFGR_SWS;
  55              		.loc 1 238 3 view .LVU4
  56              		.loc 1 238 12 is_stmt 0 view .LVU5
  57 0000 114A     		ldr	r2, .L10
  58 0002 5368     		ldr	r3, [r2, #4]
  59              	.LVL1:
 239:Src/system_stm32f1xx.c ****   
 240:Src/system_stm32f1xx.c ****   switch (tmp)
  60              		.loc 1 240 3 is_stmt 1 view .LVU6
 238:Src/system_stm32f1xx.c ****   
  61              		.loc 1 238 7 is_stmt 0 view .LVU7
  62 0004 03F00C03 		and	r3, r3, #12
  63              	.LVL2:
  64              		.loc 1 240 3 view .LVU8
  65 0008 082B     		cmp	r3, #8
  66 000a 0AD0     		beq	.L9
  67 000c 0F4B     		ldr	r3, .L10+4
  68              	.LVL3:
  69              	.L4:
 241:Src/system_stm32f1xx.c ****   {
 242:Src/system_stm32f1xx.c ****     case 0x00U:  /* HSI used as system clock */
 243:Src/system_stm32f1xx.c ****       SystemCoreClock = HSI_VALUE;
 244:Src/system_stm32f1xx.c ****       break;
 245:Src/system_stm32f1xx.c ****     case 0x04U:  /* HSE used as system clock */
 246:Src/system_stm32f1xx.c ****       SystemCoreClock = HSE_VALUE;
 247:Src/system_stm32f1xx.c ****       break;
 248:Src/system_stm32f1xx.c ****     case 0x08U:  /* PLL used as system clock */
 249:Src/system_stm32f1xx.c **** 
 250:Src/system_stm32f1xx.c ****       /* Get PLL clock source and multiplication factor ----------------------*/
 251:Src/system_stm32f1xx.c ****       pllmull = RCC->CFGR & RCC_CFGR_PLLMULL;
 252:Src/system_stm32f1xx.c ****       pllsource = RCC->CFGR & RCC_CFGR_PLLSRC;
 253:Src/system_stm32f1xx.c ****       
 254:Src/system_stm32f1xx.c **** #if !defined(STM32F105xC) && !defined(STM32F107xC)      
 255:Src/system_stm32f1xx.c ****       pllmull = ( pllmull >> 18U) + 2U;
 256:Src/system_stm32f1xx.c ****       
 257:Src/system_stm32f1xx.c ****       if (pllsource == 0x00U)
 258:Src/system_stm32f1xx.c ****       {
 259:Src/system_stm32f1xx.c ****         /* HSI oscillator clock divided by 2 selected as PLL clock entry */
 260:Src/system_stm32f1xx.c ****         SystemCoreClock = (HSI_VALUE >> 1U) * pllmull;
 261:Src/system_stm32f1xx.c ****       }
 262:Src/system_stm32f1xx.c ****       else
 263:Src/system_stm32f1xx.c ****       {
 264:Src/system_stm32f1xx.c ****  #if defined(STM32F100xB) || defined(STM32F100xE)
 265:Src/system_stm32f1xx.c ****        prediv1factor = (RCC->CFGR2 & RCC_CFGR2_PREDIV1) + 1U;
 266:Src/system_stm32f1xx.c ****        /* HSE oscillator clock selected as PREDIV1 clock entry */
 267:Src/system_stm32f1xx.c ****        SystemCoreClock = (HSE_VALUE / prediv1factor) * pllmull; 
 268:Src/system_stm32f1xx.c ****  #else
 269:Src/system_stm32f1xx.c ****         /* HSE selected as PLL clock entry */
 270:Src/system_stm32f1xx.c ****         if ((RCC->CFGR & RCC_CFGR_PLLXTPRE) != (uint32_t)RESET)
 271:Src/system_stm32f1xx.c ****         {/* HSE oscillator clock divided by 2 */
 272:Src/system_stm32f1xx.c ****           SystemCoreClock = (HSE_VALUE >> 1U) * pllmull;
 273:Src/system_stm32f1xx.c ****         }
 274:Src/system_stm32f1xx.c ****         else
 275:Src/system_stm32f1xx.c ****         {
ARM GAS  C:\Users\86184\AppData\Local\Temp\ccOcpvU5.s 			page 7


 276:Src/system_stm32f1xx.c ****           SystemCoreClock = HSE_VALUE * pllmull;
 277:Src/system_stm32f1xx.c ****         }
 278:Src/system_stm32f1xx.c ****  #endif
 279:Src/system_stm32f1xx.c ****       }
 280:Src/system_stm32f1xx.c **** #else
 281:Src/system_stm32f1xx.c ****       pllmull = pllmull >> 18U;
 282:Src/system_stm32f1xx.c ****       
 283:Src/system_stm32f1xx.c ****       if (pllmull != 0x0DU)
 284:Src/system_stm32f1xx.c ****       {
 285:Src/system_stm32f1xx.c ****          pllmull += 2U;
 286:Src/system_stm32f1xx.c ****       }
 287:Src/system_stm32f1xx.c ****       else
 288:Src/system_stm32f1xx.c ****       { /* PLL multiplication factor = PLL input clock * 6.5 */
 289:Src/system_stm32f1xx.c ****         pllmull = 13U / 2U; 
 290:Src/system_stm32f1xx.c ****       }
 291:Src/system_stm32f1xx.c ****             
 292:Src/system_stm32f1xx.c ****       if (pllsource == 0x00U)
 293:Src/system_stm32f1xx.c ****       {
 294:Src/system_stm32f1xx.c ****         /* HSI oscillator clock divided by 2 selected as PLL clock entry */
 295:Src/system_stm32f1xx.c ****         SystemCoreClock = (HSI_VALUE >> 1U) * pllmull;
 296:Src/system_stm32f1xx.c ****       }
 297:Src/system_stm32f1xx.c ****       else
 298:Src/system_stm32f1xx.c ****       {/* PREDIV1 selected as PLL clock entry */
 299:Src/system_stm32f1xx.c ****         
 300:Src/system_stm32f1xx.c ****         /* Get PREDIV1 clock source and division factor */
 301:Src/system_stm32f1xx.c ****         prediv1source = RCC->CFGR2 & RCC_CFGR2_PREDIV1SRC;
 302:Src/system_stm32f1xx.c ****         prediv1factor = (RCC->CFGR2 & RCC_CFGR2_PREDIV1) + 1U;
 303:Src/system_stm32f1xx.c ****         
 304:Src/system_stm32f1xx.c ****         if (prediv1source == 0U)
 305:Src/system_stm32f1xx.c ****         { 
 306:Src/system_stm32f1xx.c ****           /* HSE oscillator clock selected as PREDIV1 clock entry */
 307:Src/system_stm32f1xx.c ****           SystemCoreClock = (HSE_VALUE / prediv1factor) * pllmull;          
 308:Src/system_stm32f1xx.c ****         }
 309:Src/system_stm32f1xx.c ****         else
 310:Src/system_stm32f1xx.c ****         {/* PLL2 clock selected as PREDIV1 clock entry */
 311:Src/system_stm32f1xx.c ****           
 312:Src/system_stm32f1xx.c ****           /* Get PREDIV2 division factor and PLL2 multiplication factor */
 313:Src/system_stm32f1xx.c ****           prediv2factor = ((RCC->CFGR2 & RCC_CFGR2_PREDIV2) >> 4U) + 1U;
 314:Src/system_stm32f1xx.c ****           pll2mull = ((RCC->CFGR2 & RCC_CFGR2_PLL2MUL) >> 8U) + 2U; 
 315:Src/system_stm32f1xx.c ****           SystemCoreClock = (((HSE_VALUE / prediv2factor) * pll2mull) / prediv1factor) * pllmull;  
 316:Src/system_stm32f1xx.c ****         }
 317:Src/system_stm32f1xx.c ****       }
 318:Src/system_stm32f1xx.c **** #endif /* STM32F105xC */ 
 319:Src/system_stm32f1xx.c ****       break;
 320:Src/system_stm32f1xx.c **** 
 321:Src/system_stm32f1xx.c ****     default:
 322:Src/system_stm32f1xx.c ****       SystemCoreClock = HSI_VALUE;
 323:Src/system_stm32f1xx.c ****       break;
 324:Src/system_stm32f1xx.c ****   }
 325:Src/system_stm32f1xx.c ****   
 326:Src/system_stm32f1xx.c ****   /* Compute HCLK clock frequency ----------------*/
 327:Src/system_stm32f1xx.c ****   /* Get HCLK prescaler */
 328:Src/system_stm32f1xx.c ****   tmp = AHBPrescTable[((RCC->CFGR & RCC_CFGR_HPRE) >> 4U)];
  70              		.loc 1 328 3 is_stmt 1 view .LVU9
  71              		.loc 1 328 28 is_stmt 0 view .LVU10
  72 000e 0E4A     		ldr	r2, .L10
  73              		.loc 1 328 22 view .LVU11
ARM GAS  C:\Users\86184\AppData\Local\Temp\ccOcpvU5.s 			page 8


  74 0010 0F48     		ldr	r0, .L10+8
  75              		.loc 1 328 28 view .LVU12
  76 0012 5268     		ldr	r2, [r2, #4]
  77              	.LVL4:
 329:Src/system_stm32f1xx.c ****   /* HCLK clock frequency */
 330:Src/system_stm32f1xx.c ****   SystemCoreClock >>= tmp;  
  78              		.loc 1 330 3 is_stmt 1 view .LVU13
  79              		.loc 1 330 19 is_stmt 0 view .LVU14
  80 0014 0F49     		ldr	r1, .L10+12
 328:Src/system_stm32f1xx.c ****   /* HCLK clock frequency */
  81              		.loc 1 328 52 view .LVU15
  82 0016 C2F30312 		ubfx	r2, r2, #4, #4
  83              	.LVL5:
 328:Src/system_stm32f1xx.c ****   /* HCLK clock frequency */
  84              		.loc 1 328 7 view .LVU16
  85 001a 825C     		ldrb	r2, [r0, r2]	@ zero_extendqisi2
  86              		.loc 1 330 19 view .LVU17
  87 001c D340     		lsrs	r3, r3, r2
  88 001e 0B60     		str	r3, [r1]
 331:Src/system_stm32f1xx.c **** }
  89              		.loc 1 331 1 view .LVU18
  90 0020 7047     		bx	lr
  91              	.LVL6:
  92              	.L9:
 251:Src/system_stm32f1xx.c ****       pllsource = RCC->CFGR & RCC_CFGR_PLLSRC;
  93              		.loc 1 251 7 is_stmt 1 view .LVU19
 251:Src/system_stm32f1xx.c ****       pllsource = RCC->CFGR & RCC_CFGR_PLLSRC;
  94              		.loc 1 251 20 is_stmt 0 view .LVU20
  95 0022 5368     		ldr	r3, [r2, #4]
  96              	.LVL7:
 252:Src/system_stm32f1xx.c ****       
  97              		.loc 1 252 7 is_stmt 1 view .LVU21
 252:Src/system_stm32f1xx.c ****       
  98              		.loc 1 252 22 is_stmt 0 view .LVU22
  99 0024 5168     		ldr	r1, [r2, #4]
 100              	.LVL8:
 255:Src/system_stm32f1xx.c ****       
 101              		.loc 1 255 7 is_stmt 1 view .LVU23
 255:Src/system_stm32f1xx.c ****       
 102              		.loc 1 255 27 is_stmt 0 view .LVU24
 103 0026 C3F38343 		ubfx	r3, r3, #18, #4
 104              	.LVL9:
 257:Src/system_stm32f1xx.c ****       {
 105              		.loc 1 257 10 view .LVU25
 106 002a C903     		lsls	r1, r1, #15
 107              	.LVL10:
 255:Src/system_stm32f1xx.c ****       
 108              		.loc 1 255 15 view .LVU26
 109 002c 03F10203 		add	r3, r3, #2
 110              	.LVL11:
 257:Src/system_stm32f1xx.c ****       {
 111              		.loc 1 257 7 is_stmt 1 view .LVU27
 257:Src/system_stm32f1xx.c ****       {
 112              		.loc 1 257 10 is_stmt 0 view .LVU28
 113 0030 06D5     		bpl	.L8
 270:Src/system_stm32f1xx.c ****         {/* HSE oscillator clock divided by 2 */
 114              		.loc 1 270 9 is_stmt 1 view .LVU29
ARM GAS  C:\Users\86184\AppData\Local\Temp\ccOcpvU5.s 			page 9


 270:Src/system_stm32f1xx.c ****         {/* HSE oscillator clock divided by 2 */
 115              		.loc 1 270 17 is_stmt 0 view .LVU30
 116 0032 5268     		ldr	r2, [r2, #4]
 270:Src/system_stm32f1xx.c ****         {/* HSE oscillator clock divided by 2 */
 117              		.loc 1 270 12 view .LVU31
 118 0034 9203     		lsls	r2, r2, #14
 119 0036 03D4     		bmi	.L8
 276:Src/system_stm32f1xx.c ****         }
 120              		.loc 1 276 11 is_stmt 1 view .LVU32
 276:Src/system_stm32f1xx.c ****         }
 121              		.loc 1 276 39 is_stmt 0 view .LVU33
 122 0038 044A     		ldr	r2, .L10+4
 123 003a 02FB03F3 		mul	r3, r2, r3
 124              	.LVL12:
 276:Src/system_stm32f1xx.c ****         }
 125              		.loc 1 276 39 view .LVU34
 126 003e E6E7     		b	.L4
 127              	.LVL13:
 128              	.L8:
 272:Src/system_stm32f1xx.c ****         }
 129              		.loc 1 272 11 is_stmt 1 view .LVU35
 272:Src/system_stm32f1xx.c ****         }
 130              		.loc 1 272 47 is_stmt 0 view .LVU36
 131 0040 054A     		ldr	r2, .L10+16
 132 0042 02FB03F3 		mul	r3, r2, r3
 133              	.LVL14:
 272:Src/system_stm32f1xx.c ****         }
 134              		.loc 1 272 47 view .LVU37
 135 0046 E2E7     		b	.L4
 136              	.L11:
 137              		.align	2
 138              	.L10:
 139 0048 00100240 		.word	1073876992
 140 004c 00127A00 		.word	8000000
 141 0050 00000000 		.word	AHBPrescTable
 142 0054 00000000 		.word	SystemCoreClock
 143 0058 00093D00 		.word	4000000
 144              		.cfi_endproc
 145              	.LFE66:
 147              		.global	APBPrescTable
 148              		.section	.rodata.APBPrescTable,"a"
 149              		.align	2
 152              	APBPrescTable:
 153 0000 00000000 		.ascii	"\000\000\000\000\001\002\003\004"
 153      01020304 
 154              		.global	AHBPrescTable
 155              		.section	.rodata.AHBPrescTable,"a"
 156              		.align	2
 159              	AHBPrescTable:
 160 0000 00000000 		.ascii	"\000\000\000\000\000\000\000\000\001\002\003\004\006"
 160      00000000 
 160      01020304 
 160      06
 161 000d 070809   		.ascii	"\007\010\011"
 162              		.global	SystemCoreClock
 163              		.section	.data.SystemCoreClock,"aw"
 164              		.align	2
ARM GAS  C:\Users\86184\AppData\Local\Temp\ccOcpvU5.s 			page 10


 167              	SystemCoreClock:
 168 0000 0024F400 		.word	16000000
 169              		.text
 170              	.Letext0:
 171              		.file 2 "d:\\appdev\\vsarm\\armcc\\arm-none-eabi\\include\\machine\\_default_types.h"
 172              		.file 3 "d:\\appdev\\vsarm\\armcc\\arm-none-eabi\\include\\sys\\_stdint.h"
 173              		.file 4 "Drivers/CMSIS/Device/ST/STM32F1xx/Include/system_stm32f1xx.h"
 174              		.file 5 "Drivers/CMSIS/Device/ST/STM32F1xx/Include/stm32f103xe.h"
 175              		.file 6 "Drivers/CMSIS/Device/ST/STM32F1xx/Include/stm32f1xx.h"
ARM GAS  C:\Users\86184\AppData\Local\Temp\ccOcpvU5.s 			page 11


DEFINED SYMBOLS
                            *ABS*:00000000 system_stm32f1xx.c
C:\Users\86184\AppData\Local\Temp\ccOcpvU5.s:19     .text.SystemInit:00000000 $t
C:\Users\86184\AppData\Local\Temp\ccOcpvU5.s:26     .text.SystemInit:00000000 SystemInit
C:\Users\86184\AppData\Local\Temp\ccOcpvU5.s:39     .text.SystemCoreClockUpdate:00000000 $t
C:\Users\86184\AppData\Local\Temp\ccOcpvU5.s:46     .text.SystemCoreClockUpdate:00000000 SystemCoreClockUpdate
C:\Users\86184\AppData\Local\Temp\ccOcpvU5.s:139    .text.SystemCoreClockUpdate:00000048 $d
C:\Users\86184\AppData\Local\Temp\ccOcpvU5.s:159    .rodata.AHBPrescTable:00000000 AHBPrescTable
C:\Users\86184\AppData\Local\Temp\ccOcpvU5.s:167    .data.SystemCoreClock:00000000 SystemCoreClock
C:\Users\86184\AppData\Local\Temp\ccOcpvU5.s:152    .rodata.APBPrescTable:00000000 APBPrescTable
C:\Users\86184\AppData\Local\Temp\ccOcpvU5.s:149    .rodata.APBPrescTable:00000000 $d
C:\Users\86184\AppData\Local\Temp\ccOcpvU5.s:156    .rodata.AHBPrescTable:00000000 $d
C:\Users\86184\AppData\Local\Temp\ccOcpvU5.s:164    .data.SystemCoreClock:00000000 $d

NO UNDEFINED SYMBOLS
