ARM GAS  C:\Users\86184\AppData\Local\Temp\ccqjrmVk.s 			page 1


   1              		.cpu cortex-m3
   2              		.arch armv7-m
   3              		.fpu softvfp
   4              		.eabi_attribute 20, 1
   5              		.eabi_attribute 21, 1
   6              		.eabi_attribute 23, 3
   7              		.eabi_attribute 24, 1
   8              		.eabi_attribute 25, 1
   9              		.eabi_attribute 26, 1
  10              		.eabi_attribute 30, 2
  11              		.eabi_attribute 34, 1
  12              		.eabi_attribute 18, 4
  13              		.file	"wdg.c"
  14              		.text
  15              	.Ltext0:
  16              		.cfi_sections	.debug_frame
  17              		.file 1 "Drivers/BSP/WDG/wdg.c"
  18              		.section	.text.iwdg_init,"ax",%progbits
  19              		.align	1
  20              		.p2align 2,,3
  21              		.global	iwdg_init
  22              		.syntax unified
  23              		.thumb
  24              		.thumb_func
  26              	iwdg_init:
  27              	.LVL0:
  28              	.LFB65:
   1:Drivers/BSP/WDG/wdg.c **** 
   2:Drivers/BSP/WDG/wdg.c **** #include "./BSP/WDG/wdg.h"
   3:Drivers/BSP/WDG/wdg.c **** 
   4:Drivers/BSP/WDG/wdg.c **** IWDG_HandleTypeDef g_iwdg_handle;
   5:Drivers/BSP/WDG/wdg.c **** WWDG_HandleTypeDef g_wwdg_handle;
   6:Drivers/BSP/WDG/wdg.c **** 
   7:Drivers/BSP/WDG/wdg.c **** void iwdg_init(uint8_t prer, uint16_t rld)
   8:Drivers/BSP/WDG/wdg.c **** {
  29              		.loc 1 8 1 view -0
  30              		.cfi_startproc
  31              		@ args = 0, pretend = 0, frame = 0
  32              		@ frame_needed = 0, uses_anonymous_args = 0
  33              		@ link register save eliminated.
   9:Drivers/BSP/WDG/wdg.c ****     g_iwdg_handle.Instance = IWDG;
  34              		.loc 1 9 5 view .LVU1
   8:Drivers/BSP/WDG/wdg.c ****     g_iwdg_handle.Instance = IWDG;
  35              		.loc 1 8 1 is_stmt 0 view .LVU2
  36 0000 0346     		mov	r3, r0
  37              		.loc 1 9 28 view .LVU3
  38 0002 034A     		ldr	r2, .L3
  39 0004 0348     		ldr	r0, .L3+4
  40              	.LVL1:
  10:Drivers/BSP/WDG/wdg.c ****     g_iwdg_handle.Init.Prescaler = prer;
  41              		.loc 1 10 34 view .LVU4
  42 0006 C0E90023 		strd	r2, r3, [r0]
  11:Drivers/BSP/WDG/wdg.c ****     g_iwdg_handle.Init.Reload = rld;
  43              		.loc 1 11 5 is_stmt 1 view .LVU5
  44              		.loc 1 11 31 is_stmt 0 view .LVU6
  45 000a 8160     		str	r1, [r0, #8]
  12:Drivers/BSP/WDG/wdg.c ****     HAL_IWDG_Init(&g_iwdg_handle);
ARM GAS  C:\Users\86184\AppData\Local\Temp\ccqjrmVk.s 			page 2


  46              		.loc 1 12 5 is_stmt 1 view .LVU7
  47 000c FFF7FEBF 		b	HAL_IWDG_Init
  48              	.LVL2:
  49              	.L4:
  50              		.loc 1 12 5 is_stmt 0 view .LVU8
  51              		.align	2
  52              	.L3:
  53 0010 00300040 		.word	1073754112
  54 0014 00000000 		.word	g_iwdg_handle
  55              		.cfi_endproc
  56              	.LFE65:
  58              		.section	.text.iwdg_feed,"ax",%progbits
  59              		.align	1
  60              		.p2align 2,,3
  61              		.global	iwdg_feed
  62              		.syntax unified
  63              		.thumb
  64              		.thumb_func
  66              	iwdg_feed:
  67              	.LFB66:
  13:Drivers/BSP/WDG/wdg.c **** }
  14:Drivers/BSP/WDG/wdg.c **** 
  15:Drivers/BSP/WDG/wdg.c **** void iwdg_feed()
  16:Drivers/BSP/WDG/wdg.c **** {
  68              		.loc 1 16 1 is_stmt 1 view -0
  69              		.cfi_startproc
  70              		@ args = 0, pretend = 0, frame = 0
  71              		@ frame_needed = 0, uses_anonymous_args = 0
  72              		@ link register save eliminated.
  17:Drivers/BSP/WDG/wdg.c ****     HAL_IWDG_Refresh(&g_iwdg_handle);
  73              		.loc 1 17 5 view .LVU10
  74 0000 0148     		ldr	r0, .L6
  75 0002 FFF7FEBF 		b	HAL_IWDG_Refresh
  76              	.LVL3:
  77              	.L7:
  78 0006 00BF     		.align	2
  79              	.L6:
  80 0008 00000000 		.word	g_iwdg_handle
  81              		.cfi_endproc
  82              	.LFE66:
  84              		.section	.text.wwdg_init,"ax",%progbits
  85              		.align	1
  86              		.p2align 2,,3
  87              		.global	wwdg_init
  88              		.syntax unified
  89              		.thumb
  90              		.thumb_func
  92              	wwdg_init:
  93              	.LVL4:
  94              	.LFB67:
  18:Drivers/BSP/WDG/wdg.c **** }
  19:Drivers/BSP/WDG/wdg.c **** 
  20:Drivers/BSP/WDG/wdg.c **** void wwdg_init(uint8_t ctr, uint8_t wd, uint32_t prer, uint32_t mode)
  21:Drivers/BSP/WDG/wdg.c **** {
  95              		.loc 1 21 1 view -0
  96              		.cfi_startproc
  97              		@ args = 0, pretend = 0, frame = 0
ARM GAS  C:\Users\86184\AppData\Local\Temp\ccqjrmVk.s 			page 3


  98              		@ frame_needed = 0, uses_anonymous_args = 0
  99              		@ link register save eliminated.
  22:Drivers/BSP/WDG/wdg.c ****     g_wwdg_handle.Instance = WWDG;
 100              		.loc 1 22 5 view .LVU12
  21:Drivers/BSP/WDG/wdg.c ****     g_wwdg_handle.Instance = WWDG;
 101              		.loc 1 21 1 is_stmt 0 view .LVU13
 102 0000 10B4     		push	{r4}
 103              	.LCFI0:
 104              		.cfi_def_cfa_offset 4
 105              		.cfi_offset 4, -4
 106              		.loc 1 22 28 view .LVU14
 107 0002 054C     		ldr	r4, .L10
  23:Drivers/BSP/WDG/wdg.c ****     g_wwdg_handle.Init.Counter = ctr;
  24:Drivers/BSP/WDG/wdg.c ****     g_wwdg_handle.Init.Window = wd;
  25:Drivers/BSP/WDG/wdg.c ****     g_wwdg_handle.Init.Prescaler = prer;
  26:Drivers/BSP/WDG/wdg.c ****     g_wwdg_handle.Init.EWIMode = mode;
 108              		.loc 1 26 32 view .LVU15
 109 0004 2361     		str	r3, [r4, #16]
  22:Drivers/BSP/WDG/wdg.c ****     g_wwdg_handle.Init.Counter = ctr;
 110              		.loc 1 22 28 view .LVU16
 111 0006 054B     		ldr	r3, .L10+4
 112              	.LVL5:
  23:Drivers/BSP/WDG/wdg.c ****     g_wwdg_handle.Init.Counter = ctr;
 113              		.loc 1 23 32 view .LVU17
 114 0008 E060     		str	r0, [r4, #12]
  25:Drivers/BSP/WDG/wdg.c ****     g_wwdg_handle.Init.EWIMode = mode;
 115              		.loc 1 25 34 view .LVU18
 116 000a C4E90121 		strd	r2, r1, [r4, #4]
  27:Drivers/BSP/WDG/wdg.c ****     HAL_WWDG_Init(&g_wwdg_handle);
 117              		.loc 1 27 5 view .LVU19
 118 000e 2046     		mov	r0, r4
 119              	.LVL6:
  22:Drivers/BSP/WDG/wdg.c ****     g_wwdg_handle.Init.Counter = ctr;
 120              		.loc 1 22 28 view .LVU20
 121 0010 2360     		str	r3, [r4]
  23:Drivers/BSP/WDG/wdg.c ****     g_wwdg_handle.Init.Window = wd;
 122              		.loc 1 23 5 is_stmt 1 view .LVU21
  24:Drivers/BSP/WDG/wdg.c ****     g_wwdg_handle.Init.Prescaler = prer;
 123              		.loc 1 24 5 view .LVU22
  25:Drivers/BSP/WDG/wdg.c ****     g_wwdg_handle.Init.EWIMode = mode;
 124              		.loc 1 25 5 view .LVU23
  26:Drivers/BSP/WDG/wdg.c ****     HAL_WWDG_Init(&g_wwdg_handle);
 125              		.loc 1 26 5 view .LVU24
 126              		.loc 1 27 5 view .LVU25
  28:Drivers/BSP/WDG/wdg.c **** }
 127              		.loc 1 28 1 is_stmt 0 view .LVU26
 128 0012 10BC     		pop	{r4}
 129              	.LCFI1:
 130              		.cfi_restore 4
 131              		.cfi_def_cfa_offset 0
  27:Drivers/BSP/WDG/wdg.c **** }
 132              		.loc 1 27 5 view .LVU27
 133 0014 FFF7FEBF 		b	HAL_WWDG_Init
 134              	.LVL7:
 135              	.L11:
  27:Drivers/BSP/WDG/wdg.c **** }
 136              		.loc 1 27 5 view .LVU28
ARM GAS  C:\Users\86184\AppData\Local\Temp\ccqjrmVk.s 			page 4


 137              		.align	2
 138              	.L10:
 139 0018 00000000 		.word	g_wwdg_handle
 140 001c 002C0040 		.word	1073753088
 141              		.cfi_endproc
 142              	.LFE67:
 144              		.section	.text.HAL_WWDG_MspInit,"ax",%progbits
 145              		.align	1
 146              		.p2align 2,,3
 147              		.global	HAL_WWDG_MspInit
 148              		.syntax unified
 149              		.thumb
 150              		.thumb_func
 152              	HAL_WWDG_MspInit:
 153              	.LVL8:
 154              	.LFB68:
  29:Drivers/BSP/WDG/wdg.c **** 
  30:Drivers/BSP/WDG/wdg.c **** void HAL_WWDG_MspInit(WWDG_HandleTypeDef *hwwdg)
  31:Drivers/BSP/WDG/wdg.c **** {
 155              		.loc 1 31 1 is_stmt 1 view -0
 156              		.cfi_startproc
 157              		@ args = 0, pretend = 0, frame = 8
 158              		@ frame_needed = 0, uses_anonymous_args = 0
  32:Drivers/BSP/WDG/wdg.c ****     __HAL_RCC_WWDG_CLK_ENABLE();
 159              		.loc 1 32 5 view .LVU30
 160              	.LBB2:
 161              		.loc 1 32 5 view .LVU31
 162              		.loc 1 32 5 view .LVU32
 163 0000 0B4B     		ldr	r3, .L14
 164              	.LBE2:
  31:Drivers/BSP/WDG/wdg.c ****     __HAL_RCC_WWDG_CLK_ENABLE();
 165              		.loc 1 31 1 is_stmt 0 view .LVU33
 166 0002 00B5     		push	{lr}
 167              	.LCFI2:
 168              		.cfi_def_cfa_offset 4
 169              		.cfi_offset 14, -4
 170              	.LBB3:
 171              		.loc 1 32 5 view .LVU34
 172 0004 D969     		ldr	r1, [r3, #28]
 173              	.LBE3:
  31:Drivers/BSP/WDG/wdg.c ****     __HAL_RCC_WWDG_CLK_ENABLE();
 174              		.loc 1 31 1 view .LVU35
 175 0006 83B0     		sub	sp, sp, #12
 176              	.LCFI3:
 177              		.cfi_def_cfa_offset 16
 178              	.LBB4:
 179              		.loc 1 32 5 view .LVU36
 180 0008 41F40061 		orr	r1, r1, #2048
 181 000c D961     		str	r1, [r3, #28]
 182              		.loc 1 32 5 is_stmt 1 view .LVU37
 183 000e DB69     		ldr	r3, [r3, #28]
 184              	.LBE4:
  33:Drivers/BSP/WDG/wdg.c ****     HAL_NVIC_SetPriority(WWDG_IRQn, 2, 3);
 185              		.loc 1 33 5 is_stmt 0 view .LVU38
 186 0010 0020     		movs	r0, #0
 187              	.LVL9:
 188              	.LBB5:
ARM GAS  C:\Users\86184\AppData\Local\Temp\ccqjrmVk.s 			page 5


  32:Drivers/BSP/WDG/wdg.c ****     __HAL_RCC_WWDG_CLK_ENABLE();
 189              		.loc 1 32 5 view .LVU39
 190 0012 03F40063 		and	r3, r3, #2048
 191 0016 0193     		str	r3, [sp, #4]
  32:Drivers/BSP/WDG/wdg.c ****     __HAL_RCC_WWDG_CLK_ENABLE();
 192              		.loc 1 32 5 is_stmt 1 view .LVU40
 193              	.LBE5:
 194              		.loc 1 33 5 is_stmt 0 view .LVU41
 195 0018 0322     		movs	r2, #3
 196 001a 0221     		movs	r1, #2
 197              	.LBB6:
  32:Drivers/BSP/WDG/wdg.c ****     __HAL_RCC_WWDG_CLK_ENABLE();
 198              		.loc 1 32 5 view .LVU42
 199 001c 019B     		ldr	r3, [sp, #4]
 200              	.LBE6:
  32:Drivers/BSP/WDG/wdg.c ****     __HAL_RCC_WWDG_CLK_ENABLE();
 201              		.loc 1 32 5 is_stmt 1 view .LVU43
 202              		.loc 1 33 5 view .LVU44
 203 001e FFF7FEFF 		bl	HAL_NVIC_SetPriority
 204              	.LVL10:
  34:Drivers/BSP/WDG/wdg.c ****     HAL_NVIC_EnableIRQ(WWDG_IRQn);
 205              		.loc 1 34 5 view .LVU45
 206 0022 0020     		movs	r0, #0
  35:Drivers/BSP/WDG/wdg.c **** }
 207              		.loc 1 35 1 is_stmt 0 view .LVU46
 208 0024 03B0     		add	sp, sp, #12
 209              	.LCFI4:
 210              		.cfi_def_cfa_offset 4
 211              		@ sp needed
 212 0026 5DF804EB 		ldr	lr, [sp], #4
 213              	.LCFI5:
 214              		.cfi_restore 14
 215              		.cfi_def_cfa_offset 0
  34:Drivers/BSP/WDG/wdg.c ****     HAL_NVIC_EnableIRQ(WWDG_IRQn);
 216              		.loc 1 34 5 view .LVU47
 217 002a FFF7FEBF 		b	HAL_NVIC_EnableIRQ
 218              	.LVL11:
 219              	.L15:
 220 002e 00BF     		.align	2
 221              	.L14:
 222 0030 00100240 		.word	1073876992
 223              		.cfi_endproc
 224              	.LFE68:
 226              		.section	.text.WWDG_IRQHandler,"ax",%progbits
 227              		.align	1
 228              		.p2align 2,,3
 229              		.global	WWDG_IRQHandler
 230              		.syntax unified
 231              		.thumb
 232              		.thumb_func
 234              	WWDG_IRQHandler:
 235              	.LFB69:
  36:Drivers/BSP/WDG/wdg.c **** 
  37:Drivers/BSP/WDG/wdg.c **** void WWDG_IRQHandler()
  38:Drivers/BSP/WDG/wdg.c **** {
 236              		.loc 1 38 1 is_stmt 1 view -0
 237              		.cfi_startproc
ARM GAS  C:\Users\86184\AppData\Local\Temp\ccqjrmVk.s 			page 6


 238              		@ args = 0, pretend = 0, frame = 0
 239              		@ frame_needed = 0, uses_anonymous_args = 0
 240              		@ link register save eliminated.
  39:Drivers/BSP/WDG/wdg.c ****     HAL_WWDG_IRQHandler(&g_wwdg_handle);
 241              		.loc 1 39 5 view .LVU49
 242 0000 0148     		ldr	r0, .L17
 243 0002 FFF7FEBF 		b	HAL_WWDG_IRQHandler
 244              	.LVL12:
 245              	.L18:
 246 0006 00BF     		.align	2
 247              	.L17:
 248 0008 00000000 		.word	g_wwdg_handle
 249              		.cfi_endproc
 250              	.LFE69:
 252              		.section	.text.HAL_WWDG_EarlyWakeupCallback,"ax",%progbits
 253              		.align	1
 254              		.p2align 2,,3
 255              		.global	HAL_WWDG_EarlyWakeupCallback
 256              		.syntax unified
 257              		.thumb
 258              		.thumb_func
 260              	HAL_WWDG_EarlyWakeupCallback:
 261              	.LVL13:
 262              	.LFB70:
  40:Drivers/BSP/WDG/wdg.c **** }
  41:Drivers/BSP/WDG/wdg.c **** 
  42:Drivers/BSP/WDG/wdg.c **** 
  43:Drivers/BSP/WDG/wdg.c **** void HAL_WWDG_EarlyWakeupCallback(WWDG_HandleTypeDef *hwwdg)
  44:Drivers/BSP/WDG/wdg.c **** {
 263              		.loc 1 44 1 view -0
 264              		.cfi_startproc
 265              		@ args = 0, pretend = 0, frame = 0
 266              		@ frame_needed = 0, uses_anonymous_args = 0
  45:Drivers/BSP/WDG/wdg.c ****     HAL_WWDG_Refresh(hwwdg);
 267              		.loc 1 45 5 view .LVU51
  44:Drivers/BSP/WDG/wdg.c ****     HAL_WWDG_Refresh(hwwdg);
 268              		.loc 1 44 1 is_stmt 0 view .LVU52
 269 0000 08B5     		push	{r3, lr}
 270              	.LCFI6:
 271              		.cfi_def_cfa_offset 8
 272              		.cfi_offset 3, -8
 273              		.cfi_offset 14, -4
 274              		.loc 1 45 5 view .LVU53
 275 0002 FFF7FEFF 		bl	HAL_WWDG_Refresh
 276              	.LVL14:
  46:Drivers/BSP/WDG/wdg.c ****     LED0_TOGGLE();
 277              		.loc 1 46 5 is_stmt 1 view .LVU54
 278              		.loc 1 46 5 view .LVU55
  47:Drivers/BSP/WDG/wdg.c **** }
 279              		.loc 1 47 1 is_stmt 0 view .LVU56
 280 0006 BDE80840 		pop	{r3, lr}
 281              	.LCFI7:
 282              		.cfi_restore 14
 283              		.cfi_restore 3
 284              		.cfi_def_cfa_offset 0
  46:Drivers/BSP/WDG/wdg.c ****     LED0_TOGGLE();
 285              		.loc 1 46 5 view .LVU57
ARM GAS  C:\Users\86184\AppData\Local\Temp\ccqjrmVk.s 			page 7


 286 000a 2021     		movs	r1, #32
 287 000c 0148     		ldr	r0, .L21
 288 000e FFF7FEBF 		b	HAL_GPIO_TogglePin
 289              	.LVL15:
 290              	.L22:
 291 0012 00BF     		.align	2
 292              	.L21:
 293 0014 000C0140 		.word	1073810432
 294              		.cfi_endproc
 295              	.LFE70:
 297              		.global	g_wwdg_handle
 298              		.section	.bss.g_wwdg_handle,"aw",%nobits
 299              		.align	2
 302              	g_wwdg_handle:
 303 0000 00000000 		.space	20
 303      00000000 
 303      00000000 
 303      00000000 
 303      00000000 
 304              		.global	g_iwdg_handle
 305              		.section	.bss.g_iwdg_handle,"aw",%nobits
 306              		.align	2
 309              	g_iwdg_handle:
 310 0000 00000000 		.space	12
 310      00000000 
 310      00000000 
 311              		.text
 312              	.Letext0:
 313              		.file 2 "Drivers/CMSIS/Device/ST/STM32F1xx/Include/stm32f103xe.h"
 314              		.file 3 "d:\\appdev\\vsarm\\armcc\\arm-none-eabi\\include\\machine\\_default_types.h"
 315              		.file 4 "d:\\appdev\\vsarm\\armcc\\arm-none-eabi\\include\\sys\\_stdint.h"
 316              		.file 5 "Drivers/STM32F1xx_HAL_Driver/Inc/stm32f1xx_hal_def.h"
 317              		.file 6 "Drivers/STM32F1xx_HAL_Driver/Inc/stm32f1xx_hal_iwdg.h"
 318              		.file 7 "Drivers/STM32F1xx_HAL_Driver/Inc/stm32f1xx_hal_wwdg.h"
 319              		.file 8 "Drivers/./BSP/WDG/wdg.h"
 320              		.file 9 "Drivers/STM32F1xx_HAL_Driver/Inc/stm32f1xx_hal_gpio.h"
 321              		.file 10 "Drivers/STM32F1xx_HAL_Driver/Inc/stm32f1xx_hal_cortex.h"
ARM GAS  C:\Users\86184\AppData\Local\Temp\ccqjrmVk.s 			page 8


DEFINED SYMBOLS
                            *ABS*:00000000 wdg.c
C:\Users\86184\AppData\Local\Temp\ccqjrmVk.s:19     .text.iwdg_init:00000000 $t
C:\Users\86184\AppData\Local\Temp\ccqjrmVk.s:26     .text.iwdg_init:00000000 iwdg_init
C:\Users\86184\AppData\Local\Temp\ccqjrmVk.s:53     .text.iwdg_init:00000010 $d
C:\Users\86184\AppData\Local\Temp\ccqjrmVk.s:309    .bss.g_iwdg_handle:00000000 g_iwdg_handle
C:\Users\86184\AppData\Local\Temp\ccqjrmVk.s:59     .text.iwdg_feed:00000000 $t
C:\Users\86184\AppData\Local\Temp\ccqjrmVk.s:66     .text.iwdg_feed:00000000 iwdg_feed
C:\Users\86184\AppData\Local\Temp\ccqjrmVk.s:80     .text.iwdg_feed:00000008 $d
C:\Users\86184\AppData\Local\Temp\ccqjrmVk.s:85     .text.wwdg_init:00000000 $t
C:\Users\86184\AppData\Local\Temp\ccqjrmVk.s:92     .text.wwdg_init:00000000 wwdg_init
C:\Users\86184\AppData\Local\Temp\ccqjrmVk.s:139    .text.wwdg_init:00000018 $d
C:\Users\86184\AppData\Local\Temp\ccqjrmVk.s:302    .bss.g_wwdg_handle:00000000 g_wwdg_handle
C:\Users\86184\AppData\Local\Temp\ccqjrmVk.s:145    .text.HAL_WWDG_MspInit:00000000 $t
C:\Users\86184\AppData\Local\Temp\ccqjrmVk.s:152    .text.HAL_WWDG_MspInit:00000000 HAL_WWDG_MspInit
C:\Users\86184\AppData\Local\Temp\ccqjrmVk.s:222    .text.HAL_WWDG_MspInit:00000030 $d
C:\Users\86184\AppData\Local\Temp\ccqjrmVk.s:227    .text.WWDG_IRQHandler:00000000 $t
C:\Users\86184\AppData\Local\Temp\ccqjrmVk.s:234    .text.WWDG_IRQHandler:00000000 WWDG_IRQHandler
C:\Users\86184\AppData\Local\Temp\ccqjrmVk.s:248    .text.WWDG_IRQHandler:00000008 $d
C:\Users\86184\AppData\Local\Temp\ccqjrmVk.s:253    .text.HAL_WWDG_EarlyWakeupCallback:00000000 $t
C:\Users\86184\AppData\Local\Temp\ccqjrmVk.s:260    .text.HAL_WWDG_EarlyWakeupCallback:00000000 HAL_WWDG_EarlyWakeupCallback
C:\Users\86184\AppData\Local\Temp\ccqjrmVk.s:293    .text.HAL_WWDG_EarlyWakeupCallback:00000014 $d
C:\Users\86184\AppData\Local\Temp\ccqjrmVk.s:299    .bss.g_wwdg_handle:00000000 $d
C:\Users\86184\AppData\Local\Temp\ccqjrmVk.s:306    .bss.g_iwdg_handle:00000000 $d

UNDEFINED SYMBOLS
HAL_IWDG_Init
HAL_IWDG_Refresh
HAL_WWDG_Init
HAL_NVIC_SetPriority
HAL_NVIC_EnableIRQ
HAL_WWDG_IRQHandler
HAL_WWDG_Refresh
HAL_GPIO_TogglePin
